[ 2014-04-29T10:16:28+08:00 ] 0.0.0.0 /vegbasket/admin.php
INFO: [ app_begin ] --START--
INFO: ReadHtmlCache Behavior ::run [ RunTime:0.006141s ]
INFO: [ app_begin ] --END-- [ RunTime:0.006304s ]
NOTIC: [8] A session had already been started - ignoring session_start() C:\inetpub\wwwroot\vegbasket\admin\Lib\Action\IndexAction.class.php 第 12 行.
INFO: [ view_parse ] --START--
INFO: ParseTemplate Behavior ::run [ RunTime:0.061404s ]
INFO: [ view_parse ] --END-- [ RunTime:0.061542s ]
INFO: [ view_filter ] --START--
INFO: ContentReplace Behavior ::run [ RunTime:0.003897s ]
INFO: TokenBuild Behavior ::run [ RunTime:0.003972s ]
INFO: WriteHtmlCache Behavior ::run [ RunTime:0.004546s ]
INFO: ShowRuntime Behavior ::run [ RunTime:0.004651s ]
INFO: [ view_filter ] --END-- [ RunTime:0.017405s ]
INFO: [ view_end ] --START--
INFO: ShowPageTrace Behavior ::run [ RunTime:0.005163s ]
INFO: [ view_end ] --END-- [ RunTime:0.005269s ]

[ 2014-04-29T10:16:29+08:00 ] 0.0.0.0 /vegbasket/admin.php/Index/top.html
INFO: [ route_check ] --START--
INFO: CheckRoute Behavior ::run [ RunTime:0.014746s ]
INFO: [ route_check ] --END-- [ RunTime:0.014921s ]
INFO: [ app_begin ] --START--
INFO: ReadHtmlCache Behavior ::run [ RunTime:0.003788s ]
INFO: [ app_begin ] --END-- [ RunTime:0.004327s ]
NOTIC: [8] Constant THEME_NAME already defined C:\inetpub\wwwroot\vegbasket\ThinkPHP\Lib\Core\View.class.php 第 223 行.
NOTIC: [8] Constant THEME_PATH already defined C:\inetpub\wwwroot\vegbasket\ThinkPHP\Lib\Core\View.class.php 第 174 行.
NOTIC: [8] Constant APP_TMPL_PATH already defined C:\inetpub\wwwroot\vegbasket\ThinkPHP\Lib\Core\View.class.php 第 175 行.
INFO: [ view_parse ] --START--
INFO: ParseTemplate Behavior ::run [ RunTime:0.153701s ]
INFO: [ view_parse ] --END-- [ RunTime:0.153843s ]
INFO: [ view_filter ] --START--
INFO: ContentReplace Behavior ::run [ RunTime:0.006085s ]
INFO: TokenBuild Behavior ::run [ RunTime:0.003696s ]
INFO: WriteHtmlCache Behavior ::run [ RunTime:0.004132s ]
INFO: ShowRuntime Behavior ::run [ RunTime:0.003581s ]
INFO: [ view_filter ] --END-- [ RunTime:0.019304s ]
INFO: [ view_end ] --START--
INFO: ShowPageTrace Behavior ::run [ RunTime:0.007753s ]
INFO: [ view_end ] --END-- [ RunTime:0.007866s ]

[ 2014-04-29T10:16:29+08:00 ] 0.0.0.0 /vegbasket/admin.php/Index/left.html
INFO: [ route_check ] --START--
INFO: CheckRoute Behavior ::run [ RunTime:0.002930s ]
INFO: [ route_check ] --END-- [ RunTime:0.003187s ]
INFO: [ app_begin ] --START--
INFO: ReadHtmlCache Behavior ::run [ RunTime:0.001718s ]
INFO: [ app_begin ] --END-- [ RunTime:0.001834s ]
NOTIC: [8] Constant THEME_NAME already defined C:\inetpub\wwwroot\vegbasket\ThinkPHP\Lib\Core\View.class.php 第 223 行.
NOTIC: [8] Constant THEME_PATH already defined C:\inetpub\wwwroot\vegbasket\ThinkPHP\Lib\Core\View.class.php 第 174 行.
NOTIC: [8] Constant APP_TMPL_PATH already defined C:\inetpub\wwwroot\vegbasket\ThinkPHP\Lib\Core\View.class.php 第 175 行.
INFO: [ view_parse ] --START--
INFO: ParseTemplate Behavior ::run [ RunTime:0.044246s ]
INFO: [ view_parse ] --END-- [ RunTime:0.044431s ]
INFO: [ view_filter ] --START--
INFO: ContentReplace Behavior ::run [ RunTime:0.057456s ]
INFO: TokenBuild Behavior ::run [ RunTime:0.002545s ]
INFO: WriteHtmlCache Behavior ::run [ RunTime:0.002334s ]
INFO: ShowRuntime Behavior ::run [ RunTime:0.006976s ]
INFO: [ view_filter ] --END-- [ RunTime:0.071141s ]
INFO: [ view_end ] --START--
INFO: ShowPageTrace Behavior ::run [ RunTime:0.003847s ]
INFO: [ view_end ] --END-- [ RunTime:0.003962s ]

[ 2014-04-29T10:16:29+08:00 ] 0.0.0.0 /vegbasket/admin.php/Webconfig/index.html
INFO: [ route_check ] --START--
INFO: CheckRoute Behavior ::run [ RunTime:0.009878s ]
INFO: [ route_check ] --END-- [ RunTime:0.010039s ]
INFO: [ app_begin ] --START--
INFO: ReadHtmlCache Behavior ::run [ RunTime:0.047750s ]
INFO: [ app_begin ] --END-- [ RunTime:0.047889s ]
NOTIC: [8] A session had already been started - ignoring session_start() C:\inetpub\wwwroot\vegbasket\login.inc.php 第 2 行.
INFO: [ view_parse ] --START--
INFO: ParseTemplate Behavior ::run [ RunTime:0.089000s ]
INFO: [ view_parse ] --END-- [ RunTime:0.089145s ]
INFO: [ view_filter ] --START--
INFO: ContentReplace Behavior ::run [ RunTime:0.003358s ]
INFO: TokenBuild Behavior ::run [ RunTime:0.003967s ]
INFO: WriteHtmlCache Behavior ::run [ RunTime:0.004112s ]
INFO: ShowRuntime Behavior ::run [ RunTime:0.004203s ]
INFO: [ view_filter ] --END-- [ RunTime:0.015962s ]
INFO: [ view_end ] --START--
INFO: ShowPageTrace Behavior ::run [ RunTime:0.003837s ]
INFO: [ view_end ] --END-- [ RunTime:0.003964s ]

[ 2014-04-29T10:16:33+08:00 ] 0.0.0.0 /vegbasket/admin.php/Login/outlogin.html
INFO: [ route_check ] --START--
INFO: CheckRoute Behavior ::run [ RunTime:0.005166s ]
INFO: [ route_check ] --END-- [ RunTime:0.005334s ]
INFO: [ app_begin ] --START--
INFO: ReadHtmlCache Behavior ::run [ RunTime:0.011729s ]
INFO: [ app_begin ] --END-- [ RunTime:0.012147s ]
NOTIC: [8] A session had already been started - ignoring session_start() C:\inetpub\wwwroot\vegbasket\admin\Lib\Action\LoginAction.class.php 第 49 行.

[ 2014-04-29T10:16:34+08:00 ] 0.0.0.0 /vegbasket/admin.php/Login
INFO: [ route_check ] --START--
INFO: CheckRoute Behavior ::run [ RunTime:0.009841s ]
INFO: [ route_check ] --END-- [ RunTime:0.009980s ]
INFO: [ app_begin ] --START--
INFO: ReadHtmlCache Behavior ::run [ RunTime:0.004700s ]
INFO: [ app_begin ] --END-- [ RunTime:0.004834s ]
INFO: [ view_parse ] --START--
INFO: ParseTemplate Behavior ::run [ RunTime:0.031568s ]
INFO: [ view_parse ] --END-- [ RunTime:0.031680s ]
INFO: [ view_filter ] --START--
INFO: ContentReplace Behavior ::run [ RunTime:0.002484s ]
INFO: TokenBuild Behavior ::run [ RunTime:0.002117s ]
INFO: WriteHtmlCache Behavior ::run [ RunTime:0.002724s ]
INFO: ShowRuntime Behavior ::run [ RunTime:0.003163s ]
INFO: [ view_filter ] --END-- [ RunTime:0.011004s ]
INFO: [ view_end ] --START--
INFO: ShowPageTrace Behavior ::run [ RunTime:0.002899s ]
INFO: [ view_end ] --END-- [ RunTime:0.002996s ]

[ 2014-04-29T10:16:35+08:00 ] 0.0.0.0 /vegbasket/admin.php/Login/verify
INFO: [ route_check ] --START--
INFO: CheckRoute Behavior ::run [ RunTime:0.003607s ]
INFO: [ route_check ] --END-- [ RunTime:0.003740s ]
INFO: [ app_begin ] --START--
INFO: ReadHtmlCache Behavior ::run [ RunTime:0.002603s ]
INFO: [ app_begin ] --END-- [ RunTime:0.002725s ]

[ 2014-04-29T10:16:49+08:00 ] 0.0.0.0 /vegbasket/admin.php/Login/check
INFO: [ route_check ] --START--
INFO: CheckRoute Behavior ::run [ RunTime:0.002568s ]
INFO: [ route_check ] --END-- [ RunTime:0.002682s ]
INFO: [ app_begin ] --START--
INFO: ReadHtmlCache Behavior ::run [ RunTime:0.002578s ]
INFO: [ app_begin ] --END-- [ RunTime:0.002673s ]
SQL: SHOW COLUMNS FROM `admin` [ RunTime:0.269302s ]
SQL: SELECT `admin_pwd`,`admin_name` FROM `admin` WHERE ( admin_name="admin" ) LIMIT 1   [ RunTime:0.001589s ]
NOTIC: [8] A session had already been started - ignoring session_start() C:\inetpub\wwwroot\vegbasket\admin\Lib\Action\LoginAction.class.php 第 35 行.

[ 2014-04-29T10:16:51+08:00 ] 0.0.0.0 /vegbasket/admin.php/Login/index.html
INFO: [ route_check ] --START--
INFO: CheckRoute Behavior ::run [ RunTime:0.003232s ]
INFO: [ route_check ] --END-- [ RunTime:0.003372s ]
INFO: [ app_begin ] --START--
INFO: ReadHtmlCache Behavior ::run [ RunTime:0.002426s ]
INFO: [ app_begin ] --END-- [ RunTime:0.002796s ]
INFO: [ view_parse ] --START--
INFO: ParseTemplate Behavior ::run [ RunTime:0.022304s ]
INFO: [ view_parse ] --END-- [ RunTime:0.022418s ]
INFO: [ view_filter ] --START--
INFO: ContentReplace Behavior ::run [ RunTime:0.002740s ]
INFO: TokenBuild Behavior ::run [ RunTime:0.002145s ]
INFO: WriteHtmlCache Behavior ::run [ RunTime:0.002018s ]
INFO: ShowRuntime Behavior ::run [ RunTime:0.004622s ]
INFO: [ view_filter ] --END-- [ RunTime:0.011976s ]
INFO: [ view_end ] --START--
INFO: ShowPageTrace Behavior ::run [ RunTime:0.002768s ]
INFO: [ view_end ] --END-- [ RunTime:0.002861s ]

[ 2014-04-29T10:16:51+08:00 ] 0.0.0.0 /vegbasket/admin.php/Login/verify
INFO: [ route_check ] --START--
INFO: CheckRoute Behavior ::run [ RunTime:0.003173s ]
INFO: [ route_check ] --END-- [ RunTime:0.003294s ]
INFO: [ app_begin ] --START--
INFO: ReadHtmlCache Behavior ::run [ RunTime:0.002422s ]
INFO: [ app_begin ] --END-- [ RunTime:0.002530s ]

[ 2014-04-29T10:18:53+08:00 ] 0.0.0.0 /vegbasket/admin.php/Login/index.html
INFO: [ route_check ] --START--
INFO: CheckRoute Behavior ::run [ RunTime:0.004453s ]
INFO: [ route_check ] --END-- [ RunTime:0.004601s ]
INFO: [ app_begin ] --START--
INFO: ReadHtmlCache Behavior ::run [ RunTime:0.003195s ]
INFO: [ app_begin ] --END-- [ RunTime:0.003315s ]
INFO: [ view_parse ] --START--
INFO: ParseTemplate Behavior ::run [ RunTime:0.030414s ]
INFO: [ view_parse ] --END-- [ RunTime:0.030527s ]
INFO: [ view_filter ] --START--
INFO: ContentReplace Behavior ::run [ RunTime:0.002300s ]
INFO: TokenBuild Behavior ::run [ RunTime:0.005721s ]
INFO: WriteHtmlCache Behavior ::run [ RunTime:0.002527s ]
INFO: ShowRuntime Behavior ::run [ RunTime:0.002267s ]
INFO: [ view_filter ] --END-- [ RunTime:0.013122s ]
INFO: [ view_end ] --START--
INFO: ShowPageTrace Behavior ::run [ RunTime:0.002548s ]
INFO: [ view_end ] --END-- [ RunTime:0.002645s ]

[ 2014-04-29T10:18:54+08:00 ] 0.0.0.0 /vegbasket/admin.php/Login/verify
INFO: [ route_check ] --START--
INFO: CheckRoute Behavior ::run [ RunTime:0.002934s ]
INFO: [ route_check ] --END-- [ RunTime:0.003057s ]
INFO: [ app_begin ] --START--
INFO: ReadHtmlCache Behavior ::run [ RunTime:0.003040s ]
INFO: [ app_begin ] --END-- [ RunTime:0.003149s ]

[ 2014-04-29T10:18:57+08:00 ] 0.0.0.0 /vegbasket/admin.php/Login/
INFO: [ route_check ] --START--
INFO: CheckRoute Behavior ::run [ RunTime:0.003838s ]
INFO: [ route_check ] --END-- [ RunTime:0.004533s ]
INFO: [ app_begin ] --START--
INFO: ReadHtmlCache Behavior ::run [ RunTime:0.004277s ]
INFO: [ app_begin ] --END-- [ RunTime:0.004400s ]
INFO: [ view_parse ] --START--
INFO: ParseTemplate Behavior ::run [ RunTime:0.027735s ]
INFO: [ view_parse ] --END-- [ RunTime:0.027843s ]
INFO: [ view_filter ] --START--
INFO: ContentReplace Behavior ::run [ RunTime:0.002075s ]
INFO: TokenBuild Behavior ::run [ RunTime:0.007217s ]
INFO: WriteHtmlCache Behavior ::run [ RunTime:0.002217s ]
INFO: ShowRuntime Behavior ::run [ RunTime:0.003132s ]
INFO: [ view_filter ] --END-- [ RunTime:0.014925s ]
INFO: [ view_end ] --START--
INFO: ShowPageTrace Behavior ::run [ RunTime:0.002580s ]
INFO: [ view_end ] --END-- [ RunTime:0.002671s ]

[ 2014-04-29T10:18:57+08:00 ] 0.0.0.0 /vegbasket/admin.php/Login/verify
INFO: [ route_check ] --START--
INFO: CheckRoute Behavior ::run [ RunTime:0.004723s ]
INFO: [ route_check ] --END-- [ RunTime:0.004902s ]
INFO: [ app_begin ] --START--
INFO: ReadHtmlCache Behavior ::run [ RunTime:0.006503s ]
INFO: [ app_begin ] --END-- [ RunTime:0.006614s ]

[ 2014-04-29T10:19:07+08:00 ] 0.0.0.0 /vegbasket/admin.php/Login/check
INFO: [ route_check ] --START--
INFO: CheckRoute Behavior ::run [ RunTime:0.003059s ]
INFO: [ route_check ] --END-- [ RunTime:0.003172s ]
INFO: [ app_begin ] --START--
INFO: ReadHtmlCache Behavior ::run [ RunTime:0.002397s ]
INFO: [ app_begin ] --END-- [ RunTime:0.002493s ]
SQL: SHOW COLUMNS FROM `admin` [ RunTime:0.010356s ]
SQL: SELECT `admin_pwd`,`admin_name` FROM `admin` WHERE ( admin_name="admin" ) LIMIT 1   [ RunTime:0.001256s ]
NOTIC: [8] A session had already been started - ignoring session_start() C:\inetpub\wwwroot\vegbasket\admin\Lib\Action\LoginAction.class.php 第 35 行.

[ 2014-04-29T10:19:10+08:00 ] 0.0.0.0 /vegbasket/admin.php/Login/check.html
INFO: [ route_check ] --START--
INFO: CheckRoute Behavior ::run [ RunTime:0.003577s ]
INFO: [ route_check ] --END-- [ RunTime:0.003715s ]
INFO: [ app_begin ] --START--
INFO: ReadHtmlCache Behavior ::run [ RunTime:0.004198s ]
INFO: [ app_begin ] --END-- [ RunTime:0.004326s ]
SQL: SHOW COLUMNS FROM `admin` [ RunTime:0.009699s ]
SQL: SELECT `admin_pwd`,`admin_name` FROM `admin` WHERE ( admin_name="admin" ) LIMIT 1   [ RunTime:0.001048s ]
NOTIC: [8] A session had already been started - ignoring session_start() C:\inetpub\wwwroot\vegbasket\admin\Lib\Action\LoginAction.class.php 第 35 行.

[ 2014-04-29T10:19:10+08:00 ] 0.0.0.0 /vegbasket/admin.php
INFO: [ app_begin ] --START--
INFO: ReadHtmlCache Behavior ::run [ RunTime:0.003928s ]
INFO: [ app_begin ] --END-- [ RunTime:0.004057s ]
NOTIC: [8] A session had already been started - ignoring session_start() C:\inetpub\wwwroot\vegbasket\admin\Lib\Action\IndexAction.class.php 第 12 行.
INFO: [ view_parse ] --START--
INFO: ParseTemplate Behavior ::run [ RunTime:0.022648s ]
INFO: [ view_parse ] --END-- [ RunTime:0.022762s ]
INFO: [ view_filter ] --START--
INFO: ContentReplace Behavior ::run [ RunTime:0.001903s ]
INFO: TokenBuild Behavior ::run [ RunTime:0.002231s ]
INFO: WriteHtmlCache Behavior ::run [ RunTime:0.002360s ]
INFO: ShowRuntime Behavior ::run [ RunTime:0.003596s ]
INFO: [ view_filter ] --END-- [ RunTime:0.010382s ]
INFO: [ view_end ] --START--
INFO: ShowPageTrace Behavior ::run [ RunTime:0.005856s ]
INFO: [ view_end ] --END-- [ RunTime:0.005967s ]

[ 2014-04-29T10:19:11+08:00 ] 0.0.0.0 /vegbasket/admin.php/Index/left.html
INFO: [ route_check ] --START--
INFO: CheckRoute Behavior ::run [ RunTime:0.003039s ]
INFO: [ route_check ] --END-- [ RunTime:0.003161s ]
INFO: [ app_begin ] --START--
INFO: ReadHtmlCache Behavior ::run [ RunTime:0.002527s ]
INFO: [ app_begin ] --END-- [ RunTime:0.002635s ]
NOTIC: [8] Constant THEME_NAME already defined C:\inetpub\wwwroot\vegbasket\ThinkPHP\Lib\Core\View.class.php 第 223 行.
NOTIC: [8] Constant THEME_PATH already defined C:\inetpub\wwwroot\vegbasket\ThinkPHP\Lib\Core\View.class.php 第 174 行.
NOTIC: [8] Constant APP_TMPL_PATH already defined C:\inetpub\wwwroot\vegbasket\ThinkPHP\Lib\Core\View.class.php 第 175 行.
INFO: [ view_parse ] --START--
INFO: ParseTemplate Behavior ::run [ RunTime:0.034730s ]
INFO: [ view_parse ] --END-- [ RunTime:0.034844s ]
INFO: [ view_filter ] --START--
INFO: ContentReplace Behavior ::run [ RunTime:0.002184s ]
INFO: TokenBuild Behavior ::run [ RunTime:0.021089s ]
INFO: WriteHtmlCache Behavior ::run [ RunTime:0.009430s ]
INFO: ShowRuntime Behavior ::run [ RunTime:0.003185s ]
INFO: [ view_filter ] --END-- [ RunTime:0.036176s ]
INFO: [ view_end ] --START--
INFO: ShowPageTrace Behavior ::run [ RunTime:0.003027s ]
INFO: [ view_end ] --END-- [ RunTime:0.003124s ]

[ 2014-04-29T10:19:11+08:00 ] 0.0.0.0 /vegbasket/admin.php/Index/top.html
INFO: [ route_check ] --START--
INFO: CheckRoute Behavior ::run [ RunTime:0.009364s ]
INFO: [ route_check ] --END-- [ RunTime:0.009616s ]
INFO: [ app_begin ] --START--
INFO: ReadHtmlCache Behavior ::run [ RunTime:0.008024s ]
INFO: [ app_begin ] --END-- [ RunTime:0.008151s ]
NOTIC: [8] Constant THEME_NAME already defined C:\inetpub\wwwroot\vegbasket\ThinkPHP\Lib\Core\View.class.php 第 223 行.
NOTIC: [8] Constant THEME_PATH already defined C:\inetpub\wwwroot\vegbasket\ThinkPHP\Lib\Core\View.class.php 第 174 行.
NOTIC: [8] Constant APP_TMPL_PATH already defined C:\inetpub\wwwroot\vegbasket\ThinkPHP\Lib\Core\View.class.php 第 175 行.
INFO: [ view_parse ] --START--
INFO: ParseTemplate Behavior ::run [ RunTime:0.073537s ]
INFO: [ view_parse ] --END-- [ RunTime:0.073652s ]
INFO: [ view_filter ] --START--
INFO: ContentReplace Behavior ::run [ RunTime:0.002128s ]
INFO: TokenBuild Behavior ::run [ RunTime:0.001893s ]
INFO: WriteHtmlCache Behavior ::run [ RunTime:0.006481s ]
INFO: ShowRuntime Behavior ::run [ RunTime:0.002497s ]
INFO: [ view_filter ] --END-- [ RunTime:0.013841s ]
INFO: [ view_end ] --START--
INFO: ShowPageTrace Behavior ::run [ RunTime:0.003330s ]
INFO: [ view_end ] --END-- [ RunTime:0.003435s ]

[ 2014-04-29T10:19:11+08:00 ] 0.0.0.0 /vegbasket/admin.php/Webconfig/index.html
INFO: [ route_check ] --START--
INFO: CheckRoute Behavior ::run [ RunTime:0.002855s ]
INFO: [ route_check ] --END-- [ RunTime:0.002982s ]
INFO: [ app_begin ] --START--
INFO: ReadHtmlCache Behavior ::run [ RunTime:0.003001s ]
INFO: [ app_begin ] --END-- [ RunTime:0.003117s ]
NOTIC: [8] A session had already been started - ignoring session_start() C:\inetpub\wwwroot\vegbasket\login.inc.php 第 2 行.
INFO: [ view_parse ] --START--
INFO: ParseTemplate Behavior ::run [ RunTime:0.027147s ]
INFO: [ view_parse ] --END-- [ RunTime:0.027471s ]
INFO: [ view_filter ] --START--
INFO: ContentReplace Behavior ::run [ RunTime:0.002699s ]
INFO: TokenBuild Behavior ::run [ RunTime:0.018450s ]
INFO: WriteHtmlCache Behavior ::run [ RunTime:0.005142s ]
INFO: ShowRuntime Behavior ::run [ RunTime:0.003573s ]
INFO: [ view_filter ] --END-- [ RunTime:0.031946s ]
INFO: [ view_end ] --START--
INFO: ShowPageTrace Behavior ::run [ RunTime:0.008058s ]
INFO: [ view_end ] --END-- [ RunTime:0.008166s ]

[ 2014-04-29T10:19:21+08:00 ] 0.0.0.0 /vegbasket/admin.php/Login
INFO: [ route_check ] --START--
INFO: CheckRoute Behavior ::run [ RunTime:0.004336s ]
INFO: [ route_check ] --END-- [ RunTime:0.004500s ]
INFO: [ app_begin ] --START--
INFO: ReadHtmlCache Behavior ::run [ RunTime:0.003484s ]
INFO: [ app_begin ] --END-- [ RunTime:0.003620s ]
INFO: [ view_parse ] --START--
INFO: ParseTemplate Behavior ::run [ RunTime:0.032550s ]
INFO: [ view_parse ] --END-- [ RunTime:0.032678s ]
INFO: [ view_filter ] --START--
INFO: ContentReplace Behavior ::run [ RunTime:0.010022s ]
INFO: TokenBuild Behavior ::run [ RunTime:0.002781s ]
INFO: WriteHtmlCache Behavior ::run [ RunTime:0.002741s ]
INFO: ShowRuntime Behavior ::run [ RunTime:0.004467s ]
INFO: [ view_filter ] --END-- [ RunTime:0.020319s ]
INFO: [ view_end ] --START--
INFO: ShowPageTrace Behavior ::run [ RunTime:0.005937s ]
INFO: [ view_end ] --END-- [ RunTime:0.006040s ]

[ 2014-04-29T10:19:21+08:00 ] 0.0.0.0 /vegbasket/admin.php/Login/verify
INFO: [ route_check ] --START--
INFO: CheckRoute Behavior ::run [ RunTime:0.006084s ]
INFO: [ route_check ] --END-- [ RunTime:0.006212s ]
INFO: [ app_begin ] --START--
INFO: ReadHtmlCache Behavior ::run [ RunTime:0.002614s ]
INFO: [ app_begin ] --END-- [ RunTime:0.002724s ]

[ 2014-04-29T10:19:46+08:00 ] 0.0.0.0 /vegbasket/admin.php
INFO: [ app_begin ] --START--
INFO: ReadHtmlCache Behavior ::run [ RunTime:0.003606s ]
INFO: [ app_begin ] --END-- [ RunTime:0.003952s ]
NOTIC: [8] A session had already been started - ignoring session_start() C:\inetpub\wwwroot\vegbasket\admin\Lib\Action\IndexAction.class.php 第 12 行.
INFO: [ view_parse ] --START--
INFO: ParseTemplate Behavior ::run [ RunTime:0.020041s ]
INFO: [ view_parse ] --END-- [ RunTime:0.020165s ]
INFO: [ view_filter ] --START--
INFO: ContentReplace Behavior ::run [ RunTime:0.004350s ]
INFO: TokenBuild Behavior ::run [ RunTime:0.004567s ]
INFO: WriteHtmlCache Behavior ::run [ RunTime:0.002953s ]
INFO: ShowRuntime Behavior ::run [ RunTime:0.003350s ]
INFO: [ view_filter ] --END-- [ RunTime:0.015543s ]
INFO: [ view_end ] --START--
INFO: ShowPageTrace Behavior ::run [ RunTime:0.003488s ]
INFO: [ view_end ] --END-- [ RunTime:0.003582s ]

[ 2014-04-29T10:19:46+08:00 ] 0.0.0.0 /vegbasket/admin.php/Webconfig/index.html
INFO: [ route_check ] --START--
INFO: CheckRoute Behavior ::run [ RunTime:0.003286s ]
INFO: [ route_check ] --END-- [ RunTime:0.003413s ]
INFO: [ app_begin ] --START--
INFO: ReadHtmlCache Behavior ::run [ RunTime:0.001286s ]
INFO: [ app_begin ] --END-- [ RunTime:0.001402s ]
NOTIC: [8] A session had already been started - ignoring session_start() C:\inetpub\wwwroot\vegbasket\login.inc.php 第 2 行.
INFO: [ view_parse ] --START--
INFO: ParseTemplate Behavior ::run [ RunTime:0.027067s ]
INFO: [ view_parse ] --END-- [ RunTime:0.027209s ]
INFO: [ view_filter ] --START--
INFO: ContentReplace Behavior ::run [ RunTime:0.003973s ]
INFO: TokenBuild Behavior ::run [ RunTime:0.002628s ]
INFO: WriteHtmlCache Behavior ::run [ RunTime:0.002564s ]
INFO: ShowRuntime Behavior ::run [ RunTime:0.002938s ]
INFO: [ view_filter ] --END-- [ RunTime:0.012536s ]
INFO: [ view_end ] --START--
INFO: ShowPageTrace Behavior ::run [ RunTime:0.009078s ]
INFO: [ view_end ] --END-- [ RunTime:0.009178s ]

[ 2014-04-29T10:19:46+08:00 ] 0.0.0.0 /vegbasket/admin.php/Index/left.html
INFO: [ route_check ] --START--
INFO: CheckRoute Behavior ::run [ RunTime:0.003228s ]
INFO: [ route_check ] --END-- [ RunTime:0.003355s ]
INFO: [ app_begin ] --START--
INFO: ReadHtmlCache Behavior ::run [ RunTime:0.003146s ]
INFO: [ app_begin ] --END-- [ RunTime:0.003267s ]
NOTIC: [8] Constant THEME_NAME already defined C:\inetpub\wwwroot\vegbasket\ThinkPHP\Lib\Core\View.class.php 第 223 行.
NOTIC: [8] Constant THEME_PATH already defined C:\inetpub\wwwroot\vegbasket\ThinkPHP\Lib\Core\View.class.php 第 174 行.
NOTIC: [8] Constant APP_TMPL_PATH already defined C:\inetpub\wwwroot\vegbasket\ThinkPHP\Lib\Core\View.class.php 第 175 行.
INFO: [ view_parse ] --START--
INFO: ParseTemplate Behavior ::run [ RunTime:0.030658s ]
INFO: [ view_parse ] --END-- [ RunTime:0.030775s ]
INFO: [ view_filter ] --START--
INFO: ContentReplace Behavior ::run [ RunTime:0.002563s ]
INFO: TokenBuild Behavior ::run [ RunTime:0.036634s ]
INFO: WriteHtmlCache Behavior ::run [ RunTime:0.006251s ]
INFO: ShowRuntime Behavior ::run [ RunTime:0.004071s ]
INFO: [ view_filter ] --END-- [ RunTime:0.050300s ]
INFO: [ view_end ] --START--
INFO: ShowPageTrace Behavior ::run [ RunTime:0.003028s ]
INFO: [ view_end ] --END-- [ RunTime:0.003124s ]

[ 2014-04-29T10:19:46+08:00 ] 0.0.0.0 /vegbasket/admin.php/Index/top.html
INFO: [ route_check ] --START--
INFO: CheckRoute Behavior ::run [ RunTime:0.001548s ]
INFO: [ route_check ] --END-- [ RunTime:0.001673s ]
INFO: [ app_begin ] --START--
INFO: ReadHtmlCache Behavior ::run [ RunTime:0.027432s ]
INFO: [ app_begin ] --END-- [ RunTime:0.027585s ]
NOTIC: [8] Constant THEME_NAME already defined C:\inetpub\wwwroot\vegbasket\ThinkPHP\Lib\Core\View.class.php 第 223 行.
NOTIC: [8] Constant THEME_PATH already defined C:\inetpub\wwwroot\vegbasket\ThinkPHP\Lib\Core\View.class.php 第 174 行.
NOTIC: [8] Constant APP_TMPL_PATH already defined C:\inetpub\wwwroot\vegbasket\ThinkPHP\Lib\Core\View.class.php 第 175 行.
INFO: [ view_parse ] --START--
INFO: ParseTemplate Behavior ::run [ RunTime:0.029402s ]
INFO: [ view_parse ] --END-- [ RunTime:0.029548s ]
INFO: [ view_filter ] --START--
INFO: ContentReplace Behavior ::run [ RunTime:0.002799s ]
INFO: TokenBuild Behavior ::run [ RunTime:0.022522s ]
INFO: WriteHtmlCache Behavior ::run [ RunTime:0.001905s ]
INFO: ShowRuntime Behavior ::run [ RunTime:0.003312s ]
INFO: [ view_filter ] --END-- [ RunTime:0.030859s ]
INFO: [ view_end ] --START--
INFO: ShowPageTrace Behavior ::run [ RunTime:0.002291s ]
INFO: [ view_end ] --END-- [ RunTime:0.002387s ]

[ 2014-04-29T10:22:56+08:00 ] 0.0.0.0 /vegbasket/admin.php/Login/outlogin.html
INFO: [ route_check ] --START--
INFO: CheckRoute Behavior ::run [ RunTime:0.007546s ]
INFO: [ route_check ] --END-- [ RunTime:0.007683s ]
INFO: [ app_begin ] --START--
INFO: ReadHtmlCache Behavior ::run [ RunTime:0.002367s ]
INFO: [ app_begin ] --END-- [ RunTime:0.002487s ]
NOTIC: [8] A session had already been started - ignoring session_start() C:\inetpub\wwwroot\vegbasket\admin\Lib\Action\LoginAction.class.php 第 49 行.

[ 2014-04-29T10:22:57+08:00 ] 0.0.0.0 /vegbasket/admin.php/Login
INFO: [ route_check ] --START--
INFO: CheckRoute Behavior ::run [ RunTime:0.002657s ]
INFO: [ route_check ] --END-- [ RunTime:0.002778s ]
INFO: [ app_begin ] --START--
INFO: ReadHtmlCache Behavior ::run [ RunTime:0.002886s ]
INFO: [ app_begin ] --END-- [ RunTime:0.003002s ]
INFO: [ view_parse ] --START--
INFO: ParseTemplate Behavior ::run [ RunTime:0.030444s ]
INFO: [ view_parse ] --END-- [ RunTime:0.030561s ]
INFO: [ view_filter ] --START--
INFO: ContentReplace Behavior ::run [ RunTime:0.003655s ]
INFO: TokenBuild Behavior ::run [ RunTime:0.004047s ]
INFO: WriteHtmlCache Behavior ::run [ RunTime:0.002303s ]
INFO: ShowRuntime Behavior ::run [ RunTime:0.002269s ]
INFO: [ view_filter ] --END-- [ RunTime:0.012736s ]
INFO: [ view_end ] --START--
INFO: ShowPageTrace Behavior ::run [ RunTime:0.003429s ]
INFO: [ view_end ] --END-- [ RunTime:0.003524s ]

[ 2014-04-29T10:22:57+08:00 ] 0.0.0.0 /vegbasket/admin.php/Login/verify
INFO: [ route_check ] --START--
INFO: CheckRoute Behavior ::run [ RunTime:0.002805s ]
INFO: [ route_check ] --END-- [ RunTime:0.002930s ]
INFO: [ app_begin ] --START--
INFO: ReadHtmlCache Behavior ::run [ RunTime:0.002724s ]
INFO: [ app_begin ] --END-- [ RunTime:0.002830s ]

[ 2014-04-29T10:23:50+08:00 ] 0.0.0.0 /vegbasket/admin.php/Login/check.html
INFO: [ route_check ] --START--
INFO: CheckRoute Behavior ::run [ RunTime:0.003693s ]
INFO: [ route_check ] --END-- [ RunTime:0.003831s ]
INFO: [ app_begin ] --START--
INFO: ReadHtmlCache Behavior ::run [ RunTime:0.008467s ]
INFO: [ app_begin ] --END-- [ RunTime:0.008598s ]
NOTIC: [8] Undefined index: yzm C:\inetpub\wwwroot\vegbasket\admin\Lib\Action\LoginAction.class.php 第 21 行.

[ 2014-04-29T10:24:48+08:00 ] 0.0.0.0 /vegbasket/admin.php/Login/check
INFO: [ route_check ] --START--
INFO: CheckRoute Behavior ::run [ RunTime:0.003465s ]
INFO: [ route_check ] --END-- [ RunTime:0.003739s ]
INFO: [ app_begin ] --START--
INFO: ReadHtmlCache Behavior ::run [ RunTime:0.002826s ]
INFO: [ app_begin ] --END-- [ RunTime:0.002928s ]
SQL: SHOW COLUMNS FROM `admin` [ RunTime:0.010777s ]
SQL: SELECT `admin_pwd`,`admin_name` FROM `admin` WHERE ( admin_name="admin" ) LIMIT 1   [ RunTime:0.001832s ]
NOTIC: [8] A session had already been started - ignoring session_start() C:\inetpub\wwwroot\vegbasket\admin\Lib\Action\LoginAction.class.php 第 35 行.

[ 2014-04-29T10:24:51+08:00 ] 0.0.0.0 /vegbasket/admin.php/Login/check.html
INFO: [ route_check ] --START--
INFO: CheckRoute Behavior ::run [ RunTime:0.002522s ]
INFO: [ route_check ] --END-- [ RunTime:0.002636s ]
INFO: [ app_begin ] --START--
INFO: ReadHtmlCache Behavior ::run [ RunTime:0.002248s ]
INFO: [ app_begin ] --END-- [ RunTime:0.002357s ]
SQL: SHOW COLUMNS FROM `admin` [ RunTime:0.014880s ]
SQL: SELECT `admin_pwd`,`admin_name` FROM `admin` WHERE ( admin_name="admin" ) LIMIT 1   [ RunTime:0.002853s ]
NOTIC: [8] A session had already been started - ignoring session_start() C:\inetpub\wwwroot\vegbasket\admin\Lib\Action\LoginAction.class.php 第 35 行.

[ 2014-04-29T10:24:51+08:00 ] 0.0.0.0 /vegbasket/admin.php
INFO: [ app_begin ] --START--
INFO: ReadHtmlCache Behavior ::run [ RunTime:0.002262s ]
INFO: [ app_begin ] --END-- [ RunTime:0.002383s ]
NOTIC: [8] A session had already been started - ignoring session_start() C:\inetpub\wwwroot\vegbasket\admin\Lib\Action\IndexAction.class.php 第 12 行.
INFO: [ view_parse ] --START--
INFO: ParseTemplate Behavior ::run [ RunTime:0.023208s ]
INFO: [ view_parse ] --END-- [ RunTime:0.023317s ]
INFO: [ view_filter ] --START--
INFO: ContentReplace Behavior ::run [ RunTime:0.001901s ]
INFO: TokenBuild Behavior ::run [ RunTime:0.003269s ]
INFO: WriteHtmlCache Behavior ::run [ RunTime:0.002021s ]
INFO: ShowRuntime Behavior ::run [ RunTime:0.002743s ]
INFO: [ view_filter ] --END-- [ RunTime:0.010229s ]
INFO: [ view_end ] --START--
INFO: ShowPageTrace Behavior ::run [ RunTime:0.004211s ]
INFO: [ view_end ] --END-- [ RunTime:0.004302s ]

[ 2014-04-29T10:24:51+08:00 ] 0.0.0.0 /vegbasket/admin.php/Index/top.html
INFO: [ route_check ] --START--
INFO: CheckRoute Behavior ::run [ RunTime:0.003300s ]
INFO: [ route_check ] --END-- [ RunTime:0.003436s ]
INFO: [ app_begin ] --START--
INFO: ReadHtmlCache Behavior ::run [ RunTime:0.003222s ]
INFO: [ app_begin ] --END-- [ RunTime:0.003331s ]
NOTIC: [8] Constant THEME_NAME already defined C:\inetpub\wwwroot\vegbasket\ThinkPHP\Lib\Core\View.class.php 第 223 行.
NOTIC: [8] Constant THEME_PATH already defined C:\inetpub\wwwroot\vegbasket\ThinkPHP\Lib\Core\View.class.php 第 174 行.
NOTIC: [8] Constant APP_TMPL_PATH already defined C:\inetpub\wwwroot\vegbasket\ThinkPHP\Lib\Core\View.class.php 第 175 行.
INFO: [ view_parse ] --START--
INFO: ParseTemplate Behavior ::run [ RunTime:0.044557s ]
INFO: [ view_parse ] --END-- [ RunTime:0.044676s ]
INFO: [ view_filter ] --START--
INFO: ContentReplace Behavior ::run [ RunTime:0.010127s ]
INFO: TokenBuild Behavior ::run [ RunTime:0.002464s ]
INFO: WriteHtmlCache Behavior ::run [ RunTime:0.014313s ]
INFO: ShowRuntime Behavior ::run [ RunTime:0.018845s ]
INFO: [ view_filter ] --END-- [ RunTime:0.046057s ]
INFO: [ view_end ] --START--
INFO: ShowPageTrace Behavior ::run [ RunTime:0.002830s ]
INFO: [ view_end ] --END-- [ RunTime:0.002926s ]

[ 2014-04-29T10:24:52+08:00 ] 0.0.0.0 /vegbasket/admin.php/Webconfig/index.html
INFO: [ route_check ] --START--
INFO: CheckRoute Behavior ::run [ RunTime:0.003315s ]
INFO: [ route_check ] --END-- [ RunTime:0.003433s ]
INFO: [ app_begin ] --START--
INFO: ReadHtmlCache Behavior ::run [ RunTime:0.001804s ]
INFO: [ app_begin ] --END-- [ RunTime:0.001920s ]
NOTIC: [8] A session had already been started - ignoring session_start() C:\inetpub\wwwroot\vegbasket\login.inc.php 第 2 行.
INFO: [ view_parse ] --START--
INFO: ParseTemplate Behavior ::run [ RunTime:0.021152s ]
INFO: [ view_parse ] --END-- [ RunTime:0.021293s ]
INFO: [ view_filter ] --START--
INFO: ContentReplace Behavior ::run [ RunTime:0.004927s ]
INFO: TokenBuild Behavior ::run [ RunTime:0.003378s ]
INFO: WriteHtmlCache Behavior ::run [ RunTime:0.002555s ]
INFO: ShowRuntime Behavior ::run [ RunTime:0.073961s ]
INFO: [ view_filter ] --END-- [ RunTime:0.085156s ]
INFO: [ view_end ] --START--
INFO: ShowPageTrace Behavior ::run [ RunTime:0.002079s ]
INFO: [ view_end ] --END-- [ RunTime:0.002171s ]

[ 2014-04-29T10:24:52+08:00 ] 0.0.0.0 /vegbasket/admin.php/Index/left.html
INFO: [ route_check ] --START--
INFO: CheckRoute Behavior ::run [ RunTime:0.015460s ]
INFO: [ route_check ] --END-- [ RunTime:0.015604s ]
INFO: [ app_begin ] --START--
INFO: ReadHtmlCache Behavior ::run [ RunTime:0.002369s ]
INFO: [ app_begin ] --END-- [ RunTime:0.002475s ]
NOTIC: [8] Constant THEME_NAME already defined C:\inetpub\wwwroot\vegbasket\ThinkPHP\Lib\Core\View.class.php 第 223 行.
NOTIC: [8] Constant THEME_PATH already defined C:\inetpub\wwwroot\vegbasket\ThinkPHP\Lib\Core\View.class.php 第 174 行.
NOTIC: [8] Constant APP_TMPL_PATH already defined C:\inetpub\wwwroot\vegbasket\ThinkPHP\Lib\Core\View.class.php 第 175 行.
INFO: [ view_parse ] --START--
INFO: ParseTemplate Behavior ::run [ RunTime:0.103240s ]
INFO: [ view_parse ] --END-- [ RunTime:0.103390s ]
INFO: [ view_filter ] --START--
INFO: ContentReplace Behavior ::run [ RunTime:0.003966s ]
INFO: TokenBuild Behavior ::run [ RunTime:0.006638s ]
INFO: WriteHtmlCache Behavior ::run [ RunTime:0.003332s ]
INFO: ShowRuntime Behavior ::run [ RunTime:0.002955s ]
INFO: [ view_filter ] --END-- [ RunTime:0.017271s ]
INFO: [ view_end ] --START--
INFO: ShowPageTrace Behavior ::run [ RunTime:0.003351s ]
INFO: [ view_end ] --END-- [ RunTime:0.003456s ]

[ 2014-04-29T10:25:34+08:00 ] 0.0.0.0 /vegbasket/admin.php/Login/check.html
INFO: [ route_check ] --START--
INFO: CheckRoute Behavior ::run [ RunTime:0.004820s ]
INFO: [ route_check ] --END-- [ RunTime:0.004958s ]
INFO: [ app_begin ] --START--
INFO: ReadHtmlCache Behavior ::run [ RunTime:0.005331s ]
INFO: [ app_begin ] --END-- [ RunTime:0.005561s ]
NOTIC: [8] Undefined index: yzm C:\inetpub\wwwroot\vegbasket\admin\Lib\Action\LoginAction.class.php 第 21 行.

[ 2014-04-29T10:25:39+08:00 ] 0.0.0.0 /vegbasket/admin.php/Login/check.html
INFO: [ route_check ] --START--
INFO: CheckRoute Behavior ::run [ RunTime:0.015389s ]
INFO: [ route_check ] --END-- [ RunTime:0.015568s ]
INFO: [ app_begin ] --START--
INFO: ReadHtmlCache Behavior ::run [ RunTime:0.004716s ]
INFO: [ app_begin ] --END-- [ RunTime:0.004862s ]
NOTIC: [8] Undefined index: yzm C:\inetpub\wwwroot\vegbasket\admin\Lib\Action\LoginAction.class.php 第 21 行.

[ 2014-04-29T10:35:25+08:00 ] 0.0.0.0 /vegbasket/admin.php/Login/check.html
INFO: [ route_check ] --START--
INFO: CheckRoute Behavior ::run [ RunTime:0.002545s ]
INFO: [ route_check ] --END-- [ RunTime:0.002804s ]
INFO: [ app_begin ] --START--
INFO: ReadHtmlCache Behavior ::run [ RunTime:0.005897s ]
INFO: [ app_begin ] --END-- [ RunTime:0.006027s ]
NOTIC: [8] Undefined index: yzm C:\inetpub\wwwroot\vegbasket\admin\Lib\Action\LoginAction.class.php 第 21 行.

[ 2014-04-29T10:38:01+08:00 ] 0.0.0.0 /vegbasket/admin.php/Login/outlogin.html
INFO: [ route_check ] --START--
INFO: CheckRoute Behavior ::run [ RunTime:0.002527s ]
INFO: [ route_check ] --END-- [ RunTime:0.002660s ]
INFO: [ app_begin ] --START--
INFO: ReadHtmlCache Behavior ::run [ RunTime:0.004080s ]
INFO: [ app_begin ] --END-- [ RunTime:0.004235s ]
NOTIC: [8] A session had already been started - ignoring session_start() C:\inetpub\wwwroot\vegbasket\admin\Lib\Action\LoginAction.class.php 第 49 行.

[ 2014-04-29T10:38:03+08:00 ] 0.0.0.0 /vegbasket/admin.php/Login
INFO: [ route_check ] --START--
INFO: CheckRoute Behavior ::run [ RunTime:0.001849s ]
INFO: [ route_check ] --END-- [ RunTime:0.001970s ]
INFO: [ app_begin ] --START--
INFO: ReadHtmlCache Behavior ::run [ RunTime:0.001172s ]
INFO: [ app_begin ] --END-- [ RunTime:0.001272s ]
INFO: [ view_parse ] --START--
INFO: ParseTemplate Behavior ::run [ RunTime:0.035991s ]
INFO: [ view_parse ] --END-- [ RunTime:0.036108s ]
INFO: [ view_filter ] --START--
INFO: ContentReplace Behavior ::run [ RunTime:0.002226s ]
INFO: TokenBuild Behavior ::run [ RunTime:0.002471s ]
INFO: WriteHtmlCache Behavior ::run [ RunTime:0.005284s ]
INFO: ShowRuntime Behavior ::run [ RunTime:0.002212s ]
INFO: [ view_filter ] --END-- [ RunTime:0.013077s ]
INFO: [ view_end ] --START--
INFO: ShowPageTrace Behavior ::run [ RunTime:0.002960s ]
INFO: [ view_end ] --END-- [ RunTime:0.003067s ]

[ 2014-04-29T10:38:03+08:00 ] 0.0.0.0 /vegbasket/admin.php/Login/verify
INFO: [ route_check ] --START--
INFO: CheckRoute Behavior ::run [ RunTime:0.001737s ]
INFO: [ route_check ] --END-- [ RunTime:0.001866s ]
INFO: [ app_begin ] --START--
INFO: ReadHtmlCache Behavior ::run [ RunTime:0.001890s ]
INFO: [ app_begin ] --END-- [ RunTime:0.002011s ]

[ 2014-04-29T10:38:07+08:00 ] 0.0.0.0 /vegbasket/admin.php/Login
INFO: [ route_check ] --START--
INFO: CheckRoute Behavior ::run [ RunTime:0.001436s ]
INFO: [ route_check ] --END-- [ RunTime:0.001551s ]
INFO: [ app_begin ] --START--
INFO: ReadHtmlCache Behavior ::run [ RunTime:0.001399s ]
INFO: [ app_begin ] --END-- [ RunTime:0.001511s ]
INFO: [ view_parse ] --START--
INFO: ParseTemplate Behavior ::run [ RunTime:0.015475s ]
INFO: [ view_parse ] --END-- [ RunTime:0.015586s ]
INFO: [ view_filter ] --START--
INFO: ContentReplace Behavior ::run [ RunTime:0.002265s ]
INFO: TokenBuild Behavior ::run [ RunTime:0.001878s ]
INFO: WriteHtmlCache Behavior ::run [ RunTime:0.000929s ]
INFO: ShowRuntime Behavior ::run [ RunTime:0.001418s ]
INFO: [ view_filter ] --END-- [ RunTime:0.007016s ]
INFO: [ view_end ] --START--
INFO: ShowPageTrace Behavior ::run [ RunTime:0.001723s ]
INFO: [ view_end ] --END-- [ RunTime:0.001853s ]

[ 2014-04-29T10:38:07+08:00 ] 0.0.0.0 /vegbasket/admin.php/Login/verify
INFO: [ route_check ] --START--
INFO: CheckRoute Behavior ::run [ RunTime:0.001892s ]
INFO: [ route_check ] --END-- [ RunTime:0.002029s ]
INFO: [ app_begin ] --START--
INFO: ReadHtmlCache Behavior ::run [ RunTime:0.002256s ]
INFO: [ app_begin ] --END-- [ RunTime:0.002376s ]

[ 2014-04-29T10:38:22+08:00 ] 0.0.0.0 /vegbasket/admin.php/Login/check
INFO: [ route_check ] --START--
INFO: CheckRoute Behavior ::run [ RunTime:0.001699s ]
INFO: [ route_check ] --END-- [ RunTime:0.001815s ]
INFO: [ app_begin ] --START--
INFO: ReadHtmlCache Behavior ::run [ RunTime:0.001479s ]
INFO: [ app_begin ] --END-- [ RunTime:0.001578s ]
SQL: SHOW COLUMNS FROM `admin` [ RunTime:0.010149s ]
SQL: SELECT `admin_pwd`,`admin_name` FROM `admin` WHERE ( admin_name="admin" ) LIMIT 1   [ RunTime:0.000809s ]
NOTIC: [8] A session had already been started - ignoring session_start() C:\inetpub\wwwroot\vegbasket\admin\Lib\Action\LoginAction.class.php 第 35 行.

[ 2014-04-29T10:38:24+08:00 ] 0.0.0.0 /vegbasket/admin.php/Index/index.html
INFO: [ route_check ] --START--
INFO: CheckRoute Behavior ::run [ RunTime:0.002442s ]
INFO: [ route_check ] --END-- [ RunTime:0.002600s ]
INFO: [ app_begin ] --START--
INFO: ReadHtmlCache Behavior ::run [ RunTime:0.001613s ]
INFO: [ app_begin ] --END-- [ RunTime:0.001732s ]
NOTIC: [8] A session had already been started - ignoring session_start() C:\inetpub\wwwroot\vegbasket\admin\Lib\Action\IndexAction.class.php 第 12 行.
INFO: [ view_parse ] --START--
INFO: ParseTemplate Behavior ::run [ RunTime:0.016724s ]
INFO: [ view_parse ] --END-- [ RunTime:0.016833s ]
INFO: [ view_filter ] --START--
INFO: ContentReplace Behavior ::run [ RunTime:0.001121s ]
INFO: TokenBuild Behavior ::run [ RunTime:0.001163s ]
INFO: WriteHtmlCache Behavior ::run [ RunTime:0.001835s ]
INFO: ShowRuntime Behavior ::run [ RunTime:0.001454s ]
INFO: [ view_filter ] --END-- [ RunTime:0.005874s ]
INFO: [ view_end ] --START--
INFO: ShowPageTrace Behavior ::run [ RunTime:0.001454s ]
INFO: [ view_end ] --END-- [ RunTime:0.001578s ]

[ 2014-04-29T10:38:24+08:00 ] 0.0.0.0 /vegbasket/admin.php/Index/left.html
INFO: [ route_check ] --START--
INFO: CheckRoute Behavior ::run [ RunTime:0.002114s ]
INFO: [ route_check ] --END-- [ RunTime:0.002246s ]
INFO: [ app_begin ] --START--
INFO: ReadHtmlCache Behavior ::run [ RunTime:0.001322s ]
INFO: [ app_begin ] --END-- [ RunTime:0.002587s ]
NOTIC: [8] Constant THEME_NAME already defined C:\inetpub\wwwroot\vegbasket\ThinkPHP\Lib\Core\View.class.php 第 223 行.
NOTIC: [8] Constant THEME_PATH already defined C:\inetpub\wwwroot\vegbasket\ThinkPHP\Lib\Core\View.class.php 第 174 行.
NOTIC: [8] Constant APP_TMPL_PATH already defined C:\inetpub\wwwroot\vegbasket\ThinkPHP\Lib\Core\View.class.php 第 175 行.
INFO: [ view_parse ] --START--
INFO: ParseTemplate Behavior ::run [ RunTime:0.016649s ]
INFO: [ view_parse ] --END-- [ RunTime:0.016773s ]
INFO: [ view_filter ] --START--
INFO: ContentReplace Behavior ::run [ RunTime:0.001265s ]
INFO: TokenBuild Behavior ::run [ RunTime:0.001557s ]
INFO: WriteHtmlCache Behavior ::run [ RunTime:0.001079s ]
INFO: ShowRuntime Behavior ::run [ RunTime:0.001709s ]
INFO: [ view_filter ] --END-- [ RunTime:0.005928s ]
INFO: [ view_end ] --START--
INFO: ShowPageTrace Behavior ::run [ RunTime:0.002139s ]
INFO: [ view_end ] --END-- [ RunTime:0.002234s ]

[ 2014-04-29T10:38:25+08:00 ] 0.0.0.0 /vegbasket/admin.php/Index/top.html
INFO: [ route_check ] --START--
INFO: CheckRoute Behavior ::run [ RunTime:0.003994s ]
INFO: [ route_check ] --END-- [ RunTime:0.004133s ]
INFO: [ app_begin ] --START--
INFO: ReadHtmlCache Behavior ::run [ RunTime:0.001666s ]
INFO: [ app_begin ] --END-- [ RunTime:0.001797s ]
NOTIC: [8] Constant THEME_NAME already defined C:\inetpub\wwwroot\vegbasket\ThinkPHP\Lib\Core\View.class.php 第 223 行.
NOTIC: [8] Constant THEME_PATH already defined C:\inetpub\wwwroot\vegbasket\ThinkPHP\Lib\Core\View.class.php 第 174 行.
NOTIC: [8] Constant APP_TMPL_PATH already defined C:\inetpub\wwwroot\vegbasket\ThinkPHP\Lib\Core\View.class.php 第 175 行.
INFO: [ view_parse ] --START--
INFO: ParseTemplate Behavior ::run [ RunTime:0.037719s ]
INFO: [ view_parse ] --END-- [ RunTime:0.037836s ]
INFO: [ view_filter ] --START--
INFO: ContentReplace Behavior ::run [ RunTime:0.003594s ]
INFO: TokenBuild Behavior ::run [ RunTime:0.001162s ]
INFO: WriteHtmlCache Behavior ::run [ RunTime:0.001428s ]
INFO: ShowRuntime Behavior ::run [ RunTime:0.001982s ]
INFO: [ view_filter ] --END-- [ RunTime:0.008630s ]
INFO: [ view_end ] --START--
INFO: ShowPageTrace Behavior ::run [ RunTime:0.008361s ]
INFO: [ view_end ] --END-- [ RunTime:0.008530s ]

[ 2014-04-29T10:38:25+08:00 ] 0.0.0.0 /vegbasket/admin.php/Webconfig/index.html
INFO: [ route_check ] --START--
INFO: CheckRoute Behavior ::run [ RunTime:0.007708s ]
INFO: [ route_check ] --END-- [ RunTime:0.007900s ]
INFO: [ app_begin ] --START--
INFO: ReadHtmlCache Behavior ::run [ RunTime:0.005700s ]
INFO: [ app_begin ] --END-- [ RunTime:0.005841s ]
NOTIC: [8] A session had already been started - ignoring session_start() C:\inetpub\wwwroot\vegbasket\login.inc.php 第 2 行.
INFO: [ view_parse ] --START--
INFO: ParseTemplate Behavior ::run [ RunTime:0.163224s ]
INFO: [ view_parse ] --END-- [ RunTime:0.163361s ]
INFO: [ view_filter ] --START--
INFO: ContentReplace Behavior ::run [ RunTime:0.001434s ]
INFO: TokenBuild Behavior ::run [ RunTime:0.001425s ]
INFO: WriteHtmlCache Behavior ::run [ RunTime:0.001304s ]
INFO: ShowRuntime Behavior ::run [ RunTime:0.001628s ]
INFO: [ view_filter ] --END-- [ RunTime:0.006065s ]
INFO: [ view_end ] --START--
INFO: ShowPageTrace Behavior ::run [ RunTime:0.002665s ]
INFO: [ view_end ] --END-- [ RunTime:0.002804s ]

[ 2014-04-29T10:40:08+08:00 ] 0.0.0.0 /vegbasket/admin.php/Login/outlogin.html
INFO: [ route_check ] --START--
INFO: CheckRoute Behavior ::run [ RunTime:0.002166s ]
INFO: [ route_check ] --END-- [ RunTime:0.002339s ]
INFO: [ app_begin ] --START--
INFO: ReadHtmlCache Behavior ::run [ RunTime:0.002843s ]
INFO: [ app_begin ] --END-- [ RunTime:0.004029s ]
NOTIC: [8] A session had already been started - ignoring session_start() C:\inetpub\wwwroot\vegbasket\admin\Lib\Action\LoginAction.class.php 第 49 行.

[ 2014-04-29T10:40:09+08:00 ] 0.0.0.0 /vegbasket/admin.php/Login
INFO: [ route_check ] --START--
INFO: CheckRoute Behavior ::run [ RunTime:0.001802s ]
INFO: [ route_check ] --END-- [ RunTime:0.001943s ]
INFO: [ app_begin ] --START--
INFO: ReadHtmlCache Behavior ::run [ RunTime:0.001554s ]
INFO: [ app_begin ] --END-- [ RunTime:0.001674s ]
INFO: [ view_parse ] --START--
INFO: ParseTemplate Behavior ::run [ RunTime:0.019262s ]
INFO: [ view_parse ] --END-- [ RunTime:0.019412s ]
INFO: [ view_filter ] --START--
INFO: ContentReplace Behavior ::run [ RunTime:0.002575s ]
INFO: TokenBuild Behavior ::run [ RunTime:0.006672s ]
INFO: WriteHtmlCache Behavior ::run [ RunTime:0.002024s ]
INFO: ShowRuntime Behavior ::run [ RunTime:0.001399s ]
INFO: [ view_filter ] --END-- [ RunTime:0.013047s ]
INFO: [ view_end ] --START--
INFO: ShowPageTrace Behavior ::run [ RunTime:0.001822s ]
INFO: [ view_end ] --END-- [ RunTime:0.001931s ]

[ 2014-04-29T10:40:10+08:00 ] 0.0.0.0 /vegbasket/admin.php/Login/verify
INFO: [ route_check ] --START--
INFO: CheckRoute Behavior ::run [ RunTime:0.001621s ]
INFO: [ route_check ] --END-- [ RunTime:0.001759s ]
INFO: [ app_begin ] --START--
INFO: ReadHtmlCache Behavior ::run [ RunTime:0.002601s ]
INFO: [ app_begin ] --END-- [ RunTime:0.002725s ]

[ 2014-04-29T10:49:56+08:00 ] 0.0.0.0 /vegbasket/admin.php/Login
INFO: [ route_check ] --START--
INFO: CheckRoute Behavior ::run [ RunTime:0.003893s ]
INFO: [ route_check ] --END-- [ RunTime:0.004126s ]
INFO: [ app_begin ] --START--
INFO: ReadHtmlCache Behavior ::run [ RunTime:0.002286s ]
INFO: [ app_begin ] --END-- [ RunTime:0.002397s ]
INFO: [ view_parse ] --START--
INFO: ParseTemplate Behavior ::run [ RunTime:0.040715s ]
INFO: [ view_parse ] --END-- [ RunTime:0.040831s ]
INFO: [ view_filter ] --START--
INFO: ContentReplace Behavior ::run [ RunTime:0.001321s ]
INFO: TokenBuild Behavior ::run [ RunTime:0.001393s ]
INFO: WriteHtmlCache Behavior ::run [ RunTime:0.002893s ]
INFO: ShowRuntime Behavior ::run [ RunTime:0.001831s ]
INFO: [ view_filter ] --END-- [ RunTime:0.007755s ]
INFO: [ view_end ] --START--
INFO: ShowPageTrace Behavior ::run [ RunTime:0.002434s ]
INFO: [ view_end ] --END-- [ RunTime:0.002557s ]

[ 2014-04-29T10:49:57+08:00 ] 0.0.0.0 /vegbasket/admin.php/Login/verify
INFO: [ route_check ] --START--
INFO: CheckRoute Behavior ::run [ RunTime:0.012592s ]
INFO: [ route_check ] --END-- [ RunTime:0.012900s ]
INFO: [ app_begin ] --START--
INFO: ReadHtmlCache Behavior ::run [ RunTime:0.001630s ]
INFO: [ app_begin ] --END-- [ RunTime:0.001754s ]

[ 2014-04-29T10:50:16+08:00 ] 0.0.0.0 /vegbasket/admin.php/Login/check
INFO: [ route_check ] --START--
INFO: CheckRoute Behavior ::run [ RunTime:0.002561s ]
INFO: [ route_check ] --END-- [ RunTime:0.002733s ]
INFO: [ app_begin ] --START--
INFO: ReadHtmlCache Behavior ::run [ RunTime:0.001914s ]
INFO: [ app_begin ] --END-- [ RunTime:0.002056s ]
SQL: SHOW COLUMNS FROM `admin` [ RunTime:0.010564s ]
SQL: SELECT `admin_pwd`,`admin_name` FROM `admin` WHERE ( admin_name="admin" ) LIMIT 1   [ RunTime:0.000684s ]
NOTIC: [8] A session had already been started - ignoring session_start() C:\inetpub\wwwroot\vegbasket\admin\Lib\Action\LoginAction.class.php 第 35 行.

[ 2014-04-29T10:50:18+08:00 ] 0.0.0.0 /vegbasket/admin.php/Login/this.html
INFO: [ route_check ] --START--
INFO: CheckRoute Behavior ::run [ RunTime:0.001499s ]
INFO: [ route_check ] --END-- [ RunTime:0.001629s ]
INFO: [ app_begin ] --START--
INFO: ReadHtmlCache Behavior ::run [ RunTime:0.001904s ]
INFO: [ app_begin ] --END-- [ RunTime:0.002057s ]
ERR: 非法操作:this

[ 2014-04-29T10:52:36+08:00 ] 0.0.0.0 /vegbasket/admin.php/Login
INFO: [ route_check ] --START--
INFO: CheckRoute Behavior ::run [ RunTime:0.003458s ]
INFO: [ route_check ] --END-- [ RunTime:0.003592s ]
INFO: [ app_begin ] --START--
INFO: ReadHtmlCache Behavior ::run [ RunTime:0.002181s ]
INFO: [ app_begin ] --END-- [ RunTime:0.002318s ]
INFO: [ view_parse ] --START--
INFO: ParseTemplate Behavior ::run [ RunTime:0.020886s ]
INFO: [ view_parse ] --END-- [ RunTime:0.021007s ]
INFO: [ view_filter ] --START--
INFO: ContentReplace Behavior ::run [ RunTime:0.002106s ]
INFO: TokenBuild Behavior ::run [ RunTime:0.004427s ]
INFO: WriteHtmlCache Behavior ::run [ RunTime:0.001750s ]
INFO: ShowRuntime Behavior ::run [ RunTime:0.001982s ]
INFO: [ view_filter ] --END-- [ RunTime:0.010602s ]
INFO: [ view_end ] --START--
INFO: ShowPageTrace Behavior ::run [ RunTime:0.002079s ]
INFO: [ view_end ] --END-- [ RunTime:0.002187s ]

[ 2014-04-29T10:52:36+08:00 ] 0.0.0.0 /vegbasket/admin.php/Login/verify
INFO: [ route_check ] --START--
INFO: CheckRoute Behavior ::run [ RunTime:0.001532s ]
INFO: [ route_check ] --END-- [ RunTime:0.001654s ]
INFO: [ app_begin ] --START--
INFO: ReadHtmlCache Behavior ::run [ RunTime:0.001189s ]
INFO: [ app_begin ] --END-- [ RunTime:0.001300s ]

[ 2014-04-29T10:52:37+08:00 ] 0.0.0.0 /vegbasket/admin.php/Login
INFO: [ route_check ] --START--
INFO: CheckRoute Behavior ::run [ RunTime:0.002522s ]
INFO: [ route_check ] --END-- [ RunTime:0.002666s ]
INFO: [ app_begin ] --START--
INFO: ReadHtmlCache Behavior ::run [ RunTime:0.001769s ]
INFO: [ app_begin ] --END-- [ RunTime:0.002372s ]
INFO: [ view_parse ] --START--
INFO: ParseTemplate Behavior ::run [ RunTime:0.016479s ]
INFO: [ view_parse ] --END-- [ RunTime:0.016605s ]
INFO: [ view_filter ] --START--
INFO: ContentReplace Behavior ::run [ RunTime:0.001244s ]
INFO: TokenBuild Behavior ::run [ RunTime:0.001306s ]
INFO: WriteHtmlCache Behavior ::run [ RunTime:0.001218s ]
INFO: ShowRuntime Behavior ::run [ RunTime:0.002009s ]
INFO: [ view_filter ] --END-- [ RunTime:0.006097s ]
INFO: [ view_end ] --START--
INFO: ShowPageTrace Behavior ::run [ RunTime:0.003038s ]
INFO: [ view_end ] --END-- [ RunTime:0.003171s ]

[ 2014-04-29T10:52:37+08:00 ] 0.0.0.0 /vegbasket/admin.php/Login/verify
INFO: [ route_check ] --START--
INFO: CheckRoute Behavior ::run [ RunTime:0.002243s ]
INFO: [ route_check ] --END-- [ RunTime:0.002385s ]
INFO: [ app_begin ] --START--
INFO: ReadHtmlCache Behavior ::run [ RunTime:0.001430s ]
INFO: [ app_begin ] --END-- [ RunTime:0.001546s ]

[ 2014-04-29T10:52:46+08:00 ] 0.0.0.0 /vegbasket/admin.php/Login/check
INFO: [ route_check ] --START--
INFO: CheckRoute Behavior ::run [ RunTime:0.001479s ]
INFO: [ route_check ] --END-- [ RunTime:0.001604s ]
INFO: [ app_begin ] --START--
INFO: ReadHtmlCache Behavior ::run [ RunTime:0.001195s ]
INFO: [ app_begin ] --END-- [ RunTime:0.001296s ]
SQL: SHOW COLUMNS FROM `admin` [ RunTime:0.010167s ]
SQL: SELECT `admin_pwd`,`admin_name` FROM `admin` WHERE ( admin_name="admin" ) LIMIT 1   [ RunTime:0.001415s ]

[ 2014-04-29T10:52:46+08:00 ] 0.0.0.0 /vegbasket/admin.php/Login/verify?0.8237981342244893
INFO: [ route_check ] --START--
INFO: CheckRoute Behavior ::run [ RunTime:0.001614s ]
INFO: [ route_check ] --END-- [ RunTime:0.001746s ]
INFO: [ app_begin ] --START--
INFO: ReadHtmlCache Behavior ::run [ RunTime:0.001126s ]
INFO: [ app_begin ] --END-- [ RunTime:0.001235s ]

[ 2014-04-29T10:52:58+08:00 ] 0.0.0.0 /vegbasket/admin.php/Login/check
INFO: [ route_check ] --START--
INFO: CheckRoute Behavior ::run [ RunTime:0.002366s ]
INFO: [ route_check ] --END-- [ RunTime:0.002497s ]
INFO: [ app_begin ] --START--
INFO: ReadHtmlCache Behavior ::run [ RunTime:0.001497s ]
INFO: [ app_begin ] --END-- [ RunTime:0.001618s ]

[ 2014-04-29T10:52:58+08:00 ] 0.0.0.0 /vegbasket/admin.php/Login/verify?0.38001218903809786
INFO: [ route_check ] --START--
INFO: CheckRoute Behavior ::run [ RunTime:0.001386s ]
INFO: [ route_check ] --END-- [ RunTime:0.001502s ]
INFO: [ app_begin ] --START--
INFO: ReadHtmlCache Behavior ::run [ RunTime:0.001095s ]
INFO: [ app_begin ] --END-- [ RunTime:0.001196s ]

[ 2014-04-29T10:53:05+08:00 ] 0.0.0.0 /vegbasket/admin.php/Login/check
INFO: [ route_check ] --START--
INFO: CheckRoute Behavior ::run [ RunTime:0.001508s ]
INFO: [ route_check ] --END-- [ RunTime:0.001632s ]
INFO: [ app_begin ] --START--
INFO: ReadHtmlCache Behavior ::run [ RunTime:0.001442s ]
INFO: [ app_begin ] --END-- [ RunTime:0.001812s ]
SQL: SHOW COLUMNS FROM `admin` [ RunTime:0.013440s ]
SQL: SELECT `admin_pwd`,`admin_name` FROM `admin` WHERE ( admin_name="admin" ) LIMIT 1   [ RunTime:0.003494s ]
NOTIC: [8] A session had already been started - ignoring session_start() C:\inetpub\wwwroot\vegbasket\admin\Lib\Action\LoginAction.class.php 第 35 行.

[ 2014-04-29T10:53:06+08:00 ] 0.0.0.0 /vegbasket/admin.php/Login/test.html
INFO: [ route_check ] --START--
INFO: CheckRoute Behavior ::run [ RunTime:0.001841s ]
INFO: [ route_check ] --END-- [ RunTime:0.001980s ]
INFO: [ app_begin ] --START--
INFO: ReadHtmlCache Behavior ::run [ RunTime:0.001876s ]
INFO: [ app_begin ] --END-- [ RunTime:0.002010s ]
ERR: 非法操作:test

[ 2014-04-29T10:54:22+08:00 ] 0.0.0.0 /vegbasket/admin.php/Login
INFO: [ route_check ] --START--
INFO: CheckRoute Behavior ::run [ RunTime:0.001450s ]
INFO: [ route_check ] --END-- [ RunTime:0.001568s ]
INFO: [ app_begin ] --START--
INFO: ReadHtmlCache Behavior ::run [ RunTime:0.001701s ]
INFO: [ app_begin ] --END-- [ RunTime:0.001826s ]
INFO: [ view_parse ] --START--
INFO: ParseTemplate Behavior ::run [ RunTime:0.016105s ]
INFO: [ view_parse ] --END-- [ RunTime:0.016232s ]
INFO: [ view_filter ] --START--
INFO: ContentReplace Behavior ::run [ RunTime:0.003519s ]
INFO: TokenBuild Behavior ::run [ RunTime:0.001271s ]
INFO: WriteHtmlCache Behavior ::run [ RunTime:0.001052s ]
INFO: ShowRuntime Behavior ::run [ RunTime:0.001466s ]
INFO: [ view_filter ] --END-- [ RunTime:0.007637s ]
INFO: [ view_end ] --START--
INFO: ShowPageTrace Behavior ::run [ RunTime:0.001642s ]
INFO: [ view_end ] --END-- [ RunTime:0.001751s ]

[ 2014-04-29T10:54:22+08:00 ] 0.0.0.0 /vegbasket/admin.php/Login/verify
INFO: [ route_check ] --START--
INFO: CheckRoute Behavior ::run [ RunTime:0.002977s ]
INFO: [ route_check ] --END-- [ RunTime:0.003181s ]
INFO: [ app_begin ] --START--
INFO: ReadHtmlCache Behavior ::run [ RunTime:0.001556s ]
INFO: [ app_begin ] --END-- [ RunTime:0.001686s ]

[ 2014-04-29T10:54:23+08:00 ] 0.0.0.0 /vegbasket/admin.php/Login
INFO: [ route_check ] --START--
INFO: CheckRoute Behavior ::run [ RunTime:0.002189s ]
INFO: [ route_check ] --END-- [ RunTime:0.002340s ]
INFO: [ app_begin ] --START--
INFO: ReadHtmlCache Behavior ::run [ RunTime:0.001637s ]
INFO: [ app_begin ] --END-- [ RunTime:0.001769s ]
INFO: [ view_parse ] --START--
INFO: ParseTemplate Behavior ::run [ RunTime:0.017374s ]
INFO: [ view_parse ] --END-- [ RunTime:0.017503s ]
INFO: [ view_filter ] --START--
INFO: ContentReplace Behavior ::run [ RunTime:0.001377s ]
INFO: TokenBuild Behavior ::run [ RunTime:0.002095s ]
INFO: WriteHtmlCache Behavior ::run [ RunTime:0.000891s ]
INFO: ShowRuntime Behavior ::run [ RunTime:0.001304s ]
INFO: [ view_filter ] --END-- [ RunTime:0.005988s ]
INFO: [ view_end ] --START--
INFO: ShowPageTrace Behavior ::run [ RunTime:0.001323s ]
INFO: [ view_end ] --END-- [ RunTime:0.001416s ]

[ 2014-04-29T10:54:23+08:00 ] 0.0.0.0 /vegbasket/admin.php/Login/verify
INFO: [ route_check ] --START--
INFO: CheckRoute Behavior ::run [ RunTime:0.002822s ]
INFO: [ route_check ] --END-- [ RunTime:0.002968s ]
INFO: [ app_begin ] --START--
INFO: ReadHtmlCache Behavior ::run [ RunTime:0.001826s ]
INFO: [ app_begin ] --END-- [ RunTime:0.001953s ]

[ 2014-04-29T10:54:33+08:00 ] 0.0.0.0 /vegbasket/admin.php/Login/check
INFO: [ route_check ] --START--
INFO: CheckRoute Behavior ::run [ RunTime:0.001867s ]
INFO: [ route_check ] --END-- [ RunTime:0.001998s ]
INFO: [ app_begin ] --START--
INFO: ReadHtmlCache Behavior ::run [ RunTime:0.001191s ]
INFO: [ app_begin ] --END-- [ RunTime:0.001291s ]
SQL: SHOW COLUMNS FROM `admin` [ RunTime:0.012178s ]
SQL: SELECT `admin_pwd`,`admin_name` FROM `admin` WHERE ( admin_name="admin" ) LIMIT 1   [ RunTime:0.002446s ]
NOTIC: [8] A session had already been started - ignoring session_start() C:\inetpub\wwwroot\vegbasket\admin\Lib\Action\LoginAction.class.php 第 35 行.

[ 2014-04-29T10:54:36+08:00 ] 0.0.0.0 /vegbasket/admin.php/Login/check.html
INFO: [ route_check ] --START--
INFO: CheckRoute Behavior ::run [ RunTime:0.001813s ]
INFO: [ route_check ] --END-- [ RunTime:0.001945s ]
INFO: [ app_begin ] --START--
INFO: ReadHtmlCache Behavior ::run [ RunTime:0.003640s ]
INFO: [ app_begin ] --END-- [ RunTime:0.003760s ]
SQL: SHOW COLUMNS FROM `admin` [ RunTime:0.011955s ]
SQL: SELECT `admin_pwd`,`admin_name` FROM `admin` WHERE ( admin_name="admin" ) LIMIT 1   [ RunTime:0.000894s ]
NOTIC: [8] A session had already been started - ignoring session_start() C:\inetpub\wwwroot\vegbasket\admin\Lib\Action\LoginAction.class.php 第 35 行.

[ 2014-04-29T10:54:36+08:00 ] 0.0.0.0 /vegbasket/admin.php
INFO: [ app_begin ] --START--
INFO: ReadHtmlCache Behavior ::run [ RunTime:0.001227s ]
INFO: [ app_begin ] --END-- [ RunTime:0.001358s ]
NOTIC: [8] A session had already been started - ignoring session_start() C:\inetpub\wwwroot\vegbasket\admin\Lib\Action\IndexAction.class.php 第 12 行.
INFO: [ view_parse ] --START--
INFO: ParseTemplate Behavior ::run [ RunTime:0.014796s ]
INFO: [ view_parse ] --END-- [ RunTime:0.014930s ]
INFO: [ view_filter ] --START--
INFO: ContentReplace Behavior ::run [ RunTime:0.001578s ]
INFO: TokenBuild Behavior ::run [ RunTime:0.001618s ]
INFO: WriteHtmlCache Behavior ::run [ RunTime:0.001796s ]
INFO: ShowRuntime Behavior ::run [ RunTime:0.001636s ]
INFO: [ view_filter ] --END-- [ RunTime:0.007325s ]
INFO: [ view_end ] --START--
INFO: ShowPageTrace Behavior ::run [ RunTime:0.002444s ]
INFO: [ view_end ] --END-- [ RunTime:0.002560s ]

[ 2014-04-29T10:54:36+08:00 ] 0.0.0.0 /vegbasket/admin.php/Index/top.html
INFO: [ route_check ] --START--
INFO: CheckRoute Behavior ::run [ RunTime:0.001583s ]
INFO: [ route_check ] --END-- [ RunTime:0.001720s ]
INFO: [ app_begin ] --START--
INFO: ReadHtmlCache Behavior ::run [ RunTime:0.001225s ]
INFO: [ app_begin ] --END-- [ RunTime:0.001333s ]
NOTIC: [8] Constant THEME_NAME already defined C:\inetpub\wwwroot\vegbasket\ThinkPHP\Lib\Core\View.class.php 第 223 行.
NOTIC: [8] Constant THEME_PATH already defined C:\inetpub\wwwroot\vegbasket\ThinkPHP\Lib\Core\View.class.php 第 174 行.
NOTIC: [8] Constant APP_TMPL_PATH already defined C:\inetpub\wwwroot\vegbasket\ThinkPHP\Lib\Core\View.class.php 第 175 行.
INFO: [ view_parse ] --START--
INFO: ParseTemplate Behavior ::run [ RunTime:0.014393s ]
INFO: [ view_parse ] --END-- [ RunTime:0.014519s ]
INFO: [ view_filter ] --START--
INFO: ContentReplace Behavior ::run [ RunTime:0.001066s ]
INFO: TokenBuild Behavior ::run [ RunTime:0.001079s ]
INFO: WriteHtmlCache Behavior ::run [ RunTime:0.000930s ]
INFO: ShowRuntime Behavior ::run [ RunTime:0.001213s ]
INFO: [ view_filter ] --END-- [ RunTime:0.004589s ]
INFO: [ view_end ] --START--
INFO: ShowPageTrace Behavior ::run [ RunTime:0.001663s ]
INFO: [ view_end ] --END-- [ RunTime:0.001764s ]

[ 2014-04-29T10:54:36+08:00 ] 0.0.0.0 /vegbasket/admin.php/Webconfig/index.html
INFO: [ route_check ] --START--
INFO: CheckRoute Behavior ::run [ RunTime:0.001589s ]
INFO: [ route_check ] --END-- [ RunTime:0.001734s ]
INFO: [ app_begin ] --START--
INFO: ReadHtmlCache Behavior ::run [ RunTime:0.001401s ]
INFO: [ app_begin ] --END-- [ RunTime:0.001518s ]
NOTIC: [8] A session had already been started - ignoring session_start() C:\inetpub\wwwroot\vegbasket\login.inc.php 第 2 行.
INFO: [ view_parse ] --START--
INFO: ParseTemplate Behavior ::run [ RunTime:0.031930s ]
INFO: [ view_parse ] --END-- [ RunTime:0.032667s ]
INFO: [ view_filter ] --START--
INFO: ContentReplace Behavior ::run [ RunTime:0.004821s ]
INFO: TokenBuild Behavior ::run [ RunTime:0.001422s ]
INFO: WriteHtmlCache Behavior ::run [ RunTime:0.001198s ]
INFO: ShowRuntime Behavior ::run [ RunTime:0.009989s ]
INFO: [ view_filter ] --END-- [ RunTime:0.018231s ]
INFO: [ view_end ] --START--
INFO: ShowPageTrace Behavior ::run [ RunTime:0.002728s ]
INFO: [ view_end ] --END-- [ RunTime:0.002871s ]

[ 2014-04-29T10:54:37+08:00 ] 0.0.0.0 /vegbasket/admin.php/Index/left.html
INFO: [ route_check ] --START--
INFO: CheckRoute Behavior ::run [ RunTime:0.008775s ]
INFO: [ route_check ] --END-- [ RunTime:0.008942s ]
INFO: [ app_begin ] --START--
INFO: ReadHtmlCache Behavior ::run [ RunTime:0.001626s ]
INFO: [ app_begin ] --END-- [ RunTime:0.001737s ]
NOTIC: [8] Constant THEME_NAME already defined C:\inetpub\wwwroot\vegbasket\ThinkPHP\Lib\Core\View.class.php 第 223 行.
NOTIC: [8] Constant THEME_PATH already defined C:\inetpub\wwwroot\vegbasket\ThinkPHP\Lib\Core\View.class.php 第 174 行.
NOTIC: [8] Constant APP_TMPL_PATH already defined C:\inetpub\wwwroot\vegbasket\ThinkPHP\Lib\Core\View.class.php 第 175 行.
INFO: [ view_parse ] --START--
INFO: ParseTemplate Behavior ::run [ RunTime:0.054907s ]
INFO: [ view_parse ] --END-- [ RunTime:0.055050s ]
INFO: [ view_filter ] --START--
INFO: ContentReplace Behavior ::run [ RunTime:0.002115s ]
INFO: TokenBuild Behavior ::run [ RunTime:0.002403s ]
INFO: WriteHtmlCache Behavior ::run [ RunTime:0.003139s ]
INFO: ShowRuntime Behavior ::run [ RunTime:0.002162s ]
INFO: [ view_filter ] --END-- [ RunTime:0.010417s ]
INFO: [ view_end ] --START--
INFO: ShowPageTrace Behavior ::run [ RunTime:0.003619s ]
INFO: [ view_end ] --END-- [ RunTime:0.003739s ]

[ 2014-04-29T10:55:14+08:00 ] 0.0.0.0 /vegbasket/admin.php/Login
INFO: [ route_check ] --START--
INFO: CheckRoute Behavior ::run [ RunTime:0.002155s ]
INFO: [ route_check ] --END-- [ RunTime:0.002309s ]
INFO: [ app_begin ] --START--
INFO: ReadHtmlCache Behavior ::run [ RunTime:0.001608s ]
INFO: [ app_begin ] --END-- [ RunTime:0.001735s ]
INFO: [ view_parse ] --START--
INFO: ParseTemplate Behavior ::run [ RunTime:0.019310s ]
INFO: [ view_parse ] --END-- [ RunTime:0.019437s ]
INFO: [ view_filter ] --START--
INFO: ContentReplace Behavior ::run [ RunTime:0.001406s ]
INFO: TokenBuild Behavior ::run [ RunTime:0.001489s ]
INFO: WriteHtmlCache Behavior ::run [ RunTime:0.001228s ]
INFO: ShowRuntime Behavior ::run [ RunTime:0.001517s ]
INFO: [ view_filter ] --END-- [ RunTime:0.005980s ]
INFO: [ view_end ] --START--
INFO: ShowPageTrace Behavior ::run [ RunTime:0.002215s ]
INFO: [ view_end ] --END-- [ RunTime:0.002336s ]

[ 2014-04-29T10:55:15+08:00 ] 0.0.0.0 /vegbasket/admin.php/Login/verify
INFO: [ route_check ] --START--
INFO: CheckRoute Behavior ::run [ RunTime:0.001899s ]
INFO: [ route_check ] --END-- [ RunTime:0.002045s ]
INFO: [ app_begin ] --START--
INFO: ReadHtmlCache Behavior ::run [ RunTime:0.001761s ]
INFO: [ app_begin ] --END-- [ RunTime:0.001891s ]

[ 2014-04-29T10:55:46+08:00 ] 0.0.0.0 /vegbasket/admin.php/Login/check.html
INFO: [ route_check ] --START--
INFO: CheckRoute Behavior ::run [ RunTime:0.009573s ]
INFO: [ route_check ] --END-- [ RunTime:0.009716s ]
INFO: [ app_begin ] --START--
INFO: ReadHtmlCache Behavior ::run [ RunTime:0.002418s ]
INFO: [ app_begin ] --END-- [ RunTime:0.002593s ]
NOTIC: [8] Undefined index: yzm C:\inetpub\wwwroot\vegbasket\admin\Lib\Action\LoginAction.class.php 第 21 行.

[ 2014-04-29T12:24:16+08:00 ] 0.0.0.0 /vegbasket/admin.php/Webconfig/index.html
INFO: [ route_check ] --START--
INFO: CheckRoute Behavior ::run [ RunTime:0.179654s ]
INFO: [ route_check ] --END-- [ RunTime:0.179824s ]
INFO: [ app_begin ] --START--
INFO: ReadHtmlCache Behavior ::run [ RunTime:0.192148s ]
INFO: [ app_begin ] --END-- [ RunTime:0.193077s ]
NOTIC: [8] A session had already been started - ignoring session_start() C:\inetpub\wwwroot\vegbasket\login.inc.php 第 2 行.
INFO: [ view_parse ] --START--
INFO: ParseTemplate Behavior ::run [ RunTime:1.011795s ]
INFO: [ view_parse ] --END-- [ RunTime:1.011945s ]
INFO: [ view_filter ] --START--
INFO: ContentReplace Behavior ::run [ RunTime:0.049665s ]
INFO: TokenBuild Behavior ::run [ RunTime:0.059739s ]
INFO: WriteHtmlCache Behavior ::run [ RunTime:0.103649s ]
INFO: ShowRuntime Behavior ::run [ RunTime:0.070587s ]
INFO: [ view_filter ] --END-- [ RunTime:0.283961s ]
INFO: [ view_end ] --START--
INFO: ShowPageTrace Behavior ::run [ RunTime:0.131820s ]
INFO: [ view_end ] --END-- [ RunTime:0.131921s ]

[ 2014-04-29T12:30:06+08:00 ] 0.0.0.0 /vegbasket/admin.php/Login
INFO: [ route_check ] --START--
INFO: CheckRoute Behavior ::run [ RunTime:0.004915s ]
INFO: [ route_check ] --END-- [ RunTime:0.005172s ]
INFO: [ app_begin ] --START--
INFO: ReadHtmlCache Behavior ::run [ RunTime:0.003983s ]
INFO: [ app_begin ] --END-- [ RunTime:0.004106s ]
INFO: [ view_parse ] --START--
INFO: ParseTemplate Behavior ::run [ RunTime:0.048157s ]
INFO: [ view_parse ] --END-- [ RunTime:0.048307s ]
INFO: [ view_filter ] --START--
INFO: ContentReplace Behavior ::run [ RunTime:0.002634s ]
INFO: TokenBuild Behavior ::run [ RunTime:0.002725s ]
INFO: WriteHtmlCache Behavior ::run [ RunTime:0.003000s ]
INFO: ShowRuntime Behavior ::run [ RunTime:0.008982s ]
INFO: [ view_filter ] --END-- [ RunTime:0.017691s ]
INFO: [ view_end ] --START--
INFO: ShowPageTrace Behavior ::run [ RunTime:0.002961s ]
INFO: [ view_end ] --END-- [ RunTime:0.003075s ]

[ 2014-04-29T12:30:07+08:00 ] 0.0.0.0 /vegbasket/admin.php/Login/verify
INFO: [ route_check ] --START--
INFO: CheckRoute Behavior ::run [ RunTime:0.004362s ]
INFO: [ route_check ] --END-- [ RunTime:0.004517s ]
INFO: [ app_begin ] --START--
INFO: ReadHtmlCache Behavior ::run [ RunTime:0.002844s ]
INFO: [ app_begin ] --END-- [ RunTime:0.002978s ]

[ 2014-04-29T12:30:20+08:00 ] 0.0.0.0 /vegbasket/admin.php/Login/check
INFO: [ route_check ] --START--
INFO: CheckRoute Behavior ::run [ RunTime:0.002474s ]
INFO: [ route_check ] --END-- [ RunTime:0.002610s ]
INFO: [ app_begin ] --START--
INFO: ReadHtmlCache Behavior ::run [ RunTime:0.001842s ]
INFO: [ app_begin ] --END-- [ RunTime:0.001947s ]
SQL: SHOW COLUMNS FROM `admin` [ RunTime:0.079507s ]
SQL: SELECT `admin_pwd`,`admin_name` FROM `admin` WHERE ( admin_name="admin" ) LIMIT 1   [ RunTime:0.001388s ]
NOTIC: [8] A session had already been started - ignoring session_start() C:\inetpub\wwwroot\vegbasket\admin\Lib\Action\LoginAction.class.php 第 35 行.

[ 2014-04-29T12:30:23+08:00 ] 0.0.0.0 /vegbasket/admin.php/Login/check.html
INFO: [ route_check ] --START--
INFO: CheckRoute Behavior ::run [ RunTime:0.003085s ]
INFO: [ route_check ] --END-- [ RunTime:0.003233s ]
INFO: [ app_begin ] --START--
INFO: ReadHtmlCache Behavior ::run [ RunTime:0.001935s ]
INFO: [ app_begin ] --END-- [ RunTime:0.002046s ]
SQL: SHOW COLUMNS FROM `admin` [ RunTime:0.009687s ]
SQL: SELECT `admin_pwd`,`admin_name` FROM `admin` WHERE ( admin_name="admin" ) LIMIT 1   [ RunTime:0.001259s ]
NOTIC: [8] A session had already been started - ignoring session_start() C:\inetpub\wwwroot\vegbasket\admin\Lib\Action\LoginAction.class.php 第 35 行.

[ 2014-04-29T12:30:23+08:00 ] 0.0.0.0 /vegbasket/admin.php
INFO: [ app_begin ] --START--
INFO: ReadHtmlCache Behavior ::run [ RunTime:0.001886s ]
INFO: [ app_begin ] --END-- [ RunTime:0.002008s ]
NOTIC: [8] A session had already been started - ignoring session_start() C:\inetpub\wwwroot\vegbasket\admin\Lib\Action\IndexAction.class.php 第 12 行.
INFO: [ view_parse ] --START--
INFO: ParseTemplate Behavior ::run [ RunTime:0.050978s ]
INFO: [ view_parse ] --END-- [ RunTime:0.051120s ]
INFO: [ view_filter ] --START--
INFO: ContentReplace Behavior ::run [ RunTime:0.003335s ]
INFO: TokenBuild Behavior ::run [ RunTime:0.002430s ]
INFO: WriteHtmlCache Behavior ::run [ RunTime:0.014624s ]
INFO: ShowRuntime Behavior ::run [ RunTime:0.008085s ]
INFO: [ view_filter ] --END-- [ RunTime:0.028815s ]
INFO: [ view_end ] --START--
INFO: ShowPageTrace Behavior ::run [ RunTime:0.005444s ]
INFO: [ view_end ] --END-- [ RunTime:0.005566s ]

[ 2014-04-29T12:30:24+08:00 ] 0.0.0.0 /vegbasket/admin.php/Index/top.html
INFO: [ route_check ] --START--
INFO: CheckRoute Behavior ::run [ RunTime:0.006776s ]
INFO: [ route_check ] --END-- [ RunTime:0.006937s ]
INFO: [ app_begin ] --START--
INFO: ReadHtmlCache Behavior ::run [ RunTime:0.005291s ]
INFO: [ app_begin ] --END-- [ RunTime:0.005422s ]
NOTIC: [8] Constant THEME_NAME already defined C:\inetpub\wwwroot\vegbasket\ThinkPHP\Lib\Core\View.class.php 第 223 行.
NOTIC: [8] Constant THEME_PATH already defined C:\inetpub\wwwroot\vegbasket\ThinkPHP\Lib\Core\View.class.php 第 174 行.
NOTIC: [8] Constant APP_TMPL_PATH already defined C:\inetpub\wwwroot\vegbasket\ThinkPHP\Lib\Core\View.class.php 第 175 行.
INFO: [ view_parse ] --START--
INFO: ParseTemplate Behavior ::run [ RunTime:0.043943s ]
INFO: [ view_parse ] --END-- [ RunTime:0.044061s ]
INFO: [ view_filter ] --START--
INFO: ContentReplace Behavior ::run [ RunTime:0.001878s ]
INFO: TokenBuild Behavior ::run [ RunTime:0.007208s ]
INFO: WriteHtmlCache Behavior ::run [ RunTime:0.038329s ]
INFO: ShowRuntime Behavior ::run [ RunTime:0.003253s ]
INFO: [ view_filter ] --END-- [ RunTime:0.050977s ]
INFO: [ view_end ] --START--
INFO: ShowPageTrace Behavior ::run [ RunTime:0.003415s ]
INFO: [ view_end ] --END-- [ RunTime:0.003517s ]

[ 2014-04-29T12:30:24+08:00 ] 0.0.0.0 /vegbasket/admin.php/Webconfig/index.html
INFO: [ route_check ] --START--
INFO: CheckRoute Behavior ::run [ RunTime:0.004759s ]
INFO: [ route_check ] --END-- [ RunTime:0.004889s ]
INFO: [ app_begin ] --START--
INFO: ReadHtmlCache Behavior ::run [ RunTime:0.001977s ]
INFO: [ app_begin ] --END-- [ RunTime:0.002085s ]
NOTIC: [8] A session had already been started - ignoring session_start() C:\inetpub\wwwroot\vegbasket\login.inc.php 第 2 行.
INFO: [ view_parse ] --START--
INFO: ParseTemplate Behavior ::run [ RunTime:0.023646s ]
INFO: [ view_parse ] --END-- [ RunTime:0.023767s ]
INFO: [ view_filter ] --START--
INFO: ContentReplace Behavior ::run [ RunTime:0.002661s ]
INFO: TokenBuild Behavior ::run [ RunTime:0.001609s ]
INFO: WriteHtmlCache Behavior ::run [ RunTime:0.003066s ]
INFO: ShowRuntime Behavior ::run [ RunTime:0.001876s ]
INFO: [ view_filter ] --END-- [ RunTime:0.009509s ]
INFO: [ view_end ] --START--
INFO: ShowPageTrace Behavior ::run [ RunTime:0.003117s ]
INFO: [ view_end ] --END-- [ RunTime:0.003221s ]

[ 2014-04-29T12:30:24+08:00 ] 0.0.0.0 /vegbasket/admin.php/Index/left.html
INFO: [ route_check ] --START--
INFO: CheckRoute Behavior ::run [ RunTime:0.002971s ]
INFO: [ route_check ] --END-- [ RunTime:0.003108s ]
INFO: [ app_begin ] --START--
INFO: ReadHtmlCache Behavior ::run [ RunTime:0.003057s ]
INFO: [ app_begin ] --END-- [ RunTime:0.003188s ]
NOTIC: [8] Constant THEME_NAME already defined C:\inetpub\wwwroot\vegbasket\ThinkPHP\Lib\Core\View.class.php 第 223 行.
NOTIC: [8] Constant THEME_PATH already defined C:\inetpub\wwwroot\vegbasket\ThinkPHP\Lib\Core\View.class.php 第 174 行.
NOTIC: [8] Constant APP_TMPL_PATH already defined C:\inetpub\wwwroot\vegbasket\ThinkPHP\Lib\Core\View.class.php 第 175 行.
INFO: [ view_parse ] --START--
INFO: ParseTemplate Behavior ::run [ RunTime:0.073823s ]
INFO: [ view_parse ] --END-- [ RunTime:0.073940s ]
INFO: [ view_filter ] --START--
INFO: ContentReplace Behavior ::run [ RunTime:0.003041s ]
INFO: TokenBuild Behavior ::run [ RunTime:0.001924s ]
INFO: WriteHtmlCache Behavior ::run [ RunTime:0.002224s ]
INFO: ShowRuntime Behavior ::run [ RunTime:0.001990s ]
INFO: [ view_filter ] --END-- [ RunTime:0.009477s ]
INFO: [ view_end ] --START--
INFO: ShowPageTrace Behavior ::run [ RunTime:0.002784s ]
INFO: [ view_end ] --END-- [ RunTime:0.002878s ]

[ 2014-04-29T12:30:26+08:00 ] 0.0.0.0 /vegbasket/admin.php/Webconfig/index.html
INFO: [ route_check ] --START--
INFO: CheckRoute Behavior ::run [ RunTime:0.002323s ]
INFO: [ route_check ] --END-- [ RunTime:0.002449s ]
INFO: [ app_begin ] --START--
INFO: ReadHtmlCache Behavior ::run [ RunTime:0.002541s ]
INFO: [ app_begin ] --END-- [ RunTime:0.002662s ]
NOTIC: [8] A session had already been started - ignoring session_start() C:\inetpub\wwwroot\vegbasket\login.inc.php 第 2 行.
INFO: [ view_parse ] --START--
INFO: ParseTemplate Behavior ::run [ RunTime:0.022049s ]
INFO: [ view_parse ] --END-- [ RunTime:0.022169s ]
INFO: [ view_filter ] --START--
INFO: ContentReplace Behavior ::run [ RunTime:0.001903s ]
INFO: TokenBuild Behavior ::run [ RunTime:0.001619s ]
INFO: WriteHtmlCache Behavior ::run [ RunTime:0.001663s ]
INFO: ShowRuntime Behavior ::run [ RunTime:0.002027s ]
INFO: [ view_filter ] --END-- [ RunTime:0.007523s ]
INFO: [ view_end ] --START--
INFO: ShowPageTrace Behavior ::run [ RunTime:0.003250s ]
INFO: [ view_end ] --END-- [ RunTime:0.003383s ]

[ 2014-04-29T12:30:27+08:00 ] 0.0.0.0 /vegbasket/admin.php/Webconfig/advanced.html
INFO: [ route_check ] --START--
INFO: CheckRoute Behavior ::run [ RunTime:0.002614s ]
INFO: [ route_check ] --END-- [ RunTime:0.002745s ]
INFO: [ app_begin ] --START--
INFO: ReadHtmlCache Behavior ::run [ RunTime:0.003223s ]
INFO: [ app_begin ] --END-- [ RunTime:0.003337s ]
NOTIC: [8] A session had already been started - ignoring session_start() C:\inetpub\wwwroot\vegbasket\login.inc.php 第 2 行.
ERR: 非法操作:advanced

[ 2014-04-29T12:50:15+08:00 ] 0.0.0.0 /vegbasket/admin.php/Product/addProduct.html
INFO: [ route_check ] --START--
INFO: CheckRoute Behavior ::run [ RunTime:0.005636s ]
INFO: [ route_check ] --END-- [ RunTime:0.005784s ]
INFO: [ app_begin ] --START--
INFO: ReadHtmlCache Behavior ::run [ RunTime:0.004588s ]
INFO: [ app_begin ] --END-- [ RunTime:0.004721s ]
NOTIC: [8] A session had already been started - ignoring session_start() C:\inetpub\wwwroot\vegbasket\login.inc.php 第 2 行.
NOTIC: [8] Undefined index: pname C:\inetpub\wwwroot\vegbasket\admin\Lib\Action\ProductAction.class.php 第 38 行.
NOTIC: [8] Undefined index: cname C:\inetpub\wwwroot\vegbasket\admin\Lib\Action\ProductAction.class.php 第 39 行.
NOTIC: [8] Undefined index: pdesc C:\inetpub\wwwroot\vegbasket\admin\Lib\Action\ProductAction.class.php 第 40 行.
SQL: SHOW COLUMNS FROM `category` [ RunTime:0.137026s ]
SQL: SELECT * FROM `category`  [ RunTime:0.003024s ]
INFO: [ view_parse ] --START--
NOTIC: [8] Undefined variable: test C:\inetpub\wwwroot\vegbasket\admin\Runtime\Cache\4701b018f5ef1fd53f16d0e12e8a5d9d.php 第 85 行.
INFO: ParseTemplate Behavior ::run [ RunTime:0.085078s ]
INFO: [ view_parse ] --END-- [ RunTime:0.085187s ]
INFO: [ view_filter ] --START--
INFO: ContentReplace Behavior ::run [ RunTime:0.004973s ]
INFO: TokenBuild Behavior ::run [ RunTime:0.003716s ]
INFO: WriteHtmlCache Behavior ::run [ RunTime:0.003083s ]
INFO: ShowRuntime Behavior ::run [ RunTime:0.008850s ]
INFO: [ view_filter ] --END-- [ RunTime:0.021230s ]
INFO: [ view_end ] --START--
INFO: ShowPageTrace Behavior ::run [ RunTime:0.005976s ]
INFO: [ view_end ] --END-- [ RunTime:0.006448s ]

[ 2014-04-29T13:44:25+08:00 ] 0.0.0.0 /vegbasket/admin.php/Product/addProduct.html
INFO: [ route_check ] --START--
INFO: CheckRoute Behavior ::run [ RunTime:0.013457s ]
INFO: [ route_check ] --END-- [ RunTime:0.013651s ]
INFO: [ app_begin ] --START--
INFO: ReadHtmlCache Behavior ::run [ RunTime:0.009070s ]
INFO: [ app_begin ] --END-- [ RunTime:0.009346s ]
NOTIC: [8] A session had already been started - ignoring session_start() C:\inetpub\wwwroot\vegbasket\login.inc.php 第 2 行.
NOTIC: [8] Undefined index: pname C:\inetpub\wwwroot\vegbasket\admin\Lib\Action\ProductAction.class.php 第 38 行.
NOTIC: [8] Undefined index: cname C:\inetpub\wwwroot\vegbasket\admin\Lib\Action\ProductAction.class.php 第 39 行.
NOTIC: [8] Undefined index: pdesc C:\inetpub\wwwroot\vegbasket\admin\Lib\Action\ProductAction.class.php 第 40 行.
SQL: SHOW COLUMNS FROM `category` [ RunTime:0.085449s ]
SQL: SELECT * FROM `category`  [ RunTime:0.001614s ]
INFO: [ view_parse ] --START--
NOTIC: [8] Undefined variable: test C:\inetpub\wwwroot\vegbasket\admin\Runtime\Cache\4701b018f5ef1fd53f16d0e12e8a5d9d.php 第 85 行.
INFO: ParseTemplate Behavior ::run [ RunTime:0.088743s ]
INFO: [ view_parse ] --END-- [ RunTime:0.088850s ]
INFO: [ view_filter ] --START--
INFO: ContentReplace Behavior ::run [ RunTime:0.011698s ]
INFO: TokenBuild Behavior ::run [ RunTime:0.005614s ]
INFO: WriteHtmlCache Behavior ::run [ RunTime:0.003554s ]
INFO: ShowRuntime Behavior ::run [ RunTime:0.002763s ]
INFO: [ view_filter ] --END-- [ RunTime:0.023945s ]
INFO: [ view_end ] --START--
INFO: ShowPageTrace Behavior ::run [ RunTime:0.009569s ]
INFO: [ view_end ] --END-- [ RunTime:0.009665s ]

[ 2014-04-29T13:44:27+08:00 ] 0.0.0.0 /vegbasket/admin.php/Price/addPrice.html
INFO: [ route_check ] --START--
INFO: CheckRoute Behavior ::run [ RunTime:0.014560s ]
INFO: [ route_check ] --END-- [ RunTime:0.014729s ]
INFO: [ app_begin ] --START--
INFO: ReadHtmlCache Behavior ::run [ RunTime:0.008710s ]
INFO: [ app_begin ] --END-- [ RunTime:0.008823s ]
NOTIC: [8] A session had already been started - ignoring session_start() C:\inetpub\wwwroot\vegbasket\login.inc.php 第 2 行.
SQL: SHOW COLUMNS FROM `price` [ RunTime:0.198798s ]
NOTIC: [8] Undefined index: date C:\inetpub\wwwroot\vegbasket\admin\Lib\Action\PriceAction.class.php 第 79 行.
SQL: SHOW COLUMNS FROM `category` [ RunTime:0.010587s ]
SQL: SHOW COLUMNS FROM `city` [ RunTime:0.096666s ]
SQL: SELECT * FROM `category`  [ RunTime:0.000769s ]
SQL: SELECT * FROM `city`  [ RunTime:0.001927s ]
SQL: SELECT * FROM `city` WHERE ( `city_name` = '广州' ) LIMIT 1   [ RunTime:0.018517s ]
SQL: SHOW COLUMNS FROM `market` [ RunTime:0.041764s ]
SQL: SELECT * FROM `market` WHERE ( `city_id` = '1' )  [ RunTime:0.021774s ]
SQL: SELECT * FROM `category` WHERE ( `category_name` = '蔬菜' ) LIMIT 1   [ RunTime:0.000974s ]
SQL: SHOW COLUMNS FROM `product` [ RunTime:0.078011s ]
SQL: SELECT * FROM `product` WHERE ( `category_id` = '1' )  [ RunTime:0.068692s ]
INFO: [ view_parse ] --START--
NOTIC: [8] Undefined variable: test C:\inetpub\wwwroot\vegbasket\admin\Runtime\Cache\a910f536c864825337e38ca551aada1f.php 第 104 行.
INFO: ParseTemplate Behavior ::run [ RunTime:0.062301s ]
INFO: [ view_parse ] --END-- [ RunTime:0.062397s ]
INFO: [ view_filter ] --START--
INFO: ContentReplace Behavior ::run [ RunTime:0.001365s ]
INFO: TokenBuild Behavior ::run [ RunTime:0.002265s ]
INFO: WriteHtmlCache Behavior ::run [ RunTime:0.001377s ]
INFO: ShowRuntime Behavior ::run [ RunTime:0.001780s ]
INFO: [ view_filter ] --END-- [ RunTime:0.007175s ]
INFO: [ view_end ] --START--
INFO: ShowPageTrace Behavior ::run [ RunTime:0.002312s ]
INFO: [ view_end ] --END-- [ RunTime:0.002419s ]

[ 2014-04-29T13:44:29+08:00 ] 0.0.0.0 /vegbasket/admin.php/Price/index.html
INFO: [ route_check ] --START--
INFO: CheckRoute Behavior ::run [ RunTime:0.001780s ]
INFO: [ route_check ] --END-- [ RunTime:0.001983s ]
INFO: [ app_begin ] --START--
INFO: ReadHtmlCache Behavior ::run [ RunTime:0.001604s ]
INFO: [ app_begin ] --END-- [ RunTime:0.001730s ]
NOTIC: [8] A session had already been started - ignoring session_start() C:\inetpub\wwwroot\vegbasket\login.inc.php 第 2 行.
SQL: SHOW COLUMNS FROM `priceinfo` [ RunTime:0.353550s ]
SQL: SELECT * FROM `priceinfo`  [ RunTime:0.162406s ]
NOTIC: [8] Undefined variable: url C:\inetpub\wwwroot\vegbasket\admin\Lib\Action\PriceAction.class.php 第 199 行.
NOTIC: [8] Undefined variable: scroll C:\inetpub\wwwroot\vegbasket\admin\Lib\ORG\Page.class.php 第 51 行.
NOTIC: [2] Invalid argument supplied for foreach() C:\inetpub\wwwroot\vegbasket\admin\Lib\Action\PriceAction.class.php 第 211 行.
INFO: [ view_parse ] --START--
INFO: ParseTemplate Behavior ::run [ RunTime:0.047112s ]
INFO: [ view_parse ] --END-- [ RunTime:0.047231s ]
INFO: [ view_filter ] --START--
INFO: ContentReplace Behavior ::run [ RunTime:0.001114s ]
INFO: TokenBuild Behavior ::run [ RunTime:0.001174s ]
INFO: WriteHtmlCache Behavior ::run [ RunTime:0.000901s ]
INFO: ShowRuntime Behavior ::run [ RunTime:0.001145s ]
INFO: [ view_filter ] --END-- [ RunTime:0.004615s ]
INFO: [ view_end ] --START--
INFO: ShowPageTrace Behavior ::run [ RunTime:0.001879s ]
INFO: [ view_end ] --END-- [ RunTime:0.001994s ]

[ 2014-04-29T13:44:52+08:00 ] 0.0.0.0 /vegbasket/admin.php/Login/outlogin.html
INFO: [ route_check ] --START--
INFO: CheckRoute Behavior ::run [ RunTime:0.001686s ]
INFO: [ route_check ] --END-- [ RunTime:0.001816s ]
INFO: [ app_begin ] --START--
INFO: ReadHtmlCache Behavior ::run [ RunTime:0.001468s ]
INFO: [ app_begin ] --END-- [ RunTime:0.001835s ]
NOTIC: [8] A session had already been started - ignoring session_start() C:\inetpub\wwwroot\vegbasket\admin\Lib\Action\LoginAction.class.php 第 48 行.

[ 2014-04-29T13:44:53+08:00 ] 0.0.0.0 /vegbasket/admin.php/Login
INFO: [ route_check ] --START--
INFO: CheckRoute Behavior ::run [ RunTime:0.001505s ]
INFO: [ route_check ] --END-- [ RunTime:0.001623s ]
INFO: [ app_begin ] --START--
INFO: ReadHtmlCache Behavior ::run [ RunTime:0.001170s ]
INFO: [ app_begin ] --END-- [ RunTime:0.001273s ]
INFO: [ view_parse ] --START--
INFO: ParseTemplate Behavior ::run [ RunTime:0.035838s ]
INFO: [ view_parse ] --END-- [ RunTime:0.035954s ]
INFO: [ view_filter ] --START--
INFO: ContentReplace Behavior ::run [ RunTime:0.001002s ]
INFO: TokenBuild Behavior ::run [ RunTime:0.000960s ]
INFO: WriteHtmlCache Behavior ::run [ RunTime:0.000901s ]
INFO: ShowRuntime Behavior ::run [ RunTime:0.001167s ]
INFO: [ view_filter ] --END-- [ RunTime:0.004335s ]
INFO: [ view_end ] --START--
INFO: ShowPageTrace Behavior ::run [ RunTime:0.001913s ]
INFO: [ view_end ] --END-- [ RunTime:0.002021s ]

[ 2014-04-29T13:44:53+08:00 ] 0.0.0.0 /vegbasket/admin.php/Login/verify
INFO: [ route_check ] --START--
INFO: CheckRoute Behavior ::run [ RunTime:0.002473s ]
INFO: [ route_check ] --END-- [ RunTime:0.002612s ]
INFO: [ app_begin ] --START--
INFO: ReadHtmlCache Behavior ::run [ RunTime:0.001325s ]
INFO: [ app_begin ] --END-- [ RunTime:0.001437s ]

