[ 2014-05-13T00:07:46+08:00 ] 0.0.0.0 /vegbasket/admin.php
INFO: [ app_begin ] --START--
INFO: ReadHtmlCache Behavior ::run [ RunTime:0.112764s ]
INFO: [ app_begin ] --END-- [ RunTime:0.298974s ]
NOTIC: [8] A session had already been started - ignoring session_start() C:\inetpub\wwwroot\vegbasket\admin\Lib\Action\IndexAction.class.php 第 12 行.

[ 2014-05-13T00:07:47+08:00 ] 0.0.0.0 /vegbasket/admin.php/Login
INFO: [ route_check ] --START--
INFO: CheckRoute Behavior ::run [ RunTime:0.083366s ]
INFO: [ route_check ] --END-- [ RunTime:0.083514s ]
INFO: [ app_begin ] --START--
INFO: ReadHtmlCache Behavior ::run [ RunTime:0.001758s ]
INFO: [ app_begin ] --END-- [ RunTime:0.001865s ]
INFO: [ view_parse ] --START--
INFO: ParseTemplate Behavior ::run [ RunTime:0.350268s ]
INFO: [ view_parse ] --END-- [ RunTime:0.350386s ]
INFO: [ view_filter ] --START--
INFO: ContentReplace Behavior ::run [ RunTime:0.028463s ]
INFO: TokenBuild Behavior ::run [ RunTime:0.027808s ]
INFO: WriteHtmlCache Behavior ::run [ RunTime:0.015504s ]
INFO: ShowRuntime Behavior ::run [ RunTime:0.003497s ]
INFO: [ view_filter ] --END-- [ RunTime:0.075645s ]
INFO: [ view_end ] --START--
INFO: ShowPageTrace Behavior ::run [ RunTime:0.032761s ]
INFO: [ view_end ] --END-- [ RunTime:0.033467s ]

[ 2014-05-13T00:07:51+08:00 ] 0.0.0.0 /vegbasket/admin.php/Login/verify
INFO: [ route_check ] --START--
INFO: CheckRoute Behavior ::run [ RunTime:0.002007s ]
INFO: [ route_check ] --END-- [ RunTime:0.002126s ]
INFO: [ app_begin ] --START--
INFO: ReadHtmlCache Behavior ::run [ RunTime:0.002213s ]
INFO: [ app_begin ] --END-- [ RunTime:0.002324s ]

[ 2014-05-13T00:10:35+08:00 ] 0.0.0.0 /vegbasket/admin.php/Login/check
INFO: [ route_check ] --START--
INFO: CheckRoute Behavior ::run [ RunTime:0.004415s ]
INFO: [ route_check ] --END-- [ RunTime:0.004551s ]
INFO: [ app_begin ] --START--
INFO: ReadHtmlCache Behavior ::run [ RunTime:0.003097s ]
INFO: [ app_begin ] --END-- [ RunTime:0.003217s ]
SQL: SHOW COLUMNS FROM `admin` [ RunTime:1.048411s ]
SQL: SELECT `admin_pwd`,`admin_name` FROM `admin` WHERE ( admin_name="admin" ) LIMIT 1   [ RunTime:0.039283s ]
NOTIC: [8] A session had already been started - ignoring session_start() C:\inetpub\wwwroot\vegbasket\admin\Lib\Action\LoginAction.class.php 第 35 行.

[ 2014-05-13T00:10:38+08:00 ] 0.0.0.0 /vegbasket/admin.php/Login/check.html
INFO: [ route_check ] --START--
INFO: CheckRoute Behavior ::run [ RunTime:0.002111s ]
INFO: [ route_check ] --END-- [ RunTime:0.002241s ]
INFO: [ app_begin ] --START--
INFO: ReadHtmlCache Behavior ::run [ RunTime:0.001708s ]
INFO: [ app_begin ] --END-- [ RunTime:0.001813s ]
SQL: SHOW COLUMNS FROM `admin` [ RunTime:0.016689s ]
SQL: SELECT `admin_pwd`,`admin_name` FROM `admin` WHERE ( admin_name="admin" ) LIMIT 1   [ RunTime:0.001636s ]
NOTIC: [8] A session had already been started - ignoring session_start() C:\inetpub\wwwroot\vegbasket\admin\Lib\Action\LoginAction.class.php 第 35 行.

[ 2014-05-13T00:10:39+08:00 ] 0.0.0.0 /vegbasket/admin.php
INFO: [ app_begin ] --START--
INFO: ReadHtmlCache Behavior ::run [ RunTime:0.002536s ]
INFO: [ app_begin ] --END-- [ RunTime:0.002683s ]
NOTIC: [8] A session had already been started - ignoring session_start() C:\inetpub\wwwroot\vegbasket\admin\Lib\Action\IndexAction.class.php 第 12 行.
INFO: [ view_parse ] --START--
INFO: ParseTemplate Behavior ::run [ RunTime:0.085496s ]
INFO: [ view_parse ] --END-- [ RunTime:0.085619s ]
INFO: [ view_filter ] --START--
INFO: ContentReplace Behavior ::run [ RunTime:0.002243s ]
INFO: TokenBuild Behavior ::run [ RunTime:0.002270s ]
INFO: WriteHtmlCache Behavior ::run [ RunTime:0.002749s ]
INFO: ShowRuntime Behavior ::run [ RunTime:0.002544s ]
INFO: [ view_filter ] --END-- [ RunTime:0.010100s ]
INFO: [ view_end ] --START--
INFO: ShowPageTrace Behavior ::run [ RunTime:0.004108s ]
INFO: [ view_end ] --END-- [ RunTime:0.004200s ]

[ 2014-05-13T00:10:39+08:00 ] 0.0.0.0 /vegbasket/admin.php/Index/top.html
INFO: [ route_check ] --START--
INFO: CheckRoute Behavior ::run [ RunTime:0.002443s ]
INFO: [ route_check ] --END-- [ RunTime:0.002588s ]
INFO: [ app_begin ] --START--
INFO: ReadHtmlCache Behavior ::run [ RunTime:0.001800s ]
INFO: [ app_begin ] --END-- [ RunTime:0.001910s ]
NOTIC: [8] Constant THEME_NAME already defined C:\inetpub\wwwroot\vegbasket\ThinkPHP\Lib\Core\View.class.php 第 223 行.
NOTIC: [8] Constant THEME_PATH already defined C:\inetpub\wwwroot\vegbasket\ThinkPHP\Lib\Core\View.class.php 第 174 行.
NOTIC: [8] Constant APP_TMPL_PATH already defined C:\inetpub\wwwroot\vegbasket\ThinkPHP\Lib\Core\View.class.php 第 175 行.
INFO: [ view_parse ] --START--
INFO: ParseTemplate Behavior ::run [ RunTime:0.128741s ]
INFO: [ view_parse ] --END-- [ RunTime:0.128926s ]
INFO: [ view_filter ] --START--
INFO: ContentReplace Behavior ::run [ RunTime:0.001565s ]
INFO: TokenBuild Behavior ::run [ RunTime:0.001889s ]
INFO: WriteHtmlCache Behavior ::run [ RunTime:0.001708s ]
INFO: ShowRuntime Behavior ::run [ RunTime:0.001924s ]
INFO: [ view_filter ] --END-- [ RunTime:0.007432s ]
INFO: [ view_end ] --START--
INFO: ShowPageTrace Behavior ::run [ RunTime:0.004167s ]
INFO: [ view_end ] --END-- [ RunTime:0.004287s ]

[ 2014-05-13T00:10:39+08:00 ] 0.0.0.0 /vegbasket/admin.php/Webconfig/index.html
INFO: [ route_check ] --START--
INFO: CheckRoute Behavior ::run [ RunTime:0.006361s ]
INFO: [ route_check ] --END-- [ RunTime:0.006529s ]
INFO: [ app_begin ] --START--
INFO: ReadHtmlCache Behavior ::run [ RunTime:0.002468s ]
INFO: [ app_begin ] --END-- [ RunTime:0.002579s ]
NOTIC: [8] A session had already been started - ignoring session_start() C:\inetpub\wwwroot\vegbasket\login.inc.php 第 2 行.
INFO: [ view_parse ] --START--
INFO: ParseTemplate Behavior ::run [ RunTime:0.113745s ]
INFO: [ view_parse ] --END-- [ RunTime:0.113940s ]
INFO: [ view_filter ] --START--
INFO: ContentReplace Behavior ::run [ RunTime:0.002238s ]
INFO: TokenBuild Behavior ::run [ RunTime:0.002404s ]
INFO: WriteHtmlCache Behavior ::run [ RunTime:0.002228s ]
INFO: ShowRuntime Behavior ::run [ RunTime:0.002467s ]
INFO: [ view_filter ] --END-- [ RunTime:0.009625s ]
INFO: [ view_end ] --START--
INFO: ShowPageTrace Behavior ::run [ RunTime:0.002656s ]
INFO: [ view_end ] --END-- [ RunTime:0.002753s ]

[ 2014-05-13T00:10:41+08:00 ] 0.0.0.0 /vegbasket/admin.php/Index/left.html
INFO: [ route_check ] --START--
INFO: CheckRoute Behavior ::run [ RunTime:0.004797s ]
INFO: [ route_check ] --END-- [ RunTime:0.004984s ]
INFO: [ app_begin ] --START--
INFO: ReadHtmlCache Behavior ::run [ RunTime:0.002593s ]
INFO: [ app_begin ] --END-- [ RunTime:0.002717s ]
NOTIC: [8] Constant THEME_NAME already defined C:\inetpub\wwwroot\vegbasket\ThinkPHP\Lib\Core\View.class.php 第 223 行.
NOTIC: [8] Constant THEME_PATH already defined C:\inetpub\wwwroot\vegbasket\ThinkPHP\Lib\Core\View.class.php 第 174 行.
NOTIC: [8] Constant APP_TMPL_PATH already defined C:\inetpub\wwwroot\vegbasket\ThinkPHP\Lib\Core\View.class.php 第 175 行.
INFO: [ view_parse ] --START--
INFO: ParseTemplate Behavior ::run [ RunTime:0.146750s ]
INFO: [ view_parse ] --END-- [ RunTime:0.146880s ]
INFO: [ view_filter ] --START--
INFO: ContentReplace Behavior ::run [ RunTime:0.002459s ]
INFO: TokenBuild Behavior ::run [ RunTime:0.003305s ]
INFO: WriteHtmlCache Behavior ::run [ RunTime:0.002203s ]
INFO: ShowRuntime Behavior ::run [ RunTime:0.002367s ]
INFO: [ view_filter ] --END-- [ RunTime:0.010611s ]
INFO: [ view_end ] --START--
INFO: ShowPageTrace Behavior ::run [ RunTime:0.002644s ]
INFO: [ view_end ] --END-- [ RunTime:0.002740s ]

[ 2014-05-13T00:10:49+08:00 ] 0.0.0.0 /vegbasket/admin.php/Category/addCate.html
INFO: [ route_check ] --START--
INFO: CheckRoute Behavior ::run [ RunTime:0.002054s ]
INFO: [ route_check ] --END-- [ RunTime:0.002174s ]
INFO: [ app_begin ] --START--
INFO: ReadHtmlCache Behavior ::run [ RunTime:0.004194s ]
INFO: [ app_begin ] --END-- [ RunTime:0.004400s ]
NOTIC: [8] A session had already been started - ignoring session_start() C:\inetpub\wwwroot\vegbasket\login.inc.php 第 2 行.
NOTIC: [8] Undefined index: cname C:\inetpub\wwwroot\vegbasket\admin\Lib\Action\CategoryAction.class.php 第 21 行.
NOTIC: [8] Undefined index: cdesc C:\inetpub\wwwroot\vegbasket\admin\Lib\Action\CategoryAction.class.php 第 22 行.
INFO: [ view_parse ] --START--
INFO: ParseTemplate Behavior ::run [ RunTime:0.074048s ]
INFO: [ view_parse ] --END-- [ RunTime:0.074183s ]
INFO: [ view_filter ] --START--
INFO: ContentReplace Behavior ::run [ RunTime:0.001563s ]
INFO: TokenBuild Behavior ::run [ RunTime:0.001690s ]
INFO: WriteHtmlCache Behavior ::run [ RunTime:0.001445s ]
INFO: ShowRuntime Behavior ::run [ RunTime:0.001636s ]
INFO: [ view_filter ] --END-- [ RunTime:0.006611s ]
INFO: [ view_end ] --START--
INFO: ShowPageTrace Behavior ::run [ RunTime:0.001821s ]
INFO: [ view_end ] --END-- [ RunTime:0.001913s ]

[ 2014-05-13T00:10:52+08:00 ] 0.0.0.0 /vegbasket/admin.php/Category/index.html
INFO: [ route_check ] --START--
INFO: CheckRoute Behavior ::run [ RunTime:0.001986s ]
INFO: [ route_check ] --END-- [ RunTime:0.002103s ]
INFO: [ app_begin ] --START--
INFO: ReadHtmlCache Behavior ::run [ RunTime:0.002560s ]
INFO: [ app_begin ] --END-- [ RunTime:0.002678s ]
NOTIC: [8] A session had already been started - ignoring session_start() C:\inetpub\wwwroot\vegbasket\login.inc.php 第 2 行.
SQL: SHOW COLUMNS FROM `category` [ RunTime:0.162459s ]
SQL: SELECT * FROM `category`  [ RunTime:0.000791s ]
INFO: [ view_parse ] --START--
INFO: ParseTemplate Behavior ::run [ RunTime:0.029356s ]
INFO: [ view_parse ] --END-- [ RunTime:0.029484s ]
INFO: [ view_filter ] --START--
INFO: ContentReplace Behavior ::run [ RunTime:0.001764s ]
INFO: TokenBuild Behavior ::run [ RunTime:0.001572s ]
INFO: WriteHtmlCache Behavior ::run [ RunTime:0.001451s ]
INFO: ShowRuntime Behavior ::run [ RunTime:0.001685s ]
INFO: [ view_filter ] --END-- [ RunTime:0.006749s ]
INFO: [ view_end ] --START--
INFO: ShowPageTrace Behavior ::run [ RunTime:0.002522s ]
INFO: [ view_end ] --END-- [ RunTime:0.002650s ]

[ 2014-05-13T00:10:58+08:00 ] 0.0.0.0 /vegbasket/admin.php/Price/index.html
INFO: [ route_check ] --START--
INFO: CheckRoute Behavior ::run [ RunTime:0.002068s ]
INFO: [ route_check ] --END-- [ RunTime:0.002188s ]
INFO: [ app_begin ] --START--
INFO: ReadHtmlCache Behavior ::run [ RunTime:0.002974s ]
INFO: [ app_begin ] --END-- [ RunTime:0.003085s ]
NOTIC: [8] A session had already been started - ignoring session_start() C:\inetpub\wwwroot\vegbasket\login.inc.php 第 2 行.
SQL: SHOW COLUMNS FROM `priceinfo` [ RunTime:0.697929s ]
SQL: SELECT * FROM `priceinfo`  [ RunTime:0.232436s ]
NOTIC: [8] Undefined variable: url C:\inetpub\wwwroot\vegbasket\admin\Lib\Action\PriceAction.class.php 第 199 行.
NOTIC: [8] Undefined variable: scroll C:\inetpub\wwwroot\vegbasket\admin\Lib\ORG\Page.class.php 第 51 行.
NOTIC: [2] Invalid argument supplied for foreach() C:\inetpub\wwwroot\vegbasket\admin\Lib\Action\PriceAction.class.php 第 211 行.
INFO: [ view_parse ] --START--
INFO: ParseTemplate Behavior ::run [ RunTime:0.107200s ]
INFO: [ view_parse ] --END-- [ RunTime:0.107315s ]
INFO: [ view_filter ] --START--
INFO: ContentReplace Behavior ::run [ RunTime:0.001639s ]
INFO: TokenBuild Behavior ::run [ RunTime:0.001739s ]
INFO: WriteHtmlCache Behavior ::run [ RunTime:0.002893s ]
INFO: ShowRuntime Behavior ::run [ RunTime:0.002731s ]
INFO: [ view_filter ] --END-- [ RunTime:0.009296s ]
INFO: [ view_end ] --START--
INFO: ShowPageTrace Behavior ::run [ RunTime:0.002590s ]
INFO: [ view_end ] --END-- [ RunTime:0.002687s ]

[ 2014-05-13T00:11:32+08:00 ] 0.0.0.0 /vegbasket/admin.php/News/index.html
INFO: [ route_check ] --START--
INFO: CheckRoute Behavior ::run [ RunTime:0.003327s ]
INFO: [ route_check ] --END-- [ RunTime:0.003444s ]
INFO: [ app_begin ] --START--
INFO: ReadHtmlCache Behavior ::run [ RunTime:0.003092s ]
INFO: [ app_begin ] --END-- [ RunTime:0.003209s ]
NOTIC: [8] A session had already been started - ignoring session_start() C:\inetpub\wwwroot\vegbasket\login.inc.php 第 2 行.
SQL: SHOW COLUMNS FROM `news` [ RunTime:0.222174s ]
SQL: SELECT * FROM `news`  [ RunTime:0.080188s ]
NOTIC: [8] Undefined variable: url C:\inetpub\wwwroot\vegbasket\admin\Lib\Action\NewsAction.class.php 第 95 行.
NOTIC: [8] Undefined variable: scroll C:\inetpub\wwwroot\vegbasket\admin\Lib\ORG\Page.class.php 第 51 行.
NOTIC: [2] Invalid argument supplied for foreach() C:\inetpub\wwwroot\vegbasket\admin\Lib\Action\NewsAction.class.php 第 107 行.
INFO: [ view_parse ] --START--
INFO: ParseTemplate Behavior ::run [ RunTime:0.059235s ]
INFO: [ view_parse ] --END-- [ RunTime:0.059357s ]
INFO: [ view_filter ] --START--
INFO: ContentReplace Behavior ::run [ RunTime:0.001609s ]
INFO: TokenBuild Behavior ::run [ RunTime:0.002723s ]
INFO: WriteHtmlCache Behavior ::run [ RunTime:0.001543s ]
INFO: ShowRuntime Behavior ::run [ RunTime:0.001743s ]
INFO: [ view_filter ] --END-- [ RunTime:0.007905s ]
INFO: [ view_end ] --START--
INFO: ShowPageTrace Behavior ::run [ RunTime:0.002087s ]
INFO: [ view_end ] --END-- [ RunTime:0.002183s ]

[ 2014-05-13T00:11:42+08:00 ] 0.0.0.0 /vegbasket/admin.php/Price/index.html
INFO: [ route_check ] --START--
INFO: CheckRoute Behavior ::run [ RunTime:0.001993s ]
INFO: [ route_check ] --END-- [ RunTime:0.002110s ]
INFO: [ app_begin ] --START--
INFO: ReadHtmlCache Behavior ::run [ RunTime:0.001744s ]
INFO: [ app_begin ] --END-- [ RunTime:0.001846s ]
NOTIC: [8] A session had already been started - ignoring session_start() C:\inetpub\wwwroot\vegbasket\login.inc.php 第 2 行.
SQL: SHOW COLUMNS FROM `priceinfo` [ RunTime:0.019289s ]
SQL: SELECT * FROM `priceinfo`  [ RunTime:0.194711s ]
NOTIC: [8] Undefined variable: url C:\inetpub\wwwroot\vegbasket\admin\Lib\Action\PriceAction.class.php 第 199 行.
NOTIC: [8] Undefined variable: scroll C:\inetpub\wwwroot\vegbasket\admin\Lib\ORG\Page.class.php 第 51 行.
NOTIC: [2] Invalid argument supplied for foreach() C:\inetpub\wwwroot\vegbasket\admin\Lib\Action\PriceAction.class.php 第 211 行.
INFO: [ view_parse ] --START--
INFO: ParseTemplate Behavior ::run [ RunTime:0.027117s ]
INFO: [ view_parse ] --END-- [ RunTime:0.027244s ]
INFO: [ view_filter ] --START--
INFO: ContentReplace Behavior ::run [ RunTime:0.002531s ]
INFO: TokenBuild Behavior ::run [ RunTime:0.002359s ]
INFO: WriteHtmlCache Behavior ::run [ RunTime:0.001935s ]
INFO: ShowRuntime Behavior ::run [ RunTime:0.002221s ]
INFO: [ view_filter ] --END-- [ RunTime:0.009359s ]
INFO: [ view_end ] --START--
INFO: ShowPageTrace Behavior ::run [ RunTime:0.003440s ]
INFO: [ view_end ] --END-- [ RunTime:0.003554s ]

