[ 2014-04-17T23:15:16+08:00 ] 0.0.0.0 /vegbasket/
INFO: [ app_begin ] --START--
INFO: ReadHtmlCache Behavior ::run [ RunTime:0.019498s ]
INFO: [ app_begin ] --END-- [ RunTime:0.138257s ]
SQL: SHOW COLUMNS FROM `priceinfo` [ RunTime:1.371559s ]
SQL: SHOW COLUMNS FROM `city` [ RunTime:0.011738s ]
SQL: SHOW COLUMNS FROM `category` [ RunTime:0.014942s ]
NOTIC: [8] Undefined index: date C:\inetpub\wwwroot\vegbasket\Lib\Action\IndexAction.class.php 第 12 行.
NOTIC: [8] Undefined index: category C:\inetpub\wwwroot\vegbasket\Lib\Action\IndexAction.class.php 第 13 行.
NOTIC: [8] Undefined index: city C:\inetpub\wwwroot\vegbasket\Lib\Action\IndexAction.class.php 第 15 行.
NOTIC: [8] Undefined index: keyword C:\inetpub\wwwroot\vegbasket\Lib\Action\IndexAction.class.php 第 16 行.
SQL: SELECT * FROM `city` WHERE ( `city_name` <> '广州' )  [ RunTime:0.003119s ]
SQL: SELECT * FROM `category` WHERE ( `category_name` <> '蔬菜' )  [ RunTime:0.001940s ]
SQL: SHOW COLUMNS FROM `news` [ RunTime:0.132140s ]
SQL: SELECT * FROM `news` ORDER BY public_date desc LIMIT 5   [ RunTime:0.045557s ]
SQL: SHOW COLUMNS FROM `product` [ RunTime:0.029888s ]
SQL: SELECT * FROM `product` ORDER BY search_count desc LIMIT 4   [ RunTime:0.037135s ]
SQL: SELECT COUNT(*) AS tp_count FROM `priceinfo` WHERE ( `pdate` = '2014-04-17' ) AND ( `category_name` = '蔬菜' ) AND ( `city_name` = '广州' ) LIMIT 1   [ RunTime:0.599630s ]
SQL: SELECT * FROM `priceinfo` WHERE ( `pdate` = '2014-04-17' ) AND ( `category_name` = '蔬菜' ) AND ( `city_name` = '广州' )  [ RunTime:0.041186s ]
NOTIC: [8] Undefined variable: url C:\inetpub\wwwroot\vegbasket\Lib\Action\IndexAction.class.php 第 131 行.
NOTIC: [8] Undefined variable: scroll C:\inetpub\wwwroot\vegbasket\Lib\ORG\Page.class.php 第 51 行.
NOTIC: [2] array_slice() expects parameter 1 to be array, null given C:\inetpub\wwwroot\vegbasket\Lib\Action\IndexAction.class.php 第 139 行.
NOTIC: [2] Invalid argument supplied for foreach() C:\inetpub\wwwroot\vegbasket\Lib\Action\IndexAction.class.php 第 143 行.
INFO: [ view_parse ] --START--
NOTIC: [8] Undefined variable: parameter C:\inetpub\wwwroot\vegbasket\Runtime\Cache\e73ed9118866169800a7b2dc2ec834a1.php 第 121 行.
NOTIC: [8] Undefined variable: parameter2 C:\inetpub\wwwroot\vegbasket\Runtime\Cache\e73ed9118866169800a7b2dc2ec834a1.php 第 122 行.
NOTIC: [8] Undefined variable: parameter3 C:\inetpub\wwwroot\vegbasket\Runtime\Cache\e73ed9118866169800a7b2dc2ec834a1.php 第 123 行.
INFO: ParseTemplate Behavior ::run [ RunTime:0.244591s ]
INFO: [ view_parse ] --END-- [ RunTime:0.244701s ]
INFO: [ view_filter ] --START--
INFO: ContentReplace Behavior ::run [ RunTime:0.029482s ]
INFO: TokenBuild Behavior ::run [ RunTime:0.002202s ]
INFO: WriteHtmlCache Behavior ::run [ RunTime:0.002494s ]
INFO: ShowRuntime Behavior ::run [ RunTime:0.002423s ]
INFO: [ view_filter ] --END-- [ RunTime:0.036927s ]
INFO: [ view_end ] --START--
INFO: ShowPageTrace Behavior ::run [ RunTime:0.002563s ]
INFO: [ view_end ] --END-- [ RunTime:0.002673s ]

