[ 2014-03-19T10:27:29+08:00 ] 0.0.0.0 /vegbasket/
INFO: [ app_begin ] --START--
INFO: ReadHtmlCache Behavior ::run [ RunTime:0.045480s ]
INFO: [ app_begin ] --END-- [ RunTime:0.208318s ]
SQL: SHOW COLUMNS FROM `priceinfo` [ RunTime:0.469448s ]
SQL: SELECT * FROM `priceinfo` LIMIT 10   [ RunTime:0.003880s ]
INFO: [ view_parse ] --START--
INFO: ParseTemplate Behavior ::run [ RunTime:0.223413s ]
INFO: [ view_parse ] --END-- [ RunTime:0.223565s ]
INFO: [ view_filter ] --START--
INFO: ContentReplace Behavior ::run [ RunTime:0.010512s ]
INFO: TokenBuild Behavior ::run [ RunTime:0.004012s ]
INFO: WriteHtmlCache Behavior ::run [ RunTime:0.003467s ]
INFO: ShowRuntime Behavior ::run [ RunTime:0.004896s ]
INFO: [ view_filter ] --END-- [ RunTime:0.023585s ]
INFO: [ view_end ] --START--
INFO: ShowPageTrace Behavior ::run [ RunTime:0.004087s ]
INFO: [ view_end ] --END-- [ RunTime:0.004199s ]

[ 2014-03-19T10:27:34+08:00 ] 0.0.0.0 /vegbasket/index.php/Search/searchkw?keyword=
INFO: [ route_check ] --START--
INFO: CheckRoute Behavior ::run [ RunTime:0.026823s ]
INFO: [ route_check ] --END-- [ RunTime:0.026944s ]
INFO: [ app_begin ] --START--
INFO: ReadHtmlCache Behavior ::run [ RunTime:0.001275s ]
INFO: [ app_begin ] --END-- [ RunTime:0.001374s ]
SQL: CALL search_product('') [ RunTime:0.308824s ]
INFO: [ view_parse ] --START--
INFO: ParseTemplate Behavior ::run [ RunTime:0.039005s ]
INFO: [ view_parse ] --END-- [ RunTime:0.039130s ]
INFO: [ view_filter ] --START--
INFO: ContentReplace Behavior ::run [ RunTime:0.002001s ]
INFO: TokenBuild Behavior ::run [ RunTime:0.001745s ]
INFO: WriteHtmlCache Behavior ::run [ RunTime:0.002521s ]
INFO: ShowRuntime Behavior ::run [ RunTime:0.001398s ]
INFO: [ view_filter ] --END-- [ RunTime:0.007972s ]
INFO: [ view_end ] --START--
INFO: ShowPageTrace Behavior ::run [ RunTime:0.001624s ]
INFO: [ view_end ] --END-- [ RunTime:0.001726s ]

[ 2014-03-19T10:36:26+08:00 ] 0.0.0.0 /vegbasket/
INFO: [ app_begin ] --START--
INFO: ReadHtmlCache Behavior ::run [ RunTime:0.004489s ]
INFO: [ app_begin ] --END-- [ RunTime:0.004677s ]
SQL: SHOW COLUMNS FROM `priceinfo` [ RunTime:0.016877s ]
SQL: SELECT * FROM `priceinfo` LIMIT 10   [ RunTime:0.003986s ]
INFO: [ view_parse ] --START--
INFO: ParseTemplate Behavior ::run [ RunTime:0.034703s ]
INFO: [ view_parse ] --END-- [ RunTime:0.034940s ]
INFO: [ view_filter ] --START--
INFO: ContentReplace Behavior ::run [ RunTime:0.001904s ]
INFO: TokenBuild Behavior ::run [ RunTime:0.002797s ]
INFO: WriteHtmlCache Behavior ::run [ RunTime:0.002146s ]
INFO: ShowRuntime Behavior ::run [ RunTime:0.001729s ]
INFO: [ view_filter ] --END-- [ RunTime:0.008864s ]
INFO: [ view_end ] --START--
INFO: ShowPageTrace Behavior ::run [ RunTime:0.001866s ]
INFO: [ view_end ] --END-- [ RunTime:0.001950s ]

[ 2014-03-19T10:37:52+08:00 ] 0.0.0.0 /vegbasket/
INFO: [ app_begin ] --START--
INFO: ReadHtmlCache Behavior ::run [ RunTime:0.002384s ]
INFO: [ app_begin ] --END-- [ RunTime:0.002743s ]
SQL: SHOW COLUMNS FROM `priceinfo` [ RunTime:0.017628s ]
SQL: SELECT * FROM `priceinfo` LIMIT 10   [ RunTime:0.003453s ]
INFO: [ view_parse ] --START--
INFO: ParseTemplate Behavior ::run [ RunTime:0.015644s ]
INFO: [ view_parse ] --END-- [ RunTime:0.015775s ]
INFO: [ view_filter ] --START--
INFO: ContentReplace Behavior ::run [ RunTime:0.002068s ]
INFO: TokenBuild Behavior ::run [ RunTime:0.001163s ]
INFO: WriteHtmlCache Behavior ::run [ RunTime:0.001034s ]
INFO: ShowRuntime Behavior ::run [ RunTime:0.001302s ]
INFO: [ view_filter ] --END-- [ RunTime:0.005828s ]
INFO: [ view_end ] --START--
INFO: ShowPageTrace Behavior ::run [ RunTime:0.001399s ]
INFO: [ view_end ] --END-- [ RunTime:0.001484s ]

[ 2014-03-19T10:38:19+08:00 ] 0.0.0.0 /vegbasket/
INFO: [ app_begin ] --START--
INFO: ReadHtmlCache Behavior ::run [ RunTime:0.001285s ]
INFO: [ app_begin ] --END-- [ RunTime:0.001401s ]
SQL: SHOW COLUMNS FROM `priceinfo` [ RunTime:0.012522s ]
SQL: SELECT * FROM `priceinfo` LIMIT 10   [ RunTime:0.003323s ]
INFO: [ view_parse ] --START--
INFO: ParseTemplate Behavior ::run [ RunTime:0.017308s ]
INFO: [ view_parse ] --END-- [ RunTime:0.017428s ]
INFO: [ view_filter ] --START--
INFO: ContentReplace Behavior ::run [ RunTime:0.001835s ]
INFO: TokenBuild Behavior ::run [ RunTime:0.001321s ]
INFO: WriteHtmlCache Behavior ::run [ RunTime:0.001309s ]
INFO: ShowRuntime Behavior ::run [ RunTime:0.001513s ]
INFO: [ view_filter ] --END-- [ RunTime:0.006268s ]
INFO: [ view_end ] --START--
INFO: ShowPageTrace Behavior ::run [ RunTime:0.002184s ]
INFO: [ view_end ] --END-- [ RunTime:0.002290s ]

[ 2014-03-19T10:38:22+08:00 ] 0.0.0.0 /vegbasket/
INFO: [ app_begin ] --START--
INFO: ReadHtmlCache Behavior ::run [ RunTime:0.001344s ]
INFO: [ app_begin ] --END-- [ RunTime:0.001460s ]
SQL: SHOW COLUMNS FROM `priceinfo` [ RunTime:0.013959s ]
SQL: SELECT * FROM `priceinfo` LIMIT 10   [ RunTime:0.003335s ]
INFO: [ view_parse ] --START--
INFO: ParseTemplate Behavior ::run [ RunTime:0.017052s ]
INFO: [ view_parse ] --END-- [ RunTime:0.017169s ]
INFO: [ view_filter ] --START--
INFO: ContentReplace Behavior ::run [ RunTime:0.001558s ]
INFO: TokenBuild Behavior ::run [ RunTime:0.001760s ]
INFO: WriteHtmlCache Behavior ::run [ RunTime:0.001518s ]
INFO: ShowRuntime Behavior ::run [ RunTime:0.001724s ]
INFO: [ view_filter ] --END-- [ RunTime:0.006875s ]
INFO: [ view_end ] --START--
INFO: ShowPageTrace Behavior ::run [ RunTime:0.001821s ]
INFO: [ view_end ] --END-- [ RunTime:0.001912s ]

[ 2014-03-19T10:39:24+08:00 ] 0.0.0.0 /vegbasket/
INFO: [ app_begin ] --START--
INFO: ReadHtmlCache Behavior ::run [ RunTime:0.002488s ]
INFO: [ app_begin ] --END-- [ RunTime:0.002619s ]
SQL: SHOW COLUMNS FROM `priceinfo` [ RunTime:0.015707s ]
SQL: SELECT * FROM `priceinfo` LIMIT 10   [ RunTime:0.003584s ]
INFO: [ view_parse ] --START--
INFO: ParseTemplate Behavior ::run [ RunTime:0.020262s ]
INFO: [ view_parse ] --END-- [ RunTime:0.020380s ]
INFO: [ view_filter ] --START--
INFO: ContentReplace Behavior ::run [ RunTime:0.001686s ]
INFO: TokenBuild Behavior ::run [ RunTime:0.003044s ]
INFO: WriteHtmlCache Behavior ::run [ RunTime:0.002663s ]
INFO: ShowRuntime Behavior ::run [ RunTime:0.001909s ]
INFO: [ view_filter ] --END-- [ RunTime:0.009617s ]
INFO: [ view_end ] --START--
INFO: ShowPageTrace Behavior ::run [ RunTime:0.001950s ]
INFO: [ view_end ] --END-- [ RunTime:0.002060s ]

[ 2014-03-19T10:40:15+08:00 ] 0.0.0.0 /vegbasket/
INFO: [ app_begin ] --START--
INFO: ReadHtmlCache Behavior ::run [ RunTime:0.001290s ]
INFO: [ app_begin ] --END-- [ RunTime:0.001403s ]
SQL: SHOW COLUMNS FROM `priceinfo` [ RunTime:0.010826s ]
SQL: SELECT * FROM `priceinfo` LIMIT 10   [ RunTime:0.002971s ]
INFO: [ view_parse ] --START--
INFO: ParseTemplate Behavior ::run [ RunTime:0.015463s ]
INFO: [ view_parse ] --END-- [ RunTime:0.015585s ]
INFO: [ view_filter ] --START--
INFO: ContentReplace Behavior ::run [ RunTime:0.001315s ]
INFO: TokenBuild Behavior ::run [ RunTime:0.001558s ]
INFO: WriteHtmlCache Behavior ::run [ RunTime:0.001224s ]
INFO: ShowRuntime Behavior ::run [ RunTime:0.002130s ]
INFO: [ view_filter ] --END-- [ RunTime:0.006549s ]
INFO: [ view_end ] --START--
INFO: ShowPageTrace Behavior ::run [ RunTime:0.002160s ]
INFO: [ view_end ] --END-- [ RunTime:0.002258s ]

[ 2014-03-19T10:43:50+08:00 ] 0.0.0.0 /vegbasket/
INFO: [ app_begin ] --START--
INFO: ReadHtmlCache Behavior ::run [ RunTime:0.002768s ]
INFO: [ app_begin ] --END-- [ RunTime:0.002892s ]
SQL: SHOW COLUMNS FROM `priceinfo` [ RunTime:0.016178s ]
SQL: SELECT * FROM `priceinfo` LIMIT 10   [ RunTime:0.002829s ]
INFO: [ view_parse ] --START--
INFO: ParseTemplate Behavior ::run [ RunTime:0.022132s ]
INFO: [ view_parse ] --END-- [ RunTime:0.022265s ]
INFO: [ view_filter ] --START--
INFO: ContentReplace Behavior ::run [ RunTime:0.001782s ]
INFO: TokenBuild Behavior ::run [ RunTime:0.001542s ]
INFO: WriteHtmlCache Behavior ::run [ RunTime:0.001418s ]
INFO: ShowRuntime Behavior ::run [ RunTime:0.001621s ]
INFO: [ view_filter ] --END-- [ RunTime:0.006629s ]
INFO: [ view_end ] --START--
INFO: ShowPageTrace Behavior ::run [ RunTime:0.001810s ]
INFO: [ view_end ] --END-- [ RunTime:0.001896s ]

[ 2014-03-19T10:44:42+08:00 ] 0.0.0.0 /vegbasket/
INFO: [ app_begin ] --START--
INFO: ReadHtmlCache Behavior ::run [ RunTime:0.001345s ]
INFO: [ app_begin ] --END-- [ RunTime:0.001463s ]
SQL: SHOW COLUMNS FROM `priceinfo` [ RunTime:0.012476s ]
SQL: SELECT * FROM `priceinfo` LIMIT 10   [ RunTime:0.003460s ]
INFO: [ view_parse ] --START--
INFO: ParseTemplate Behavior ::run [ RunTime:0.017717s ]
INFO: [ view_parse ] --END-- [ RunTime:0.017849s ]
INFO: [ view_filter ] --START--
INFO: ContentReplace Behavior ::run [ RunTime:0.001808s ]
INFO: TokenBuild Behavior ::run [ RunTime:0.001880s ]
INFO: WriteHtmlCache Behavior ::run [ RunTime:0.001240s ]
INFO: ShowRuntime Behavior ::run [ RunTime:0.001721s ]
INFO: [ view_filter ] --END-- [ RunTime:0.006946s ]
INFO: [ view_end ] --START--
INFO: ShowPageTrace Behavior ::run [ RunTime:0.002108s ]
INFO: [ view_end ] --END-- [ RunTime:0.002197s ]

[ 2014-03-19T10:48:27+08:00 ] 0.0.0.0 /vegbasket/
INFO: [ app_begin ] --START--
INFO: ReadHtmlCache Behavior ::run [ RunTime:0.002308s ]
INFO: [ app_begin ] --END-- [ RunTime:0.002433s ]
SQL: SHOW COLUMNS FROM `priceinfo` [ RunTime:0.017535s ]
SQL: SELECT * FROM `priceinfo` LIMIT 10   [ RunTime:0.004623s ]
INFO: [ view_parse ] --START--
INFO: ParseTemplate Behavior ::run [ RunTime:0.026285s ]
INFO: [ view_parse ] --END-- [ RunTime:0.026429s ]
INFO: [ view_filter ] --START--
INFO: ContentReplace Behavior ::run [ RunTime:0.001636s ]
INFO: TokenBuild Behavior ::run [ RunTime:0.002118s ]
INFO: WriteHtmlCache Behavior ::run [ RunTime:0.001733s ]
INFO: ShowRuntime Behavior ::run [ RunTime:0.002824s ]
INFO: [ view_filter ] --END-- [ RunTime:0.008681s ]
INFO: [ view_end ] --START--
INFO: ShowPageTrace Behavior ::run [ RunTime:0.002373s ]
INFO: [ view_end ] --END-- [ RunTime:0.002525s ]

[ 2014-03-19T10:48:30+08:00 ] 0.0.0.0 /vegbasket/
INFO: [ app_begin ] --START--
INFO: ReadHtmlCache Behavior ::run [ RunTime:0.001280s ]
INFO: [ app_begin ] --END-- [ RunTime:0.001397s ]
SQL: SHOW COLUMNS FROM `priceinfo` [ RunTime:0.018080s ]
SQL: SELECT * FROM `priceinfo` LIMIT 10   [ RunTime:0.004630s ]
INFO: [ view_parse ] --START--
INFO: ParseTemplate Behavior ::run [ RunTime:0.017159s ]
INFO: [ view_parse ] --END-- [ RunTime:0.017299s ]
INFO: [ view_filter ] --START--
INFO: ContentReplace Behavior ::run [ RunTime:0.001261s ]
INFO: TokenBuild Behavior ::run [ RunTime:0.001174s ]
INFO: WriteHtmlCache Behavior ::run [ RunTime:0.000996s ]
INFO: ShowRuntime Behavior ::run [ RunTime:0.002445s ]
INFO: [ view_filter ] --END-- [ RunTime:0.006187s ]
INFO: [ view_end ] --START--
INFO: ShowPageTrace Behavior ::run [ RunTime:0.002080s ]
INFO: [ view_end ] --END-- [ RunTime:0.002185s ]

[ 2014-03-19T10:50:40+08:00 ] 0.0.0.0 /vegbasket/
INFO: [ app_begin ] --START--
INFO: ReadHtmlCache Behavior ::run [ RunTime:0.002419s ]
INFO: [ app_begin ] --END-- [ RunTime:0.002543s ]
SQL: SHOW COLUMNS FROM `priceinfo` [ RunTime:0.015160s ]
SQL: SELECT * FROM `priceinfo` LIMIT 10   [ RunTime:0.003982s ]
INFO: [ view_parse ] --START--
INFO: ParseTemplate Behavior ::run [ RunTime:0.018232s ]
INFO: [ view_parse ] --END-- [ RunTime:0.018343s ]
INFO: [ view_filter ] --START--
INFO: ContentReplace Behavior ::run [ RunTime:0.001699s ]
INFO: TokenBuild Behavior ::run [ RunTime:0.001593s ]
INFO: WriteHtmlCache Behavior ::run [ RunTime:0.001454s ]
INFO: ShowRuntime Behavior ::run [ RunTime:0.001669s ]
INFO: [ view_filter ] --END-- [ RunTime:0.006684s ]
INFO: [ view_end ] --START--
INFO: ShowPageTrace Behavior ::run [ RunTime:0.003991s ]
INFO: [ view_end ] --END-- [ RunTime:0.004098s ]

[ 2014-03-19T10:53:44+08:00 ] 0.0.0.0 /vegbasket/
INFO: [ app_begin ] --START--
INFO: ReadHtmlCache Behavior ::run [ RunTime:0.002418s ]
INFO: [ app_begin ] --END-- [ RunTime:0.002555s ]
SQL: SHOW COLUMNS FROM `priceinfo` [ RunTime:0.016753s ]
SQL: SELECT * FROM `priceinfo` LIMIT 10   [ RunTime:0.003011s ]
INFO: [ view_parse ] --START--
INFO: ParseTemplate Behavior ::run [ RunTime:0.019353s ]
INFO: [ view_parse ] --END-- [ RunTime:0.019471s ]
INFO: [ view_filter ] --START--
INFO: ContentReplace Behavior ::run [ RunTime:0.001776s ]
INFO: TokenBuild Behavior ::run [ RunTime:0.002957s ]
INFO: WriteHtmlCache Behavior ::run [ RunTime:0.001818s ]
INFO: ShowRuntime Behavior ::run [ RunTime:0.001730s ]
INFO: [ view_filter ] --END-- [ RunTime:0.008557s ]
INFO: [ view_end ] --START--
INFO: ShowPageTrace Behavior ::run [ RunTime:0.003755s ]
INFO: [ view_end ] --END-- [ RunTime:0.003847s ]

[ 2014-03-19T10:54:02+08:00 ] 0.0.0.0 /vegbasket/
INFO: [ app_begin ] --START--
INFO: ReadHtmlCache Behavior ::run [ RunTime:0.001407s ]
INFO: [ app_begin ] --END-- [ RunTime:0.001536s ]
SQL: SHOW COLUMNS FROM `priceinfo` [ RunTime:0.017331s ]
SQL: SELECT * FROM `priceinfo` LIMIT 10   [ RunTime:0.005414s ]
INFO: [ view_parse ] --START--
INFO: ParseTemplate Behavior ::run [ RunTime:0.019037s ]
INFO: [ view_parse ] --END-- [ RunTime:0.019244s ]
INFO: [ view_filter ] --START--
INFO: ContentReplace Behavior ::run [ RunTime:0.001219s ]
INFO: TokenBuild Behavior ::run [ RunTime:0.001256s ]
INFO: WriteHtmlCache Behavior ::run [ RunTime:0.001002s ]
INFO: ShowRuntime Behavior ::run [ RunTime:0.001234s ]
INFO: [ view_filter ] --END-- [ RunTime:0.004979s ]
INFO: [ view_end ] --START--
INFO: ShowPageTrace Behavior ::run [ RunTime:0.001490s ]
INFO: [ view_end ] --END-- [ RunTime:0.001586s ]

[ 2014-03-19T10:54:20+08:00 ] 0.0.0.0 /vegbasket/
INFO: [ app_begin ] --START--
INFO: ReadHtmlCache Behavior ::run [ RunTime:0.001320s ]
INFO: [ app_begin ] --END-- [ RunTime:0.001455s ]
SQL: SHOW COLUMNS FROM `priceinfo` [ RunTime:0.019066s ]
SQL: SELECT * FROM `priceinfo` LIMIT 10   [ RunTime:0.004237s ]
INFO: [ view_parse ] --START--
INFO: ParseTemplate Behavior ::run [ RunTime:0.015138s ]
INFO: [ view_parse ] --END-- [ RunTime:0.015259s ]
INFO: [ view_filter ] --START--
INFO: ContentReplace Behavior ::run [ RunTime:0.001448s ]
INFO: TokenBuild Behavior ::run [ RunTime:0.001259s ]
INFO: WriteHtmlCache Behavior ::run [ RunTime:0.001011s ]
INFO: ShowRuntime Behavior ::run [ RunTime:0.001212s ]
INFO: [ view_filter ] --END-- [ RunTime:0.005192s ]
INFO: [ view_end ] --START--
INFO: ShowPageTrace Behavior ::run [ RunTime:0.001763s ]
INFO: [ view_end ] --END-- [ RunTime:0.001866s ]

[ 2014-03-19T10:54:23+08:00 ] 0.0.0.0 /vegbasket/
INFO: [ app_begin ] --START--
INFO: ReadHtmlCache Behavior ::run [ RunTime:0.002109s ]
INFO: [ app_begin ] --END-- [ RunTime:0.002238s ]
SQL: SHOW COLUMNS FROM `priceinfo` [ RunTime:0.010481s ]
SQL: SELECT * FROM `priceinfo` LIMIT 10   [ RunTime:0.003426s ]
INFO: [ view_parse ] --START--
INFO: ParseTemplate Behavior ::run [ RunTime:0.016935s ]
INFO: [ view_parse ] --END-- [ RunTime:0.017056s ]
INFO: [ view_filter ] --START--
INFO: ContentReplace Behavior ::run [ RunTime:0.001207s ]
INFO: TokenBuild Behavior ::run [ RunTime:0.001158s ]
INFO: WriteHtmlCache Behavior ::run [ RunTime:0.001062s ]
INFO: ShowRuntime Behavior ::run [ RunTime:0.001308s ]
INFO: [ view_filter ] --END-- [ RunTime:0.004998s ]
INFO: [ view_end ] --START--
INFO: ShowPageTrace Behavior ::run [ RunTime:0.001451s ]
INFO: [ view_end ] --END-- [ RunTime:0.001543s ]

[ 2014-03-19T10:54:24+08:00 ] 0.0.0.0 /vegbasket/
INFO: [ app_begin ] --START--
INFO: ReadHtmlCache Behavior ::run [ RunTime:0.005461s ]
INFO: [ app_begin ] --END-- [ RunTime:0.005626s ]
SQL: SHOW COLUMNS FROM `priceinfo` [ RunTime:0.016244s ]
SQL: SELECT * FROM `priceinfo` LIMIT 10   [ RunTime:0.003581s ]
INFO: [ view_parse ] --START--
INFO: ParseTemplate Behavior ::run [ RunTime:0.031794s ]
INFO: [ view_parse ] --END-- [ RunTime:0.031922s ]
INFO: [ view_filter ] --START--
INFO: ContentReplace Behavior ::run [ RunTime:0.001987s ]
INFO: TokenBuild Behavior ::run [ RunTime:0.001712s ]
INFO: WriteHtmlCache Behavior ::run [ RunTime:0.001432s ]
INFO: ShowRuntime Behavior ::run [ RunTime:0.001649s ]
INFO: [ view_filter ] --END-- [ RunTime:0.007064s ]
INFO: [ view_end ] --START--
INFO: ShowPageTrace Behavior ::run [ RunTime:0.002210s ]
INFO: [ view_end ] --END-- [ RunTime:0.002298s ]

[ 2014-03-19T10:54:25+08:00 ] 0.0.0.0 /vegbasket/
INFO: [ app_begin ] --START--
INFO: ReadHtmlCache Behavior ::run [ RunTime:0.001585s ]
INFO: [ app_begin ] --END-- [ RunTime:0.001704s ]
SQL: SHOW COLUMNS FROM `priceinfo` [ RunTime:0.011624s ]
SQL: SELECT * FROM `priceinfo` LIMIT 10   [ RunTime:0.003623s ]
INFO: [ view_parse ] --START--
INFO: ParseTemplate Behavior ::run [ RunTime:0.015231s ]
INFO: [ view_parse ] --END-- [ RunTime:0.015340s ]
INFO: [ view_filter ] --START--
INFO: ContentReplace Behavior ::run [ RunTime:0.001600s ]
INFO: TokenBuild Behavior ::run [ RunTime:0.001530s ]
INFO: WriteHtmlCache Behavior ::run [ RunTime:0.001814s ]
INFO: ShowRuntime Behavior ::run [ RunTime:0.001293s ]
INFO: [ view_filter ] --END-- [ RunTime:0.006527s ]
INFO: [ view_end ] --START--
INFO: ShowPageTrace Behavior ::run [ RunTime:0.001421s ]
INFO: [ view_end ] --END-- [ RunTime:0.001507s ]

[ 2014-03-19T10:54:26+08:00 ] 0.0.0.0 /vegbasket/
INFO: [ app_begin ] --START--
INFO: ReadHtmlCache Behavior ::run [ RunTime:0.001351s ]
INFO: [ app_begin ] --END-- [ RunTime:0.001479s ]
SQL: SHOW COLUMNS FROM `priceinfo` [ RunTime:0.016798s ]
SQL: SELECT * FROM `priceinfo` LIMIT 10   [ RunTime:0.005428s ]
INFO: [ view_parse ] --START--
INFO: ParseTemplate Behavior ::run [ RunTime:0.016643s ]
INFO: [ view_parse ] --END-- [ RunTime:0.016753s ]
INFO: [ view_filter ] --START--
INFO: ContentReplace Behavior ::run [ RunTime:0.001547s ]
INFO: TokenBuild Behavior ::run [ RunTime:0.001295s ]
INFO: WriteHtmlCache Behavior ::run [ RunTime:0.000993s ]
INFO: ShowRuntime Behavior ::run [ RunTime:0.001248s ]
INFO: [ view_filter ] --END-- [ RunTime:0.005358s ]
INFO: [ view_end ] --START--
INFO: ShowPageTrace Behavior ::run [ RunTime:0.001384s ]
INFO: [ view_end ] --END-- [ RunTime:0.001467s ]

[ 2014-03-19T10:54:31+08:00 ] 0.0.0.0 /vegbasket/
INFO: [ app_begin ] --START--
INFO: ReadHtmlCache Behavior ::run [ RunTime:0.001970s ]
INFO: [ app_begin ] --END-- [ RunTime:0.002105s ]
SQL: SHOW COLUMNS FROM `priceinfo` [ RunTime:0.013251s ]
SQL: SELECT * FROM `priceinfo` LIMIT 10   [ RunTime:0.003136s ]
INFO: [ view_parse ] --START--
INFO: ParseTemplate Behavior ::run [ RunTime:0.016248s ]
INFO: [ view_parse ] --END-- [ RunTime:0.016357s ]
INFO: [ view_filter ] --START--
INFO: ContentReplace Behavior ::run [ RunTime:0.001276s ]
INFO: TokenBuild Behavior ::run [ RunTime:0.001453s ]
INFO: WriteHtmlCache Behavior ::run [ RunTime:0.001229s ]
INFO: ShowRuntime Behavior ::run [ RunTime:0.001546s ]
INFO: [ view_filter ] --END-- [ RunTime:0.005790s ]
INFO: [ view_end ] --START--
INFO: ShowPageTrace Behavior ::run [ RunTime:0.001652s ]
INFO: [ view_end ] --END-- [ RunTime:0.001747s ]

[ 2014-03-19T10:55:40+08:00 ] 0.0.0.0 /vegbasket/
INFO: [ app_begin ] --START--
INFO: ReadHtmlCache Behavior ::run [ RunTime:0.001268s ]
INFO: [ app_begin ] --END-- [ RunTime:0.001384s ]
SQL: SHOW COLUMNS FROM `priceinfo` [ RunTime:0.016597s ]
SQL: SELECT * FROM `priceinfo` LIMIT 10   [ RunTime:0.003888s ]
INFO: [ view_parse ] --START--
INFO: ParseTemplate Behavior ::run [ RunTime:0.016940s ]
INFO: [ view_parse ] --END-- [ RunTime:0.017071s ]
INFO: [ view_filter ] --START--
INFO: ContentReplace Behavior ::run [ RunTime:0.002180s ]
INFO: TokenBuild Behavior ::run [ RunTime:0.002168s ]
INFO: WriteHtmlCache Behavior ::run [ RunTime:0.001524s ]
INFO: ShowRuntime Behavior ::run [ RunTime:0.001435s ]
INFO: [ view_filter ] --END-- [ RunTime:0.007605s ]
INFO: [ view_end ] --START--
INFO: ShowPageTrace Behavior ::run [ RunTime:0.001388s ]
INFO: [ view_end ] --END-- [ RunTime:0.001471s ]

[ 2014-03-19T10:55:51+08:00 ] 0.0.0.0 /vegbasket/
INFO: [ app_begin ] --START--
INFO: ReadHtmlCache Behavior ::run [ RunTime:0.001278s ]
INFO: [ app_begin ] --END-- [ RunTime:0.001774s ]
SQL: SHOW COLUMNS FROM `priceinfo` [ RunTime:0.010464s ]
SQL: SELECT * FROM `priceinfo` LIMIT 10   [ RunTime:0.002635s ]
INFO: [ view_parse ] --START--
INFO: ParseTemplate Behavior ::run [ RunTime:0.017696s ]
INFO: [ view_parse ] --END-- [ RunTime:0.017817s ]
INFO: [ view_filter ] --START--
INFO: ContentReplace Behavior ::run [ RunTime:0.001426s ]
INFO: TokenBuild Behavior ::run [ RunTime:0.001200s ]
INFO: WriteHtmlCache Behavior ::run [ RunTime:0.001315s ]
INFO: ShowRuntime Behavior ::run [ RunTime:0.001276s ]
INFO: [ view_filter ] --END-- [ RunTime:0.005490s ]
INFO: [ view_end ] --START--
INFO: ShowPageTrace Behavior ::run [ RunTime:0.001418s ]
INFO: [ view_end ] --END-- [ RunTime:0.001505s ]

[ 2014-03-19T10:56:25+08:00 ] 0.0.0.0 /vegbasket/
INFO: [ app_begin ] --START--
INFO: ReadHtmlCache Behavior ::run [ RunTime:0.002271s ]
INFO: [ app_begin ] --END-- [ RunTime:0.002389s ]
SQL: SHOW COLUMNS FROM `priceinfo` [ RunTime:0.012978s ]
SQL: SELECT * FROM `priceinfo` LIMIT 10   [ RunTime:0.004059s ]
INFO: [ view_parse ] --START--
INFO: ParseTemplate Behavior ::run [ RunTime:0.018818s ]
INFO: [ view_parse ] --END-- [ RunTime:0.018942s ]
INFO: [ view_filter ] --START--
INFO: ContentReplace Behavior ::run [ RunTime:0.002123s ]
INFO: TokenBuild Behavior ::run [ RunTime:0.001557s ]
INFO: WriteHtmlCache Behavior ::run [ RunTime:0.001432s ]
INFO: ShowRuntime Behavior ::run [ RunTime:0.002203s ]
INFO: [ view_filter ] --END-- [ RunTime:0.007579s ]
INFO: [ view_end ] --START--
INFO: ShowPageTrace Behavior ::run [ RunTime:0.001869s ]
INFO: [ view_end ] --END-- [ RunTime:0.001954s ]

[ 2014-03-19T10:58:11+08:00 ] 0.0.0.0 /vegbasket/
INFO: [ app_begin ] --START--
INFO: ReadHtmlCache Behavior ::run [ RunTime:0.001287s ]
INFO: [ app_begin ] --END-- [ RunTime:0.001404s ]
SQL: SHOW COLUMNS FROM `priceinfo` [ RunTime:0.011087s ]
SQL: SELECT * FROM `priceinfo` LIMIT 10   [ RunTime:0.003494s ]
INFO: [ view_parse ] --START--
INFO: ParseTemplate Behavior ::run [ RunTime:0.017834s ]
INFO: [ view_parse ] --END-- [ RunTime:0.017981s ]
INFO: [ view_filter ] --START--
INFO: ContentReplace Behavior ::run [ RunTime:0.001229s ]
INFO: TokenBuild Behavior ::run [ RunTime:0.001117s ]
INFO: WriteHtmlCache Behavior ::run [ RunTime:0.001079s ]
INFO: ShowRuntime Behavior ::run [ RunTime:0.001353s ]
INFO: [ view_filter ] --END-- [ RunTime:0.005035s ]
INFO: [ view_end ] --START--
INFO: ShowPageTrace Behavior ::run [ RunTime:0.001612s ]
INFO: [ view_end ] --END-- [ RunTime:0.001700s ]

[ 2014-03-19T10:58:47+08:00 ] 0.0.0.0 /vegbasket/
INFO: [ app_begin ] --START--
INFO: ReadHtmlCache Behavior ::run [ RunTime:0.003207s ]
INFO: [ app_begin ] --END-- [ RunTime:0.003345s ]
SQL: SHOW COLUMNS FROM `priceinfo` [ RunTime:0.016548s ]
SQL: SELECT * FROM `priceinfo` LIMIT 10   [ RunTime:0.006108s ]
INFO: [ view_parse ] --START--
INFO: ParseTemplate Behavior ::run [ RunTime:0.022498s ]
INFO: [ view_parse ] --END-- [ RunTime:0.022643s ]
INFO: [ view_filter ] --START--
INFO: ContentReplace Behavior ::run [ RunTime:0.001588s ]
INFO: TokenBuild Behavior ::run [ RunTime:0.002625s ]
INFO: WriteHtmlCache Behavior ::run [ RunTime:0.001484s ]
INFO: ShowRuntime Behavior ::run [ RunTime:0.001634s ]
INFO: [ view_filter ] --END-- [ RunTime:0.007590s ]
INFO: [ view_end ] --START--
INFO: ShowPageTrace Behavior ::run [ RunTime:0.001802s ]
INFO: [ view_end ] --END-- [ RunTime:0.001886s ]

[ 2014-03-19T10:59:01+08:00 ] 0.0.0.0 /vegbasket/
INFO: [ app_begin ] --START--
INFO: ReadHtmlCache Behavior ::run [ RunTime:0.001399s ]
INFO: [ app_begin ] --END-- [ RunTime:0.001514s ]
SQL: SHOW COLUMNS FROM `priceinfo` [ RunTime:0.018914s ]
SQL: SELECT * FROM `priceinfo` LIMIT 10   [ RunTime:0.006998s ]
INFO: [ view_parse ] --START--
INFO: ParseTemplate Behavior ::run [ RunTime:0.015390s ]
INFO: [ view_parse ] --END-- [ RunTime:0.015514s ]
INFO: [ view_filter ] --START--
INFO: ContentReplace Behavior ::run [ RunTime:0.001168s ]
INFO: TokenBuild Behavior ::run [ RunTime:0.001136s ]
INFO: WriteHtmlCache Behavior ::run [ RunTime:0.000985s ]
INFO: ShowRuntime Behavior ::run [ RunTime:0.001270s ]
INFO: [ view_filter ] --END-- [ RunTime:0.004822s ]
INFO: [ view_end ] --START--
INFO: ShowPageTrace Behavior ::run [ RunTime:0.001444s ]
INFO: [ view_end ] --END-- [ RunTime:0.001532s ]

[ 2014-03-19T10:59:32+08:00 ] 0.0.0.0 /vegbasket/
INFO: [ app_begin ] --START--
INFO: ReadHtmlCache Behavior ::run [ RunTime:0.001289s ]
INFO: [ app_begin ] --END-- [ RunTime:0.001403s ]
SQL: SHOW COLUMNS FROM `priceinfo` [ RunTime:0.011118s ]
SQL: SELECT * FROM `priceinfo` LIMIT 10   [ RunTime:0.003299s ]
INFO: [ view_parse ] --START--
INFO: ParseTemplate Behavior ::run [ RunTime:0.017946s ]
INFO: [ view_parse ] --END-- [ RunTime:0.018066s ]
INFO: [ view_filter ] --START--
INFO: ContentReplace Behavior ::run [ RunTime:0.001327s ]
INFO: TokenBuild Behavior ::run [ RunTime:0.001113s ]
INFO: WriteHtmlCache Behavior ::run [ RunTime:0.001005s ]
INFO: ShowRuntime Behavior ::run [ RunTime:0.001980s ]
INFO: [ view_filter ] --END-- [ RunTime:0.005682s ]
INFO: [ view_end ] --START--
INFO: ShowPageTrace Behavior ::run [ RunTime:0.001456s ]
INFO: [ view_end ] --END-- [ RunTime:0.001547s ]

[ 2014-03-19T10:59:36+08:00 ] 0.0.0.0 /vegbasket/
INFO: [ app_begin ] --START--
INFO: ReadHtmlCache Behavior ::run [ RunTime:0.001368s ]
INFO: [ app_begin ] --END-- [ RunTime:0.001503s ]
SQL: SHOW COLUMNS FROM `priceinfo` [ RunTime:0.016592s ]
SQL: SELECT * FROM `priceinfo` LIMIT 10   [ RunTime:0.005032s ]
INFO: [ view_parse ] --START--
INFO: ParseTemplate Behavior ::run [ RunTime:0.017062s ]
INFO: [ view_parse ] --END-- [ RunTime:0.017200s ]
INFO: [ view_filter ] --START--
INFO: ContentReplace Behavior ::run [ RunTime:0.001183s ]
INFO: TokenBuild Behavior ::run [ RunTime:0.002415s ]
INFO: WriteHtmlCache Behavior ::run [ RunTime:0.001111s ]
INFO: ShowRuntime Behavior ::run [ RunTime:0.001357s ]
INFO: [ view_filter ] --END-- [ RunTime:0.006327s ]
INFO: [ view_end ] --START--
INFO: ShowPageTrace Behavior ::run [ RunTime:0.001448s ]
INFO: [ view_end ] --END-- [ RunTime:0.001534s ]

[ 2014-03-19T11:00:02+08:00 ] 0.0.0.0 /vegbasket/
INFO: [ app_begin ] --START--
INFO: ReadHtmlCache Behavior ::run [ RunTime:0.002312s ]
INFO: [ app_begin ] --END-- [ RunTime:0.002447s ]
SQL: SHOW COLUMNS FROM `priceinfo` [ RunTime:0.016113s ]
SQL: SELECT * FROM `priceinfo` LIMIT 10   [ RunTime:0.002997s ]
INFO: [ view_parse ] --START--
INFO: ParseTemplate Behavior ::run [ RunTime:0.015293s ]
INFO: [ view_parse ] --END-- [ RunTime:0.015400s ]
INFO: [ view_filter ] --START--
INFO: ContentReplace Behavior ::run [ RunTime:0.001171s ]
INFO: TokenBuild Behavior ::run [ RunTime:0.001124s ]
INFO: WriteHtmlCache Behavior ::run [ RunTime:0.000996s ]
INFO: ShowRuntime Behavior ::run [ RunTime:0.001856s ]
INFO: [ view_filter ] --END-- [ RunTime:0.005429s ]
INFO: [ view_end ] --START--
INFO: ShowPageTrace Behavior ::run [ RunTime:0.001833s ]
INFO: [ view_end ] --END-- [ RunTime:0.001938s ]

[ 2014-03-19T11:00:32+08:00 ] 0.0.0.0 /vegbasket/
INFO: [ app_begin ] --START--
INFO: ReadHtmlCache Behavior ::run [ RunTime:0.001309s ]
INFO: [ app_begin ] --END-- [ RunTime:0.001444s ]
SQL: SHOW COLUMNS FROM `priceinfo` [ RunTime:0.017780s ]
SQL: SELECT * FROM `priceinfo` LIMIT 10   [ RunTime:0.044851s ]
INFO: [ view_parse ] --START--
INFO: ParseTemplate Behavior ::run [ RunTime:0.015317s ]
INFO: [ view_parse ] --END-- [ RunTime:0.015428s ]
INFO: [ view_filter ] --START--
INFO: ContentReplace Behavior ::run [ RunTime:0.001170s ]
INFO: TokenBuild Behavior ::run [ RunTime:0.001124s ]
INFO: WriteHtmlCache Behavior ::run [ RunTime:0.000993s ]
INFO: ShowRuntime Behavior ::run [ RunTime:0.001203s ]
INFO: [ view_filter ] --END-- [ RunTime:0.004743s ]
INFO: [ view_end ] --START--
INFO: ShowPageTrace Behavior ::run [ RunTime:0.001376s ]
INFO: [ view_end ] --END-- [ RunTime:0.001469s ]

[ 2014-03-19T11:00:52+08:00 ] 0.0.0.0 /vegbasket/
INFO: [ app_begin ] --START--
INFO: ReadHtmlCache Behavior ::run [ RunTime:0.002487s ]
INFO: [ app_begin ] --END-- [ RunTime:0.002613s ]
SQL: SHOW COLUMNS FROM `priceinfo` [ RunTime:0.014998s ]
SQL: SELECT * FROM `priceinfo` LIMIT 10   [ RunTime:0.004749s ]
INFO: [ view_parse ] --START--
INFO: ParseTemplate Behavior ::run [ RunTime:0.019634s ]
INFO: [ view_parse ] --END-- [ RunTime:0.019753s ]
INFO: [ view_filter ] --START--
INFO: ContentReplace Behavior ::run [ RunTime:0.001731s ]
INFO: TokenBuild Behavior ::run [ RunTime:0.001598s ]
INFO: WriteHtmlCache Behavior ::run [ RunTime:0.001430s ]
INFO: ShowRuntime Behavior ::run [ RunTime:0.001683s ]
INFO: [ view_filter ] --END-- [ RunTime:0.006700s ]
INFO: [ view_end ] --START--
INFO: ShowPageTrace Behavior ::run [ RunTime:0.003195s ]
INFO: [ view_end ] --END-- [ RunTime:0.003283s ]

[ 2014-03-19T11:02:44+08:00 ] 0.0.0.0 /vegbasket/
INFO: [ app_begin ] --START--
INFO: ReadHtmlCache Behavior ::run [ RunTime:0.001277s ]
INFO: [ app_begin ] --END-- [ RunTime:0.001397s ]
SQL: SHOW COLUMNS FROM `priceinfo` [ RunTime:0.016910s ]
SQL: SELECT * FROM `priceinfo` LIMIT 10   [ RunTime:0.003398s ]
INFO: [ view_parse ] --START--
INFO: ParseTemplate Behavior ::run [ RunTime:0.015171s ]
INFO: [ view_parse ] --END-- [ RunTime:0.015280s ]
INFO: [ view_filter ] --START--
INFO: ContentReplace Behavior ::run [ RunTime:0.001154s ]
INFO: TokenBuild Behavior ::run [ RunTime:0.001104s ]
INFO: WriteHtmlCache Behavior ::run [ RunTime:0.000994s ]
INFO: ShowRuntime Behavior ::run [ RunTime:0.001197s ]
INFO: [ view_filter ] --END-- [ RunTime:0.004696s ]
INFO: [ view_end ] --START--
INFO: ShowPageTrace Behavior ::run [ RunTime:0.001416s ]
INFO: [ view_end ] --END-- [ RunTime:0.001502s ]

[ 2014-03-19T11:03:10+08:00 ] 0.0.0.0 /vegbasket/
INFO: [ app_begin ] --START--
INFO: ReadHtmlCache Behavior ::run [ RunTime:0.002419s ]
INFO: [ app_begin ] --END-- [ RunTime:0.002541s ]
SQL: SHOW COLUMNS FROM `priceinfo` [ RunTime:0.019881s ]
SQL: SELECT * FROM `priceinfo` LIMIT 10   [ RunTime:0.004646s ]
INFO: [ view_parse ] --START--
INFO: ParseTemplate Behavior ::run [ RunTime:0.022532s ]
INFO: [ view_parse ] --END-- [ RunTime:0.022680s ]
INFO: [ view_filter ] --START--
INFO: ContentReplace Behavior ::run [ RunTime:0.001612s ]
INFO: TokenBuild Behavior ::run [ RunTime:0.002438s ]
INFO: WriteHtmlCache Behavior ::run [ RunTime:0.001451s ]
INFO: ShowRuntime Behavior ::run [ RunTime:0.002275s ]
INFO: [ view_filter ] --END-- [ RunTime:0.008040s ]
INFO: [ view_end ] --START--
INFO: ShowPageTrace Behavior ::run [ RunTime:0.001921s ]
INFO: [ view_end ] --END-- [ RunTime:0.002017s ]

[ 2014-03-19T11:03:14+08:00 ] 0.0.0.0 /vegbasket/
INFO: [ app_begin ] --START--
INFO: ReadHtmlCache Behavior ::run [ RunTime:0.001856s ]
INFO: [ app_begin ] --END-- [ RunTime:0.001977s ]
SQL: SHOW COLUMNS FROM `priceinfo` [ RunTime:0.012128s ]
SQL: SELECT * FROM `priceinfo` LIMIT 10   [ RunTime:0.003468s ]
INFO: [ view_parse ] --START--
INFO: ParseTemplate Behavior ::run [ RunTime:0.015816s ]
INFO: [ view_parse ] --END-- [ RunTime:0.015936s ]
INFO: [ view_filter ] --START--
INFO: ContentReplace Behavior ::run [ RunTime:0.001551s ]
INFO: TokenBuild Behavior ::run [ RunTime:0.001152s ]
INFO: WriteHtmlCache Behavior ::run [ RunTime:0.001923s ]
INFO: ShowRuntime Behavior ::run [ RunTime:0.001557s ]
INFO: [ view_filter ] --END-- [ RunTime:0.006679s ]
INFO: [ view_end ] --START--
INFO: ShowPageTrace Behavior ::run [ RunTime:0.003408s ]
INFO: [ view_end ] --END-- [ RunTime:0.003516s ]

[ 2014-03-19T11:03:15+08:00 ] 0.0.0.0 /vegbasket/
INFO: [ app_begin ] --START--
INFO: ReadHtmlCache Behavior ::run [ RunTime:0.002279s ]
INFO: [ app_begin ] --END-- [ RunTime:0.002428s ]
SQL: SHOW COLUMNS FROM `priceinfo` [ RunTime:0.017582s ]
SQL: SELECT * FROM `priceinfo` LIMIT 10   [ RunTime:0.004575s ]
INFO: [ view_parse ] --START--
INFO: ParseTemplate Behavior ::run [ RunTime:0.032702s ]
INFO: [ view_parse ] --END-- [ RunTime:0.032818s ]
INFO: [ view_filter ] --START--
INFO: ContentReplace Behavior ::run [ RunTime:0.001663s ]
INFO: TokenBuild Behavior ::run [ RunTime:0.001562s ]
INFO: WriteHtmlCache Behavior ::run [ RunTime:0.001479s ]
INFO: ShowRuntime Behavior ::run [ RunTime:0.001695s ]
INFO: [ view_filter ] --END-- [ RunTime:0.006654s ]
INFO: [ view_end ] --START--
INFO: ShowPageTrace Behavior ::run [ RunTime:0.003562s ]
INFO: [ view_end ] --END-- [ RunTime:0.003664s ]

[ 2014-03-19T11:11:42+08:00 ] 0.0.0.0 /vegbasket/
INFO: [ app_begin ] --START--
INFO: ReadHtmlCache Behavior ::run [ RunTime:0.002324s ]
INFO: [ app_begin ] --END-- [ RunTime:0.002490s ]
SQL: SHOW COLUMNS FROM `priceinfo` [ RunTime:0.016266s ]
SQL: SELECT * FROM `priceinfo` LIMIT 10   [ RunTime:0.004143s ]
INFO: [ view_parse ] --START--
INFO: ParseTemplate Behavior ::run [ RunTime:0.039439s ]
INFO: [ view_parse ] --END-- [ RunTime:0.039582s ]
INFO: [ view_filter ] --START--
INFO: ContentReplace Behavior ::run [ RunTime:0.002792s ]
INFO: TokenBuild Behavior ::run [ RunTime:0.005511s ]
INFO: WriteHtmlCache Behavior ::run [ RunTime:0.001943s ]
INFO: ShowRuntime Behavior ::run [ RunTime:0.003601s ]
INFO: [ view_filter ] --END-- [ RunTime:0.014169s ]
INFO: [ view_end ] --START--
INFO: ShowPageTrace Behavior ::run [ RunTime:0.002295s ]
INFO: [ view_end ] --END-- [ RunTime:0.002403s ]

[ 2014-03-19T11:12:32+08:00 ] 0.0.0.0 /vegbasket/
INFO: [ app_begin ] --START--
INFO: ReadHtmlCache Behavior ::run [ RunTime:0.001345s ]
INFO: [ app_begin ] --END-- [ RunTime:0.001464s ]
SQL: SHOW COLUMNS FROM `priceinfo` [ RunTime:0.017834s ]
SQL: SELECT * FROM `priceinfo` LIMIT 10   [ RunTime:0.003768s ]
INFO: [ view_parse ] --START--
INFO: ParseTemplate Behavior ::run [ RunTime:0.016540s ]
INFO: [ view_parse ] --END-- [ RunTime:0.016650s ]
INFO: [ view_filter ] --START--
INFO: ContentReplace Behavior ::run [ RunTime:0.001153s ]
INFO: TokenBuild Behavior ::run [ RunTime:0.001106s ]
INFO: WriteHtmlCache Behavior ::run [ RunTime:0.001039s ]
INFO: ShowRuntime Behavior ::run [ RunTime:0.001685s ]
INFO: [ view_filter ] --END-- [ RunTime:0.005291s ]
INFO: [ view_end ] --START--
INFO: ShowPageTrace Behavior ::run [ RunTime:0.001439s ]
INFO: [ view_end ] --END-- [ RunTime:0.001524s ]

[ 2014-03-19T11:13:52+08:00 ] 0.0.0.0 /vegbasket/
INFO: [ app_begin ] --START--
INFO: ReadHtmlCache Behavior ::run [ RunTime:0.002677s ]
INFO: [ app_begin ] --END-- [ RunTime:0.002796s ]
SQL: SHOW COLUMNS FROM `priceinfo` [ RunTime:0.011156s ]
SQL: SELECT * FROM `priceinfo` LIMIT 10   [ RunTime:0.004123s ]
INFO: [ view_parse ] --START--
INFO: ParseTemplate Behavior ::run [ RunTime:0.020139s ]
INFO: [ view_parse ] --END-- [ RunTime:0.020253s ]
INFO: [ view_filter ] --START--
INFO: ContentReplace Behavior ::run [ RunTime:0.001651s ]
INFO: TokenBuild Behavior ::run [ RunTime:0.001608s ]
INFO: WriteHtmlCache Behavior ::run [ RunTime:0.001464s ]
INFO: ShowRuntime Behavior ::run [ RunTime:0.001661s ]
INFO: [ view_filter ] --END-- [ RunTime:0.006638s ]
INFO: [ view_end ] --START--
INFO: ShowPageTrace Behavior ::run [ RunTime:0.001927s ]
INFO: [ view_end ] --END-- [ RunTime:0.002014s ]

[ 2014-03-19T11:14:37+08:00 ] 0.0.0.0 /vegbasket/
INFO: [ app_begin ] --START--
INFO: ReadHtmlCache Behavior ::run [ RunTime:0.001596s ]
INFO: [ app_begin ] --END-- [ RunTime:0.001727s ]
SQL: SHOW COLUMNS FROM `priceinfo` [ RunTime:0.017956s ]
SQL: SELECT * FROM `priceinfo` LIMIT 10   [ RunTime:0.004327s ]
INFO: [ view_parse ] --START--
INFO: ParseTemplate Behavior ::run [ RunTime:0.015071s ]
INFO: [ view_parse ] --END-- [ RunTime:0.015182s ]
INFO: [ view_filter ] --START--
INFO: ContentReplace Behavior ::run [ RunTime:0.001160s ]
INFO: TokenBuild Behavior ::run [ RunTime:0.001438s ]
INFO: WriteHtmlCache Behavior ::run [ RunTime:0.001666s ]
INFO: ShowRuntime Behavior ::run [ RunTime:0.001483s ]
INFO: [ view_filter ] --END-- [ RunTime:0.006034s ]
INFO: [ view_end ] --START--
INFO: ShowPageTrace Behavior ::run [ RunTime:0.001466s ]
INFO: [ view_end ] --END-- [ RunTime:0.001552s ]

[ 2014-03-19T11:15:18+08:00 ] 0.0.0.0 /vegbasket/
INFO: [ app_begin ] --START--
INFO: ReadHtmlCache Behavior ::run [ RunTime:0.001270s ]
INFO: [ app_begin ] --END-- [ RunTime:0.001384s ]
SQL: SHOW COLUMNS FROM `priceinfo` [ RunTime:0.017167s ]
SQL: SELECT * FROM `priceinfo` LIMIT 10   [ RunTime:0.004851s ]
INFO: [ view_parse ] --START--
INFO: ParseTemplate Behavior ::run [ RunTime:0.019119s ]
INFO: [ view_parse ] --END-- [ RunTime:0.019271s ]
INFO: [ view_filter ] --START--
INFO: ContentReplace Behavior ::run [ RunTime:0.001739s ]
INFO: TokenBuild Behavior ::run [ RunTime:0.001870s ]
INFO: WriteHtmlCache Behavior ::run [ RunTime:0.001044s ]
INFO: ShowRuntime Behavior ::run [ RunTime:0.001239s ]
INFO: [ view_filter ] --END-- [ RunTime:0.006157s ]
INFO: [ view_end ] --START--
INFO: ShowPageTrace Behavior ::run [ RunTime:0.001784s ]
INFO: [ view_end ] --END-- [ RunTime:0.001879s ]

[ 2014-03-19T11:15:48+08:00 ] 0.0.0.0 /vegbasket/
INFO: [ app_begin ] --START--
INFO: ReadHtmlCache Behavior ::run [ RunTime:0.002142s ]
INFO: [ app_begin ] --END-- [ RunTime:0.002266s ]
SQL: SHOW COLUMNS FROM `priceinfo` [ RunTime:0.013942s ]
SQL: SELECT * FROM `priceinfo` LIMIT 10   [ RunTime:0.004020s ]
INFO: [ view_parse ] --START--
INFO: ParseTemplate Behavior ::run [ RunTime:0.019084s ]
INFO: [ view_parse ] --END-- [ RunTime:0.019229s ]
INFO: [ view_filter ] --START--
INFO: ContentReplace Behavior ::run [ RunTime:0.001609s ]
INFO: TokenBuild Behavior ::run [ RunTime:0.001325s ]
INFO: WriteHtmlCache Behavior ::run [ RunTime:0.001610s ]
INFO: ShowRuntime Behavior ::run [ RunTime:0.001316s ]
INFO: [ view_filter ] --END-- [ RunTime:0.006145s ]
INFO: [ view_end ] --START--
INFO: ShowPageTrace Behavior ::run [ RunTime:0.001553s ]
INFO: [ view_end ] --END-- [ RunTime:0.001643s ]

[ 2014-03-19T11:17:09+08:00 ] 0.0.0.0 /vegbasket/
INFO: [ app_begin ] --START--
INFO: ReadHtmlCache Behavior ::run [ RunTime:0.002244s ]
INFO: [ app_begin ] --END-- [ RunTime:0.002362s ]
SQL: SHOW COLUMNS FROM `priceinfo` [ RunTime:0.013568s ]
SQL: SELECT * FROM `priceinfo` LIMIT 10   [ RunTime:0.003069s ]
INFO: [ view_parse ] --START--
INFO: ParseTemplate Behavior ::run [ RunTime:0.018741s ]
INFO: [ view_parse ] --END-- [ RunTime:0.018946s ]
INFO: [ view_filter ] --START--
INFO: ContentReplace Behavior ::run [ RunTime:0.002273s ]
INFO: TokenBuild Behavior ::run [ RunTime:0.002007s ]
INFO: WriteHtmlCache Behavior ::run [ RunTime:0.001863s ]
INFO: ShowRuntime Behavior ::run [ RunTime:0.001638s ]
INFO: [ view_filter ] --END-- [ RunTime:0.008047s ]
INFO: [ view_end ] --START--
INFO: ShowPageTrace Behavior ::run [ RunTime:0.001833s ]
INFO: [ view_end ] --END-- [ RunTime:0.001920s ]

[ 2014-03-19T11:17:12+08:00 ] 0.0.0.0 /vegbasket/
INFO: [ app_begin ] --START--
INFO: ReadHtmlCache Behavior ::run [ RunTime:0.001290s ]
INFO: [ app_begin ] --END-- [ RunTime:0.001402s ]
SQL: SHOW COLUMNS FROM `priceinfo` [ RunTime:0.018529s ]
SQL: SELECT * FROM `priceinfo` LIMIT 10   [ RunTime:0.005910s ]
INFO: [ view_parse ] --START--
INFO: ParseTemplate Behavior ::run [ RunTime:0.018268s ]
INFO: [ view_parse ] --END-- [ RunTime:0.018484s ]
INFO: [ view_filter ] --START--
INFO: ContentReplace Behavior ::run [ RunTime:0.001522s ]
INFO: TokenBuild Behavior ::run [ RunTime:0.001272s ]
INFO: WriteHtmlCache Behavior ::run [ RunTime:0.001012s ]
INFO: ShowRuntime Behavior ::run [ RunTime:0.001226s ]
INFO: [ view_filter ] --END-- [ RunTime:0.005331s ]
INFO: [ view_end ] --START--
INFO: ShowPageTrace Behavior ::run [ RunTime:0.001396s ]
INFO: [ view_end ] --END-- [ RunTime:0.001490s ]

[ 2014-03-19T11:17:38+08:00 ] 0.0.0.0 /vegbasket/
INFO: [ app_begin ] --START--
INFO: ReadHtmlCache Behavior ::run [ RunTime:0.001426s ]
INFO: [ app_begin ] --END-- [ RunTime:0.001544s ]
SQL: SHOW COLUMNS FROM `priceinfo` [ RunTime:0.016649s ]
SQL: SELECT * FROM `priceinfo` LIMIT 10   [ RunTime:0.004159s ]
INFO: [ view_parse ] --START--
INFO: ParseTemplate Behavior ::run [ RunTime:0.016606s ]
INFO: [ view_parse ] --END-- [ RunTime:0.016727s ]
INFO: [ view_filter ] --START--
INFO: ContentReplace Behavior ::run [ RunTime:0.001158s ]
INFO: TokenBuild Behavior ::run [ RunTime:0.001195s ]
INFO: WriteHtmlCache Behavior ::run [ RunTime:0.001039s ]
INFO: ShowRuntime Behavior ::run [ RunTime:0.001225s ]
INFO: [ view_filter ] --END-- [ RunTime:0.004872s ]
INFO: [ view_end ] --START--
INFO: ShowPageTrace Behavior ::run [ RunTime:0.001838s ]
INFO: [ view_end ] --END-- [ RunTime:0.001939s ]

[ 2014-03-19T11:18:08+08:00 ] 0.0.0.0 /vegbasket/
INFO: [ app_begin ] --START--
INFO: ReadHtmlCache Behavior ::run [ RunTime:0.001290s ]
INFO: [ app_begin ] --END-- [ RunTime:0.001406s ]
SQL: SHOW COLUMNS FROM `priceinfo` [ RunTime:0.017651s ]
SQL: SELECT * FROM `priceinfo` LIMIT 10   [ RunTime:0.005735s ]
INFO: [ view_parse ] --START--
INFO: ParseTemplate Behavior ::run [ RunTime:0.016754s ]
INFO: [ view_parse ] --END-- [ RunTime:0.016879s ]
INFO: [ view_filter ] --START--
INFO: ContentReplace Behavior ::run [ RunTime:0.001633s ]
INFO: TokenBuild Behavior ::run [ RunTime:0.001647s ]
INFO: WriteHtmlCache Behavior ::run [ RunTime:0.001024s ]
INFO: ShowRuntime Behavior ::run [ RunTime:0.001269s ]
INFO: [ view_filter ] --END-- [ RunTime:0.005851s ]
INFO: [ view_end ] --START--
INFO: ShowPageTrace Behavior ::run [ RunTime:0.001473s ]
INFO: [ view_end ] --END-- [ RunTime:0.001561s ]

