[ 2014-04-24T09:46:45+08:00 ] 0.0.0.0 /vegbasket/index.php/Admin
INFO: [ route_check ] --START--
INFO: CheckRoute Behavior ::run [ RunTime:0.004129s ]
INFO: [ route_check ] --END-- [ RunTime:0.005238s ]
INFO: [ app_begin ] --START--
INFO: ReadHtmlCache Behavior ::run [ RunTime:0.001891s ]
INFO: [ app_begin ] --END-- [ RunTime:0.002005s ]
INFO: [ view_parse ] --START--
INFO: ParseTemplate Behavior ::run [ RunTime:0.049678s ]
INFO: [ view_parse ] --END-- [ RunTime:0.049839s ]
INFO: [ view_filter ] --START--
INFO: ContentReplace Behavior ::run [ RunTime:0.002656s ]
INFO: TokenBuild Behavior ::run [ RunTime:0.002674s ]
INFO: WriteHtmlCache Behavior ::run [ RunTime:0.002616s ]
INFO: ShowRuntime Behavior ::run [ RunTime:0.002273s ]
INFO: [ view_filter ] --END-- [ RunTime:0.010548s ]
INFO: [ view_end ] --START--
INFO: ShowPageTrace Behavior ::run [ RunTime:0.002529s ]
INFO: [ view_end ] --END-- [ RunTime:0.002642s ]

[ 2014-04-24T09:46:45+08:00 ] 0.0.0.0 /vegbasket/index.php/navig.html
INFO: [ route_check ] --START--
INFO: CheckRoute Behavior ::run [ RunTime:0.002292s ]
INFO: [ route_check ] --END-- [ RunTime:0.002437s ]
INFO: [ app_begin ] --START--
INFO: ReadHtmlCache Behavior ::run [ RunTime:0.004224s ]
INFO: [ app_begin ] --END-- [ RunTime:0.004360s ]
ERR: 无法加载模块:navig

[ 2014-04-24T09:46:46+08:00 ] 0.0.0.0 /vegbasket/index.php/head.html
INFO: [ route_check ] --START--
INFO: CheckRoute Behavior ::run [ RunTime:0.003651s ]
INFO: [ route_check ] --END-- [ RunTime:0.003813s ]
INFO: [ app_begin ] --START--
INFO: ReadHtmlCache Behavior ::run [ RunTime:0.002688s ]
INFO: [ app_begin ] --END-- [ RunTime:0.002815s ]
ERR: 无法加载模块:head

[ 2014-04-24T09:46:46+08:00 ] 0.0.0.0 /vegbasket/index.php/price.html
INFO: [ route_check ] --START--
INFO: CheckRoute Behavior ::run [ RunTime:0.002772s ]
INFO: [ route_check ] --END-- [ RunTime:0.002928s ]
INFO: [ app_begin ] --START--
INFO: ReadHtmlCache Behavior ::run [ RunTime:0.003206s ]
INFO: [ app_begin ] --END-- [ RunTime:0.003326s ]
ERR: 无法加载模块:price

[ 2014-04-24T09:46:51+08:00 ] 0.0.0.0 /vegbasket/index.php/Admin/
INFO: [ route_check ] --START--
INFO: CheckRoute Behavior ::run [ RunTime:0.001901s ]
INFO: [ route_check ] --END-- [ RunTime:0.002018s ]
INFO: [ app_begin ] --START--
INFO: ReadHtmlCache Behavior ::run [ RunTime:0.001233s ]
INFO: [ app_begin ] --END-- [ RunTime:0.001334s ]
INFO: [ view_parse ] --START--
INFO: ParseTemplate Behavior ::run [ RunTime:0.034066s ]
INFO: [ view_parse ] --END-- [ RunTime:0.034280s ]
INFO: [ view_filter ] --START--
INFO: ContentReplace Behavior ::run [ RunTime:0.001867s ]
INFO: TokenBuild Behavior ::run [ RunTime:0.003482s ]
INFO: WriteHtmlCache Behavior ::run [ RunTime:0.001416s ]
INFO: ShowRuntime Behavior ::run [ RunTime:0.001562s ]
INFO: [ view_filter ] --END-- [ RunTime:0.008607s ]
INFO: [ view_end ] --START--
INFO: ShowPageTrace Behavior ::run [ RunTime:0.001738s ]
INFO: [ view_end ] --END-- [ RunTime:0.001829s ]

[ 2014-04-24T09:46:51+08:00 ] 0.0.0.0 /vegbasket/index.php/Admin/navig.html
INFO: [ route_check ] --START--
INFO: CheckRoute Behavior ::run [ RunTime:0.001693s ]
INFO: [ route_check ] --END-- [ RunTime:0.001829s ]
INFO: [ app_begin ] --START--
INFO: ReadHtmlCache Behavior ::run [ RunTime:0.001400s ]
INFO: [ app_begin ] --END-- [ RunTime:0.001519s ]
NOTIC: [8] Constant THEME_NAME already defined C:\inetpub\wwwroot\vegbasket\ThinkPHP\Lib\Core\View.class.php 第 223 行.
NOTIC: [8] Constant THEME_PATH already defined C:\inetpub\wwwroot\vegbasket\ThinkPHP\Lib\Core\View.class.php 第 174 行.
NOTIC: [8] Constant APP_TMPL_PATH already defined C:\inetpub\wwwroot\vegbasket\ThinkPHP\Lib\Core\View.class.php 第 175 行.
INFO: [ view_parse ] --START--
INFO: ParseTemplate Behavior ::run [ RunTime:0.090632s ]
INFO: [ view_parse ] --END-- [ RunTime:0.090757s ]
INFO: [ view_filter ] --START--
INFO: ContentReplace Behavior ::run [ RunTime:0.001778s ]
INFO: TokenBuild Behavior ::run [ RunTime:0.001434s ]
INFO: WriteHtmlCache Behavior ::run [ RunTime:0.001745s ]
INFO: ShowRuntime Behavior ::run [ RunTime:0.002103s ]
INFO: [ view_filter ] --END-- [ RunTime:0.007447s ]
INFO: [ view_end ] --START--
INFO: ShowPageTrace Behavior ::run [ RunTime:0.002908s ]
INFO: [ view_end ] --END-- [ RunTime:0.003020s ]

[ 2014-04-24T09:46:52+08:00 ] 0.0.0.0 /vegbasket/index.php/Admin/head.html
INFO: [ route_check ] --START--
INFO: CheckRoute Behavior ::run [ RunTime:0.002477s ]
INFO: [ route_check ] --END-- [ RunTime:0.002624s ]
INFO: [ app_begin ] --START--
INFO: ReadHtmlCache Behavior ::run [ RunTime:0.002663s ]
INFO: [ app_begin ] --END-- [ RunTime:0.002809s ]
NOTIC: [8] Constant THEME_NAME already defined C:\inetpub\wwwroot\vegbasket\ThinkPHP\Lib\Core\View.class.php 第 223 行.
NOTIC: [8] Constant THEME_PATH already defined C:\inetpub\wwwroot\vegbasket\ThinkPHP\Lib\Core\View.class.php 第 174 行.
NOTIC: [8] Constant APP_TMPL_PATH already defined C:\inetpub\wwwroot\vegbasket\ThinkPHP\Lib\Core\View.class.php 第 175 行.
INFO: [ view_parse ] --START--
INFO: ParseTemplate Behavior ::run [ RunTime:0.141419s ]
INFO: [ view_parse ] --END-- [ RunTime:0.141536s ]
INFO: [ view_filter ] --START--
INFO: ContentReplace Behavior ::run [ RunTime:0.002134s ]
INFO: TokenBuild Behavior ::run [ RunTime:0.002320s ]
INFO: WriteHtmlCache Behavior ::run [ RunTime:0.002464s ]
INFO: ShowRuntime Behavior ::run [ RunTime:0.002336s ]
INFO: [ view_filter ] --END-- [ RunTime:0.009717s ]
INFO: [ view_end ] --START--
INFO: ShowPageTrace Behavior ::run [ RunTime:0.002792s ]
INFO: [ view_end ] --END-- [ RunTime:0.002894s ]

[ 2014-04-24T09:46:53+08:00 ] 0.0.0.0 /vegbasket/index.php/Admin/price.html
INFO: [ route_check ] --START--
INFO: CheckRoute Behavior ::run [ RunTime:0.001916s ]
INFO: [ route_check ] --END-- [ RunTime:0.002046s ]
INFO: [ app_begin ] --START--
INFO: ReadHtmlCache Behavior ::run [ RunTime:0.003349s ]
INFO: [ app_begin ] --END-- [ RunTime:0.003629s ]
SQL: SHOW COLUMNS FROM `category` [ RunTime:0.207955s ]
SQL: SHOW COLUMNS FROM `city` [ RunTime:0.058337s ]
SQL: SELECT * FROM `category`  [ RunTime:0.001393s ]
SQL: SELECT * FROM `city`  [ RunTime:0.001633s ]
SQL: SELECT * FROM `city` WHERE ( `city_name` = '广州' ) LIMIT 1   [ RunTime:0.002674s ]
SQL: SHOW COLUMNS FROM `market` [ RunTime:0.026961s ]
SQL: SELECT * FROM `market` WHERE ( `city_id` = '1' )  [ RunTime:0.014798s ]
SQL: SELECT * FROM `category` WHERE ( `category_name` = '蔬菜' ) LIMIT 1   [ RunTime:0.001443s ]
SQL: SHOW COLUMNS FROM `product` [ RunTime:0.014666s ]
SQL: SELECT * FROM `product` WHERE ( `category_id` = '1' )  [ RunTime:0.004558s ]
INFO: [ view_parse ] --START--
NOTIC: [8] Undefined variable: test C:\inetpub\wwwroot\vegbasket\home\Runtime\Cache\489a96c06d16235dce9bd2a5908c60b3.php 第 101 行.
INFO: ParseTemplate Behavior ::run [ RunTime:0.058657s ]
INFO: [ view_parse ] --END-- [ RunTime:0.058771s ]
INFO: [ view_filter ] --START--
INFO: ContentReplace Behavior ::run [ RunTime:0.001517s ]
INFO: TokenBuild Behavior ::run [ RunTime:0.002778s ]
INFO: WriteHtmlCache Behavior ::run [ RunTime:0.002058s ]
INFO: ShowRuntime Behavior ::run [ RunTime:0.001777s ]
INFO: [ view_filter ] --END-- [ RunTime:0.008873s ]
INFO: [ view_end ] --START--
INFO: ShowPageTrace Behavior ::run [ RunTime:0.002208s ]
INFO: [ view_end ] --END-- [ RunTime:0.002322s ]

[ 2014-04-24T10:12:15+08:00 ] 0.0.0.0 /vegbasket/index.php/Admin/listcategory/display/listcategory
INFO: [ route_check ] --START--
INFO: CheckRoute Behavior ::run [ RunTime:0.002163s ]
INFO: [ route_check ] --END-- [ RunTime:0.002298s ]
INFO: [ app_begin ] --START--
INFO: ReadHtmlCache Behavior ::run [ RunTime:0.001228s ]
INFO: [ app_begin ] --END-- [ RunTime:0.001334s ]
SQL: SHOW COLUMNS FROM `category` [ RunTime:0.016734s ]
SQL: SELECT * FROM `category`  [ RunTime:0.001863s ]
INFO: [ view_parse ] --START--
NOTIC: [8] Undefined variable: page C:\inetpub\wwwroot\vegbasket\home\Runtime\Cache\52b55aa804bffeee3b26f117453031f0.php 第 27 行.
INFO: ParseTemplate Behavior ::run [ RunTime:0.052984s ]
INFO: [ view_parse ] --END-- [ RunTime:0.053086s ]
INFO: [ view_filter ] --START--
INFO: ContentReplace Behavior ::run [ RunTime:0.001124s ]
INFO: TokenBuild Behavior ::run [ RunTime:0.001407s ]
INFO: WriteHtmlCache Behavior ::run [ RunTime:0.001011s ]
INFO: ShowRuntime Behavior ::run [ RunTime:0.001626s ]
INFO: [ view_filter ] --END-- [ RunTime:0.005437s ]
INFO: [ view_end ] --START--
INFO: ShowPageTrace Behavior ::run [ RunTime:0.001356s ]
INFO: [ view_end ] --END-- [ RunTime:0.001443s ]

[ 2014-04-24T10:12:51+08:00 ] 0.0.0.0 /vegbasket/index.php/Admin/price
INFO: [ route_check ] --START--
INFO: CheckRoute Behavior ::run [ RunTime:0.003734s ]
INFO: [ route_check ] --END-- [ RunTime:0.003871s ]
INFO: [ app_begin ] --START--
INFO: ReadHtmlCache Behavior ::run [ RunTime:0.004407s ]
INFO: [ app_begin ] --END-- [ RunTime:0.004534s ]
SQL: SHOW COLUMNS FROM `category` [ RunTime:0.014161s ]
SQL: SHOW COLUMNS FROM `city` [ RunTime:0.037755s ]
SQL: SELECT * FROM `category`  [ RunTime:0.001654s ]
SQL: SELECT * FROM `city`  [ RunTime:0.001525s ]
SQL: SELECT * FROM `city` WHERE ( `city_name` = '广州' ) LIMIT 1   [ RunTime:0.002694s ]
SQL: SHOW COLUMNS FROM `market` [ RunTime:0.010367s ]
SQL: SELECT * FROM `market` WHERE ( `city_id` = '1' )  [ RunTime:0.001485s ]
SQL: SELECT * FROM `category` WHERE ( `category_name` = '蔬菜' ) LIMIT 1   [ RunTime:0.001389s ]
SQL: SHOW COLUMNS FROM `product` [ RunTime:0.011309s ]
SQL: SELECT * FROM `product` WHERE ( `category_id` = '1' )  [ RunTime:0.003894s ]
INFO: [ view_parse ] --START--
NOTIC: [8] Undefined variable: test C:\inetpub\wwwroot\vegbasket\home\Runtime\Cache\489a96c06d16235dce9bd2a5908c60b3.php 第 101 行.
INFO: ParseTemplate Behavior ::run [ RunTime:0.026831s ]
INFO: [ view_parse ] --END-- [ RunTime:0.026933s ]
INFO: [ view_filter ] --START--
INFO: ContentReplace Behavior ::run [ RunTime:0.001541s ]
INFO: TokenBuild Behavior ::run [ RunTime:0.002392s ]
INFO: WriteHtmlCache Behavior ::run [ RunTime:0.002934s ]
INFO: ShowRuntime Behavior ::run [ RunTime:0.002948s ]
INFO: [ view_filter ] --END-- [ RunTime:0.010121s ]
INFO: [ view_end ] --START--
INFO: ShowPageTrace Behavior ::run [ RunTime:0.001999s ]
INFO: [ view_end ] --END-- [ RunTime:0.002094s ]

[ 2014-04-24T10:12:56+08:00 ] 0.0.0.0 /vegbasket/index.php/Admin/listcategory/display/listcategory
INFO: [ route_check ] --START--
INFO: CheckRoute Behavior ::run [ RunTime:0.003250s ]
INFO: [ route_check ] --END-- [ RunTime:0.003437s ]
INFO: [ app_begin ] --START--
INFO: ReadHtmlCache Behavior ::run [ RunTime:0.002425s ]
INFO: [ app_begin ] --END-- [ RunTime:0.002552s ]
SQL: SHOW COLUMNS FROM `category` [ RunTime:0.012170s ]
SQL: SELECT * FROM `category`  [ RunTime:0.001835s ]
INFO: [ view_parse ] --START--
NOTIC: [8] Undefined variable: page C:\inetpub\wwwroot\vegbasket\home\Runtime\Cache\52b55aa804bffeee3b26f117453031f0.php 第 27 行.
INFO: ParseTemplate Behavior ::run [ RunTime:0.024514s ]
INFO: [ view_parse ] --END-- [ RunTime:0.024622s ]
INFO: [ view_filter ] --START--
INFO: ContentReplace Behavior ::run [ RunTime:0.001123s ]
INFO: TokenBuild Behavior ::run [ RunTime:0.001089s ]
INFO: WriteHtmlCache Behavior ::run [ RunTime:0.000975s ]
INFO: ShowRuntime Behavior ::run [ RunTime:0.001177s ]
INFO: [ view_filter ] --END-- [ RunTime:0.004633s ]
INFO: [ view_end ] --START--
INFO: ShowPageTrace Behavior ::run [ RunTime:0.002199s ]
INFO: [ view_end ] --END-- [ RunTime:0.002380s ]

[ 2014-04-24T21:55:18+08:00 ] 0.0.0.0 /vegbasket/index.php/Admin/category.html
INFO: [ route_check ] --START--
INFO: CheckRoute Behavior ::run [ RunTime:0.001467s ]
INFO: [ route_check ] --END-- [ RunTime:0.001587s ]
INFO: [ app_begin ] --START--
INFO: ReadHtmlCache Behavior ::run [ RunTime:0.001759s ]
INFO: [ app_begin ] --END-- [ RunTime:0.002004s ]
NOTIC: [8] Constant THEME_NAME already defined C:\inetpub\wwwroot\vegbasket\ThinkPHP\Lib\Core\View.class.php 第 223 行.
NOTIC: [8] Constant THEME_PATH already defined C:\inetpub\wwwroot\vegbasket\ThinkPHP\Lib\Core\View.class.php 第 174 行.
NOTIC: [8] Constant APP_TMPL_PATH already defined C:\inetpub\wwwroot\vegbasket\ThinkPHP\Lib\Core\View.class.php 第 175 行.
INFO: [ view_parse ] --START--
INFO: ParseTemplate Behavior ::run [ RunTime:0.083440s ]
INFO: [ view_parse ] --END-- [ RunTime:0.083554s ]
INFO: [ view_filter ] --START--
INFO: ContentReplace Behavior ::run [ RunTime:0.001182s ]
INFO: TokenBuild Behavior ::run [ RunTime:0.001619s ]
INFO: WriteHtmlCache Behavior ::run [ RunTime:0.001448s ]
INFO: ShowRuntime Behavior ::run [ RunTime:0.001462s ]
INFO: [ view_filter ] --END-- [ RunTime:0.006035s ]
INFO: [ view_end ] --START--
INFO: ShowPageTrace Behavior ::run [ RunTime:0.001702s ]
INFO: [ view_end ] --END-- [ RunTime:0.001808s ]

[ 2014-04-24T21:55:18+08:00 ] 0.0.0.0 /vegbasket/index.php/Admin/category.html
INFO: [ route_check ] --START--
INFO: CheckRoute Behavior ::run [ RunTime:0.001491s ]
INFO: [ route_check ] --END-- [ RunTime:0.001613s ]
INFO: [ app_begin ] --START--
INFO: ReadHtmlCache Behavior ::run [ RunTime:0.001155s ]
INFO: [ app_begin ] --END-- [ RunTime:0.001263s ]
NOTIC: [8] Constant THEME_NAME already defined C:\inetpub\wwwroot\vegbasket\ThinkPHP\Lib\Core\View.class.php 第 223 行.
NOTIC: [8] Constant THEME_PATH already defined C:\inetpub\wwwroot\vegbasket\ThinkPHP\Lib\Core\View.class.php 第 174 行.
NOTIC: [8] Constant APP_TMPL_PATH already defined C:\inetpub\wwwroot\vegbasket\ThinkPHP\Lib\Core\View.class.php 第 175 行.
INFO: [ view_parse ] --START--
INFO: ParseTemplate Behavior ::run [ RunTime:0.012370s ]
INFO: [ view_parse ] --END-- [ RunTime:0.012487s ]
INFO: [ view_filter ] --START--
INFO: ContentReplace Behavior ::run [ RunTime:0.002120s ]
INFO: TokenBuild Behavior ::run [ RunTime:0.001189s ]
INFO: WriteHtmlCache Behavior ::run [ RunTime:0.000877s ]
INFO: ShowRuntime Behavior ::run [ RunTime:0.001048s ]
INFO: [ view_filter ] --END-- [ RunTime:0.005524s ]
INFO: [ view_end ] --START--
INFO: ShowPageTrace Behavior ::run [ RunTime:0.001271s ]
INFO: [ view_end ] --END-- [ RunTime:0.001359s ]

[ 2014-04-24T21:55:22+08:00 ] 0.0.0.0 /vegbasket/index.php/Admin/listcategory/display/product
INFO: [ route_check ] --START--
INFO: CheckRoute Behavior ::run [ RunTime:0.002200s ]
INFO: [ route_check ] --END-- [ RunTime:0.002348s ]
INFO: [ app_begin ] --START--
INFO: ReadHtmlCache Behavior ::run [ RunTime:0.001112s ]
INFO: [ app_begin ] --END-- [ RunTime:0.001217s ]
SQL: SHOW COLUMNS FROM `category` [ RunTime:0.020214s ]
SQL: SELECT * FROM `category`  [ RunTime:0.002484s ]
INFO: [ view_parse ] --START--
NOTIC: [8] Undefined variable: test C:\inetpub\wwwroot\vegbasket\home\Runtime\Cache\6ffffa5e68e6c576b43011c61710859e.php 第 82 行.
INFO: ParseTemplate Behavior ::run [ RunTime:0.073350s ]
INFO: [ view_parse ] --END-- [ RunTime:0.073461s ]
INFO: [ view_filter ] --START--
INFO: ContentReplace Behavior ::run [ RunTime:0.001040s ]
INFO: TokenBuild Behavior ::run [ RunTime:0.001013s ]
INFO: WriteHtmlCache Behavior ::run [ RunTime:0.000858s ]
INFO: ShowRuntime Behavior ::run [ RunTime:0.001065s ]
INFO: [ view_filter ] --END-- [ RunTime:0.004237s ]
INFO: [ view_end ] --START--
INFO: ShowPageTrace Behavior ::run [ RunTime:0.001302s ]
INFO: [ view_end ] --END-- [ RunTime:0.001392s ]

[ 2014-04-24T21:55:41+08:00 ] 0.0.0.0 /vegbasket/index.php/Admin/price
INFO: [ route_check ] --START--
INFO: CheckRoute Behavior ::run [ RunTime:0.004047s ]
INFO: [ route_check ] --END-- [ RunTime:0.004231s ]
INFO: [ app_begin ] --START--
INFO: ReadHtmlCache Behavior ::run [ RunTime:0.001758s ]
INFO: [ app_begin ] --END-- [ RunTime:0.001876s ]
SQL: SHOW COLUMNS FROM `category` [ RunTime:0.015691s ]
SQL: SHOW COLUMNS FROM `city` [ RunTime:0.046813s ]
SQL: SELECT * FROM `category`  [ RunTime:0.001115s ]
SQL: SELECT * FROM `city`  [ RunTime:0.002043s ]
SQL: SELECT * FROM `city` WHERE ( `city_name` = '广州' ) LIMIT 1   [ RunTime:0.087225s ]
SQL: SHOW COLUMNS FROM `market` [ RunTime:0.072913s ]
SQL: SELECT * FROM `market` WHERE ( `city_id` = '1' )  [ RunTime:0.069897s ]
SQL: SELECT * FROM `category` WHERE ( `category_name` = '蔬菜' ) LIMIT 1   [ RunTime:0.000949s ]
SQL: SHOW COLUMNS FROM `product` [ RunTime:0.008590s ]
SQL: SELECT * FROM `product` WHERE ( `category_id` = '1' )  [ RunTime:0.004319s ]
INFO: [ view_parse ] --START--
NOTIC: [8] Undefined variable: test C:\inetpub\wwwroot\vegbasket\home\Runtime\Cache\489a96c06d16235dce9bd2a5908c60b3.php 第 101 行.
INFO: ParseTemplate Behavior ::run [ RunTime:0.066888s ]
INFO: [ view_parse ] --END-- [ RunTime:0.066988s ]
INFO: [ view_filter ] --START--
INFO: ContentReplace Behavior ::run [ RunTime:0.001459s ]
INFO: TokenBuild Behavior ::run [ RunTime:0.001538s ]
INFO: WriteHtmlCache Behavior ::run [ RunTime:0.001535s ]
INFO: ShowRuntime Behavior ::run [ RunTime:0.001755s ]
INFO: [ view_filter ] --END-- [ RunTime:0.006574s ]
INFO: [ view_end ] --START--
INFO: ShowPageTrace Behavior ::run [ RunTime:0.001782s ]
INFO: [ view_end ] --END-- [ RunTime:0.001877s ]

[ 2014-04-24T21:55:48+08:00 ] 0.0.0.0 /vegbasket/index.php/Admin/news
INFO: [ route_check ] --START--
INFO: CheckRoute Behavior ::run [ RunTime:0.002220s ]
INFO: [ route_check ] --END-- [ RunTime:0.002383s ]
INFO: [ app_begin ] --START--
INFO: ReadHtmlCache Behavior ::run [ RunTime:0.001977s ]
INFO: [ app_begin ] --END-- [ RunTime:0.002111s ]
INFO: [ view_parse ] --START--
NOTIC: [8] Undefined variable: article_item C:\inetpub\wwwroot\vegbasket\home\Runtime\Cache\c881dffac9dbb844e17a63b16e3c3293.php 第 25 行.
NOTIC: [8] Undefined variable: article_item C:\inetpub\wwwroot\vegbasket\home\Runtime\Cache\c881dffac9dbb844e17a63b16e3c3293.php 第 32 行.
NOTIC: [8] Undefined variable: article_item C:\inetpub\wwwroot\vegbasket\home\Runtime\Cache\c881dffac9dbb844e17a63b16e3c3293.php 第 38 行.
INFO: ParseTemplate Behavior ::run [ RunTime:0.091669s ]
INFO: [ view_parse ] --END-- [ RunTime:0.091783s ]
INFO: [ view_filter ] --START--
INFO: ContentReplace Behavior ::run [ RunTime:0.001774s ]
INFO: TokenBuild Behavior ::run [ RunTime:0.001268s ]
INFO: WriteHtmlCache Behavior ::run [ RunTime:0.001135s ]
INFO: ShowRuntime Behavior ::run [ RunTime:0.001057s ]
INFO: [ view_filter ] --END-- [ RunTime:0.005545s ]
INFO: [ view_end ] --START--
INFO: ShowPageTrace Behavior ::run [ RunTime:0.001712s ]
INFO: [ view_end ] --END-- [ RunTime:0.001819s ]

[ 2014-04-24T21:56:08+08:00 ] 0.0.0.0 /vegbasket/index.php/Admin/listcategory/display/listcategory
INFO: [ route_check ] --START--
INFO: CheckRoute Behavior ::run [ RunTime:0.002128s ]
INFO: [ route_check ] --END-- [ RunTime:0.002292s ]
INFO: [ app_begin ] --START--
INFO: ReadHtmlCache Behavior ::run [ RunTime:0.001569s ]
INFO: [ app_begin ] --END-- [ RunTime:0.001695s ]
SQL: SHOW COLUMNS FROM `category` [ RunTime:0.016089s ]
SQL: SELECT * FROM `category`  [ RunTime:0.002209s ]
INFO: [ view_parse ] --START--
NOTIC: [8] Undefined variable: page C:\inetpub\wwwroot\vegbasket\home\Runtime\Cache\52b55aa804bffeee3b26f117453031f0.php 第 27 行.
INFO: ParseTemplate Behavior ::run [ RunTime:0.054906s ]
INFO: [ view_parse ] --END-- [ RunTime:0.055067s ]
INFO: [ view_filter ] --START--
INFO: ContentReplace Behavior ::run [ RunTime:0.000959s ]
INFO: TokenBuild Behavior ::run [ RunTime:0.001004s ]
INFO: WriteHtmlCache Behavior ::run [ RunTime:0.001969s ]
INFO: ShowRuntime Behavior ::run [ RunTime:0.001966s ]
INFO: [ view_filter ] --END-- [ RunTime:0.006182s ]
INFO: [ view_end ] --START--
INFO: ShowPageTrace Behavior ::run [ RunTime:0.001343s ]
INFO: [ view_end ] --END-- [ RunTime:0.001436s ]

[ 2014-04-24T21:56:11+08:00 ] 0.0.0.0 /vegbasket/index.php/Admin/listproduct
INFO: [ route_check ] --START--
INFO: CheckRoute Behavior ::run [ RunTime:0.001711s ]
INFO: [ route_check ] --END-- [ RunTime:0.001844s ]
INFO: [ app_begin ] --START--
INFO: ReadHtmlCache Behavior ::run [ RunTime:0.001492s ]
INFO: [ app_begin ] --END-- [ RunTime:0.001612s ]
SQL: SHOW COLUMNS FROM `product` [ RunTime:0.013043s ]
SQL: SELECT * FROM `product`  [ RunTime:0.002639s ]
NOTIC: [8] Undefined variable: url C:\inetpub\wwwroot\vegbasket\home\Lib\Action\AdminAction.class.php 第 357 行.
NOTIC: [8] Undefined variable: scroll C:\inetpub\wwwroot\vegbasket\home\Lib\ORG\Page.class.php 第 51 行.
NOTIC: [2] Invalid argument supplied for foreach() C:\inetpub\wwwroot\vegbasket\home\Lib\Action\AdminAction.class.php 第 369 行.
INFO: [ view_parse ] --START--
INFO: ParseTemplate Behavior ::run [ RunTime:0.032006s ]
INFO: [ view_parse ] --END-- [ RunTime:0.032172s ]
INFO: [ view_filter ] --START--
INFO: ContentReplace Behavior ::run [ RunTime:0.002489s ]
INFO: TokenBuild Behavior ::run [ RunTime:0.001009s ]
INFO: WriteHtmlCache Behavior ::run [ RunTime:0.000856s ]
INFO: ShowRuntime Behavior ::run [ RunTime:0.001121s ]
INFO: [ view_filter ] --END-- [ RunTime:0.005811s ]
INFO: [ view_end ] --START--
INFO: ShowPageTrace Behavior ::run [ RunTime:0.001248s ]
INFO: [ view_end ] --END-- [ RunTime:0.001337s ]

[ 2014-04-24T21:56:12+08:00 ] 0.0.0.0 /vegbasket/index.php/Admin/listprice
INFO: [ route_check ] --START--
INFO: CheckRoute Behavior ::run [ RunTime:0.002063s ]
INFO: [ route_check ] --END-- [ RunTime:0.002199s ]
INFO: [ app_begin ] --START--
INFO: ReadHtmlCache Behavior ::run [ RunTime:0.001601s ]
INFO: [ app_begin ] --END-- [ RunTime:0.001736s ]
INFO: [ view_parse ] --START--
INFO: ParseTemplate Behavior ::run [ RunTime:0.023288s ]
INFO: [ view_parse ] --END-- [ RunTime:0.023436s ]
INFO: [ view_filter ] --START--
INFO: ContentReplace Behavior ::run [ RunTime:0.001684s ]
INFO: TokenBuild Behavior ::run [ RunTime:0.001411s ]
INFO: WriteHtmlCache Behavior ::run [ RunTime:0.001563s ]
INFO: ShowRuntime Behavior ::run [ RunTime:0.001236s ]
INFO: [ view_filter ] --END-- [ RunTime:0.008606s ]
INFO: [ view_end ] --START--
INFO: ShowPageTrace Behavior ::run [ RunTime:0.001472s ]
INFO: [ view_end ] --END-- [ RunTime:0.001563s ]

