[ 2014-04-28T00:01:10+08:00 ] 0.0.0.0 /vegbasket/index.php/Index/index/date/2014-04-27/city/…Ó€⁄/category/ ﬂ≤À
INFO: [ route_check ] --START--
INFO: CheckRoute Behavior ::run [ RunTime:0.002637s ]
INFO: [ route_check ] --END-- [ RunTime:0.002777s ]
INFO: [ app_begin ] --START--
INFO: ReadHtmlCache Behavior ::run [ RunTime:0.001600s ]
INFO: [ app_begin ] --END-- [ RunTime:0.002548s ]
SQL: SHOW COLUMNS FROM `priceinfo` [ RunTime:0.147706s ]
SQL: SHOW COLUMNS FROM `city` [ RunTime:0.011025s ]
SQL: SHOW COLUMNS FROM `category` [ RunTime:0.009750s ]
NOTIC: [8] Undefined index: keyword C:\inetpub\wwwroot\vegbasket\home\Lib\Action\IndexAction.class.php Á¨¨ 16 Ë°å.
SQL: SELECT * FROM `city` WHERE ( `city_name` <> 'Ê∑±Âú≥' )  [ RunTime:0.001318s ]
SQL: SELECT * FROM `category` WHERE ( `category_name` <> 'Ëî¨Ëèú' )  [ RunTime:0.001140s ]
SQL: SHOW COLUMNS FROM `news` [ RunTime:0.054344s ]
SQL: SELECT * FROM `news` ORDER BY public_date desc LIMIT 5   [ RunTime:0.068039s ]
SQL: SHOW COLUMNS FROM `product` [ RunTime:0.010063s ]
SQL: SELECT * FROM `product` ORDER BY search_count desc LIMIT 4   [ RunTime:0.002098s ]
SQL: SELECT COUNT(*) AS tp_count FROM `priceinfo` WHERE ( `pdate` = '2014-04-27' ) AND ( `category_name` = 'Ëî¨Ëèú' ) AND ( `city_name` = 'Ê∑±Âú≥' ) LIMIT 1   [ RunTime:0.028823s ]
SQL: SELECT * FROM `priceinfo` WHERE ( `pdate` = '2014-04-27' ) AND ( `category_name` = 'Ëî¨Ëèú' ) AND ( `city_name` = 'Ê∑±Âú≥' )  [ RunTime:0.028497s ]
NOTIC: [8] Undefined variable: url C:\inetpub\wwwroot\vegbasket\home\Lib\Action\IndexAction.class.php Á¨¨ 131 Ë°å.
NOTIC: [8] Undefined variable: scroll C:\inetpub\wwwroot\vegbasket\home\Lib\ORG\Page.class.php Á¨¨ 51 Ë°å.
NOTIC: [2] array_slice() expects parameter 1 to be array, null given C:\inetpub\wwwroot\vegbasket\home\Lib\Action\IndexAction.class.php Á¨¨ 139 Ë°å.
NOTIC: [2] Invalid argument supplied for foreach() C:\inetpub\wwwroot\vegbasket\home\Lib\Action\IndexAction.class.php Á¨¨ 143 Ë°å.
INFO: [ view_parse ] --START--
NOTIC: [8] Undefined variable: parameter C:\inetpub\wwwroot\vegbasket\home\Runtime\Cache\d046431aa157c89f3a1c30c426be003b.php Á¨¨ 121 Ë°å.
NOTIC: [8] Undefined variable: parameter2 C:\inetpub\wwwroot\vegbasket\home\Runtime\Cache\d046431aa157c89f3a1c30c426be003b.php Á¨¨ 122 Ë°å.
NOTIC: [8] Undefined variable: parameter3 C:\inetpub\wwwroot\vegbasket\home\Runtime\Cache\d046431aa157c89f3a1c30c426be003b.php Á¨¨ 123 Ë°å.
INFO: ParseTemplate Behavior ::run [ RunTime:0.028914s ]
INFO: [ view_parse ] --END-- [ RunTime:0.029021s ]
INFO: [ view_filter ] --START--
INFO: ContentReplace Behavior ::run [ RunTime:0.001215s ]
INFO: TokenBuild Behavior ::run [ RunTime:0.001142s ]
INFO: WriteHtmlCache Behavior ::run [ RunTime:0.001063s ]
INFO: ShowRuntime Behavior ::run [ RunTime:0.001468s ]
INFO: [ view_filter ] --END-- [ RunTime:0.005191s ]
INFO: [ view_end ] --START--
INFO: ShowPageTrace Behavior ::run [ RunTime:0.001646s ]
INFO: [ view_end ] --END-- [ RunTime:0.001758s ]

[ 2014-04-28T00:01:14+08:00 ] 0.0.0.0 /vegbasket/index.php/Index/index/date/2014-04-27/city/π„÷›/category/ ﬂ≤À
INFO: [ route_check ] --START--
INFO: CheckRoute Behavior ::run [ RunTime:0.001840s ]
INFO: [ route_check ] --END-- [ RunTime:0.001977s ]
INFO: [ app_begin ] --START--
INFO: ReadHtmlCache Behavior ::run [ RunTime:0.001462s ]
INFO: [ app_begin ] --END-- [ RunTime:0.001582s ]
SQL: SHOW COLUMNS FROM `priceinfo` [ RunTime:0.018582s ]
SQL: SHOW COLUMNS FROM `city` [ RunTime:0.010413s ]
SQL: SHOW COLUMNS FROM `category` [ RunTime:0.009448s ]
NOTIC: [8] Undefined index: keyword C:\inetpub\wwwroot\vegbasket\home\Lib\Action\IndexAction.class.php Á¨¨ 16 Ë°å.
SQL: SELECT * FROM `city` WHERE ( `city_name` <> 'ÂπøÂ∑û' )  [ RunTime:0.000824s ]
SQL: SELECT * FROM `category` WHERE ( `category_name` <> 'Ëî¨Ëèú' )  [ RunTime:0.001361s ]
SQL: SHOW COLUMNS FROM `news` [ RunTime:0.011157s ]
SQL: SELECT * FROM `news` ORDER BY public_date desc LIMIT 5   [ RunTime:0.003342s ]
SQL: SHOW COLUMNS FROM `product` [ RunTime:0.016273s ]
SQL: SELECT * FROM `product` ORDER BY search_count desc LIMIT 4   [ RunTime:0.001365s ]
SQL: SELECT COUNT(*) AS tp_count FROM `priceinfo` WHERE ( `pdate` = '2014-04-27' ) AND ( `category_name` = 'Ëî¨Ëèú' ) AND ( `city_name` = 'ÂπøÂ∑û' ) LIMIT 1   [ RunTime:0.031434s ]
SQL: SELECT * FROM `priceinfo` WHERE ( `pdate` = '2014-04-27' ) AND ( `category_name` = 'Ëî¨Ëèú' ) AND ( `city_name` = 'ÂπøÂ∑û' )  [ RunTime:0.034814s ]
NOTIC: [8] Undefined variable: url C:\inetpub\wwwroot\vegbasket\home\Lib\Action\IndexAction.class.php Á¨¨ 131 Ë°å.
NOTIC: [8] Undefined variable: scroll C:\inetpub\wwwroot\vegbasket\home\Lib\ORG\Page.class.php Á¨¨ 51 Ë°å.
NOTIC: [2] array_slice() expects parameter 1 to be array, null given C:\inetpub\wwwroot\vegbasket\home\Lib\Action\IndexAction.class.php Á¨¨ 139 Ë°å.
NOTIC: [2] Invalid argument supplied for foreach() C:\inetpub\wwwroot\vegbasket\home\Lib\Action\IndexAction.class.php Á¨¨ 143 Ë°å.
INFO: [ view_parse ] --START--
NOTIC: [8] Undefined variable: parameter C:\inetpub\wwwroot\vegbasket\home\Runtime\Cache\d046431aa157c89f3a1c30c426be003b.php Á¨¨ 121 Ë°å.
NOTIC: [8] Undefined variable: parameter2 C:\inetpub\wwwroot\vegbasket\home\Runtime\Cache\d046431aa157c89f3a1c30c426be003b.php Á¨¨ 122 Ë°å.
NOTIC: [8] Undefined variable: parameter3 C:\inetpub\wwwroot\vegbasket\home\Runtime\Cache\d046431aa157c89f3a1c30c426be003b.php Á¨¨ 123 Ë°å.
INFO: ParseTemplate Behavior ::run [ RunTime:0.026689s ]
INFO: [ view_parse ] --END-- [ RunTime:0.026833s ]
INFO: [ view_filter ] --START--
INFO: ContentReplace Behavior ::run [ RunTime:0.001774s ]
INFO: TokenBuild Behavior ::run [ RunTime:0.001704s ]
INFO: WriteHtmlCache Behavior ::run [ RunTime:0.002956s ]
INFO: ShowRuntime Behavior ::run [ RunTime:0.003044s ]
INFO: [ view_filter ] --END-- [ RunTime:0.010198s ]
INFO: [ view_end ] --START--
INFO: ShowPageTrace Behavior ::run [ RunTime:0.002678s ]
INFO: [ view_end ] --END-- [ RunTime:0.002811s ]

[ 2014-04-28T00:02:23+08:00 ] 0.0.0.0 /vegbasket/index.php/Search/index/keyword/±æµÿ≤À–ƒ
INFO: [ route_check ] --START--
INFO: CheckRoute Behavior ::run [ RunTime:0.002102s ]
INFO: [ route_check ] --END-- [ RunTime:0.002317s ]
INFO: [ app_begin ] --START--
INFO: ReadHtmlCache Behavior ::run [ RunTime:0.005383s ]
INFO: [ app_begin ] --END-- [ RunTime:0.005519s ]
SQL: SHOW COLUMNS FROM `priceinfo` [ RunTime:0.023686s ]
SQL: SHOW COLUMNS FROM `city` [ RunTime:0.009480s ]
SQL: SHOW COLUMNS FROM `category` [ RunTime:0.008392s ]
NOTIC: [8] Undefined index: date C:\inetpub\wwwroot\vegbasket\home\Lib\Action\SearchAction.class.php Á¨¨ 42 Ë°å.
NOTIC: [8] Undefined index: category C:\inetpub\wwwroot\vegbasket\home\Lib\Action\SearchAction.class.php Á¨¨ 43 Ë°å.
NOTIC: [8] Undefined index: city C:\inetpub\wwwroot\vegbasket\home\Lib\Action\SearchAction.class.php Á¨¨ 44 Ë°å.
SQL: SHOW COLUMNS FROM `product` [ RunTime:0.010305s ]
SQL: SELECT * FROM `product` WHERE ( `product_name` = 'Êú¨Âú∞ËèúÂøÉ' ) LIMIT 1   [ RunTime:0.000775s ]
SQL: UPDATE `product` SET `search_count`=search_count+1 WHERE ( product_id=1 ) [ RunTime:0.051059s ]
SQL: SELECT COUNT(*) AS tp_count FROM `priceinfo` WHERE ( `pdate` = '2014-04-28' ) AND ( `product_name` LIKE '%Êú¨Âú∞ËèúÂøÉ%' ) LIMIT 1   [ RunTime:0.004185s ]
SQL: SELECT * FROM `city` WHERE ( `city_name` <> '' )  [ RunTime:0.001248s ]
SQL: SELECT * FROM `category` WHERE ( `category_name` <> '' )  [ RunTime:0.001257s ]
SQL: SELECT * FROM `category`  [ RunTime:0.001196s ]
SQL: SELECT * FROM `priceinfo` WHERE ( `pdate` = '2014-04-28' ) AND ( `product_name` LIKE '%Êú¨Âú∞ËèúÂøÉ%' )  [ RunTime:0.003153s ]
SQL: SELECT * FROM `product` ORDER BY search_count desc LIMIT 4   [ RunTime:0.000848s ]
NOTIC: [8] Undefined variable: url C:\inetpub\wwwroot\vegbasket\home\Lib\Action\SearchAction.class.php Á¨¨ 234 Ë°å.
NOTIC: [8] Undefined variable: scroll C:\inetpub\wwwroot\vegbasket\home\Lib\ORG\Page.class.php Á¨¨ 51 Ë°å.
NOTIC: [2] array_slice() expects parameter 1 to be array, null given C:\inetpub\wwwroot\vegbasket\home\Lib\Action\SearchAction.class.php Á¨¨ 242 Ë°å.
NOTIC: [2] Invalid argument supplied for foreach() C:\inetpub\wwwroot\vegbasket\home\Lib\Action\SearchAction.class.php Á¨¨ 246 Ë°å.
INFO: [ view_parse ] --START--
INFO: ParseTemplate Behavior ::run [ RunTime:0.062590s ]
INFO: [ view_parse ] --END-- [ RunTime:0.062709s ]
INFO: [ view_filter ] --START--
INFO: ContentReplace Behavior ::run [ RunTime:0.001393s ]
INFO: TokenBuild Behavior ::run [ RunTime:0.001364s ]
INFO: WriteHtmlCache Behavior ::run [ RunTime:0.001292s ]
INFO: ShowRuntime Behavior ::run [ RunTime:0.001487s ]
INFO: [ view_filter ] --END-- [ RunTime:0.005807s ]
INFO: [ view_end ] --START--
INFO: ShowPageTrace Behavior ::run [ RunTime:0.001604s ]
INFO: [ view_end ] --END-- [ RunTime:0.001689s ]

[ 2014-04-28T20:51:31+08:00 ] 0.0.0.0 /vegbasket/index.php/Admin
INFO: [ route_check ] --START--
INFO: CheckRoute Behavior ::run [ RunTime:0.004694s ]
INFO: [ route_check ] --END-- [ RunTime:0.004834s ]
INFO: [ app_begin ] --START--
INFO: ReadHtmlCache Behavior ::run [ RunTime:0.001923s ]
INFO: [ app_begin ] --END-- [ RunTime:0.002032s ]

[ 2014-04-28T20:51:32+08:00 ] 0.0.0.0 /vegbasket/index.php/Admin/login.html
INFO: [ route_check ] --START--
INFO: CheckRoute Behavior ::run [ RunTime:0.001475s ]
INFO: [ route_check ] --END-- [ RunTime:0.001596s ]
INFO: [ app_begin ] --START--
INFO: ReadHtmlCache Behavior ::run [ RunTime:0.001196s ]
INFO: [ app_begin ] --END-- [ RunTime:0.001303s ]
NOTIC: [8] Undefined index: name C:\inetpub\wwwroot\vegbasket\home\Lib\Action\AdminAction.class.php Á¨¨ 16 Ë°å.
NOTIC: [8] Undefined index: pwd C:\inetpub\wwwroot\vegbasket\home\Lib\Action\AdminAction.class.php Á¨¨ 18 Ë°å.
SQL: SHOW COLUMNS FROM `admin` [ RunTime:0.113716s ]
SQL: SELECT * FROM `admin` WHERE ( `admin_name` = null ) AND ( `admin_pwd` = null ) LIMIT 1   [ RunTime:0.078268s ]
INFO: [ view_parse ] --START--
INFO: ParseTemplate Behavior ::run [ RunTime:0.043573s ]
INFO: [ view_parse ] --END-- [ RunTime:0.043706s ]
INFO: [ view_filter ] --START--
INFO: ContentReplace Behavior ::run [ RunTime:0.001397s ]
INFO: TokenBuild Behavior ::run [ RunTime:0.001356s ]
INFO: WriteHtmlCache Behavior ::run [ RunTime:0.001832s ]
INFO: ShowRuntime Behavior ::run [ RunTime:0.002141s ]
INFO: [ view_filter ] --END-- [ RunTime:0.007012s ]
INFO: [ view_end ] --START--
INFO: ShowPageTrace Behavior ::run [ RunTime:0.001733s ]
INFO: [ view_end ] --END-- [ RunTime:0.001835s ]

[ 2014-04-28T20:51:38+08:00 ] 0.0.0.0 /vegbasket/index.php/Admin/login
INFO: [ route_check ] --START--
INFO: CheckRoute Behavior ::run [ RunTime:0.002675s ]
INFO: [ route_check ] --END-- [ RunTime:0.007202s ]
INFO: [ app_begin ] --START--
INFO: ReadHtmlCache Behavior ::run [ RunTime:0.001536s ]
INFO: [ app_begin ] --END-- [ RunTime:0.001696s ]
SQL: SHOW COLUMNS FROM `admin` [ RunTime:0.033019s ]
SQL: SELECT * FROM `admin` WHERE ( `admin_name` = 'admin' ) AND ( `admin_pwd` = 'admin' ) LIMIT 1   [ RunTime:0.003662s ]

[ 2014-04-28T20:51:38+08:00 ] 0.0.0.0 /vegbasket/index.php/Admin/index.html
INFO: [ route_check ] --START--
INFO: CheckRoute Behavior ::run [ RunTime:0.003464s ]
INFO: [ route_check ] --END-- [ RunTime:0.003659s ]
INFO: [ app_begin ] --START--
INFO: ReadHtmlCache Behavior ::run [ RunTime:0.002434s ]
INFO: [ app_begin ] --END-- [ RunTime:0.002664s ]
INFO: [ view_parse ] --START--
INFO: ParseTemplate Behavior ::run [ RunTime:0.124488s ]
INFO: [ view_parse ] --END-- [ RunTime:0.124638s ]
INFO: [ view_filter ] --START--
INFO: ContentReplace Behavior ::run [ RunTime:0.001308s ]
INFO: TokenBuild Behavior ::run [ RunTime:0.003862s ]
INFO: WriteHtmlCache Behavior ::run [ RunTime:0.002251s ]
INFO: ShowRuntime Behavior ::run [ RunTime:0.001455s ]
INFO: [ view_filter ] --END-- [ RunTime:0.009210s ]
INFO: [ view_end ] --START--
INFO: ShowPageTrace Behavior ::run [ RunTime:0.002409s ]
INFO: [ view_end ] --END-- [ RunTime:0.002519s ]

[ 2014-04-28T20:51:38+08:00 ] 0.0.0.0 /vegbasket/index.php/Admin/head.html
INFO: [ route_check ] --START--
INFO: CheckRoute Behavior ::run [ RunTime:0.001823s ]
INFO: [ route_check ] --END-- [ RunTime:0.001973s ]
INFO: [ app_begin ] --START--
INFO: ReadHtmlCache Behavior ::run [ RunTime:0.001265s ]
INFO: [ app_begin ] --END-- [ RunTime:0.001386s ]
NOTIC: [8] Constant THEME_NAME already defined C:\inetpub\wwwroot\vegbasket\ThinkPHP\Lib\Core\View.class.php Á¨¨ 223 Ë°å.
NOTIC: [8] Constant THEME_PATH already defined C:\inetpub\wwwroot\vegbasket\ThinkPHP\Lib\Core\View.class.php Á¨¨ 174 Ë°å.
NOTIC: [8] Constant APP_TMPL_PATH already defined C:\inetpub\wwwroot\vegbasket\ThinkPHP\Lib\Core\View.class.php Á¨¨ 175 Ë°å.
INFO: [ view_parse ] --START--
INFO: ParseTemplate Behavior ::run [ RunTime:0.144173s ]
INFO: [ view_parse ] --END-- [ RunTime:0.144283s ]
INFO: [ view_filter ] --START--
INFO: ContentReplace Behavior ::run [ RunTime:0.002700s ]
INFO: TokenBuild Behavior ::run [ RunTime:0.001058s ]
INFO: WriteHtmlCache Behavior ::run [ RunTime:0.001543s ]
INFO: ShowRuntime Behavior ::run [ RunTime:0.001281s ]
INFO: [ view_filter ] --END-- [ RunTime:0.012657s ]
INFO: [ view_end ] --START--
INFO: ShowPageTrace Behavior ::run [ RunTime:0.001372s ]
INFO: [ view_end ] --END-- [ RunTime:0.001467s ]

[ 2014-04-28T20:51:38+08:00 ] 0.0.0.0 /vegbasket/index.php/Admin/navig.html
INFO: [ route_check ] --START--
INFO: CheckRoute Behavior ::run [ RunTime:0.004400s ]
INFO: [ route_check ] --END-- [ RunTime:0.004542s ]
INFO: [ app_begin ] --START--
INFO: ReadHtmlCache Behavior ::run [ RunTime:0.004051s ]
INFO: [ app_begin ] --END-- [ RunTime:0.004180s ]
NOTIC: [8] Constant THEME_NAME already defined C:\inetpub\wwwroot\vegbasket\ThinkPHP\Lib\Core\View.class.php Á¨¨ 223 Ë°å.
NOTIC: [8] Constant THEME_PATH already defined C:\inetpub\wwwroot\vegbasket\ThinkPHP\Lib\Core\View.class.php Á¨¨ 174 Ë°å.
NOTIC: [8] Constant APP_TMPL_PATH already defined C:\inetpub\wwwroot\vegbasket\ThinkPHP\Lib\Core\View.class.php Á¨¨ 175 Ë°å.
INFO: [ view_parse ] --START--
INFO: ParseTemplate Behavior ::run [ RunTime:0.044811s ]
INFO: [ view_parse ] --END-- [ RunTime:0.044922s ]
INFO: [ view_filter ] --START--
INFO: ContentReplace Behavior ::run [ RunTime:0.001450s ]
INFO: TokenBuild Behavior ::run [ RunTime:0.001440s ]
INFO: WriteHtmlCache Behavior ::run [ RunTime:0.003304s ]
INFO: ShowRuntime Behavior ::run [ RunTime:0.003106s ]
INFO: [ view_filter ] --END-- [ RunTime:0.011303s ]
INFO: [ view_end ] --START--
INFO: ShowPageTrace Behavior ::run [ RunTime:0.003321s ]
INFO: [ view_end ] --END-- [ RunTime:0.003423s ]

[ 2014-04-28T20:51:40+08:00 ] 0.0.0.0 /vegbasket/index.php/Admin/price.html
INFO: [ route_check ] --START--
INFO: CheckRoute Behavior ::run [ RunTime:0.007560s ]
INFO: [ route_check ] --END-- [ RunTime:0.007714s ]
INFO: [ app_begin ] --START--
INFO: ReadHtmlCache Behavior ::run [ RunTime:0.002877s ]
INFO: [ app_begin ] --END-- [ RunTime:0.003002s ]
SQL: SHOW COLUMNS FROM `category` [ RunTime:0.011679s ]
SQL: SHOW COLUMNS FROM `city` [ RunTime:0.027666s ]
SQL: SELECT * FROM `category`  [ RunTime:0.001713s ]
SQL: SELECT * FROM `city`  [ RunTime:0.002261s ]
SQL: SELECT * FROM `city` WHERE ( `city_name` = 'ÂπøÂ∑û' ) LIMIT 1   [ RunTime:0.024776s ]
SQL: SHOW COLUMNS FROM `market` [ RunTime:0.012866s ]
SQL: SELECT * FROM `market` WHERE ( `city_id` = '1' )  [ RunTime:0.059987s ]
SQL: SELECT * FROM `category` WHERE ( `category_name` = 'Ëî¨Ëèú' ) LIMIT 1   [ RunTime:0.001385s ]
SQL: SHOW COLUMNS FROM `product` [ RunTime:0.010391s ]
SQL: SELECT * FROM `product` WHERE ( `category_id` = '1' )  [ RunTime:0.002992s ]
INFO: [ view_parse ] --START--
NOTIC: [8] Undefined variable: test C:\inetpub\wwwroot\vegbasket\home\Runtime\Cache\489a96c06d16235dce9bd2a5908c60b3.php Á¨¨ 101 Ë°å.
INFO: ParseTemplate Behavior ::run [ RunTime:0.059746s ]
INFO: [ view_parse ] --END-- [ RunTime:0.059863s ]
INFO: [ view_filter ] --START--
INFO: ContentReplace Behavior ::run [ RunTime:0.001611s ]
INFO: TokenBuild Behavior ::run [ RunTime:0.001329s ]
INFO: WriteHtmlCache Behavior ::run [ RunTime:0.002089s ]
INFO: ShowRuntime Behavior ::run [ RunTime:0.001476s ]
INFO: [ view_filter ] --END-- [ RunTime:0.006783s ]
INFO: [ view_end ] --START--
INFO: ShowPageTrace Behavior ::run [ RunTime:0.004128s ]
INFO: [ view_end ] --END-- [ RunTime:0.004591s ]

[ 2014-04-28T20:51:46+08:00 ] 0.0.0.0 /vegbasket/index.php/Admin/news
INFO: [ route_check ] --START--
INFO: CheckRoute Behavior ::run [ RunTime:0.001472s ]
INFO: [ route_check ] --END-- [ RunTime:0.001624s ]
INFO: [ app_begin ] --START--
INFO: ReadHtmlCache Behavior ::run [ RunTime:0.001120s ]
INFO: [ app_begin ] --END-- [ RunTime:0.001218s ]
INFO: [ view_parse ] --START--
NOTIC: [8] Undefined variable: article_item C:\inetpub\wwwroot\vegbasket\home\Runtime\Cache\c881dffac9dbb844e17a63b16e3c3293.php Á¨¨ 25 Ë°å.
NOTIC: [8] Undefined variable: article_item C:\inetpub\wwwroot\vegbasket\home\Runtime\Cache\c881dffac9dbb844e17a63b16e3c3293.php Á¨¨ 32 Ë°å.
NOTIC: [8] Undefined variable: article_item C:\inetpub\wwwroot\vegbasket\home\Runtime\Cache\c881dffac9dbb844e17a63b16e3c3293.php Á¨¨ 38 Ë°å.
INFO: ParseTemplate Behavior ::run [ RunTime:0.040953s ]
INFO: [ view_parse ] --END-- [ RunTime:0.041056s ]
INFO: [ view_filter ] --START--
INFO: ContentReplace Behavior ::run [ RunTime:0.000970s ]
INFO: TokenBuild Behavior ::run [ RunTime:0.000973s ]
INFO: WriteHtmlCache Behavior ::run [ RunTime:0.001576s ]
INFO: ShowRuntime Behavior ::run [ RunTime:0.001344s ]
INFO: [ view_filter ] --END-- [ RunTime:0.005148s ]
INFO: [ view_end ] --START--
INFO: ShowPageTrace Behavior ::run [ RunTime:0.001254s ]
INFO: [ view_end ] --END-- [ RunTime:0.001340s ]

[ 2014-04-28T20:53:39+08:00 ] 0.0.0.0 /vegbasket/index.php/Admin/index.html
INFO: [ route_check ] --START--
INFO: CheckRoute Behavior ::run [ RunTime:0.001872s ]
INFO: [ route_check ] --END-- [ RunTime:0.002019s ]
INFO: [ app_begin ] --START--
INFO: ReadHtmlCache Behavior ::run [ RunTime:0.001745s ]
INFO: [ app_begin ] --END-- [ RunTime:0.001884s ]
INFO: [ view_parse ] --START--
INFO: ParseTemplate Behavior ::run [ RunTime:0.013816s ]
INFO: [ view_parse ] --END-- [ RunTime:0.013943s ]
INFO: [ view_filter ] --START--
INFO: ContentReplace Behavior ::run [ RunTime:0.001014s ]
INFO: TokenBuild Behavior ::run [ RunTime:0.001008s ]
INFO: WriteHtmlCache Behavior ::run [ RunTime:0.000896s ]
INFO: ShowRuntime Behavior ::run [ RunTime:0.001088s ]
INFO: [ view_filter ] --END-- [ RunTime:0.004268s ]
INFO: [ view_end ] --START--
INFO: ShowPageTrace Behavior ::run [ RunTime:0.003974s ]
INFO: [ view_end ] --END-- [ RunTime:0.004082s ]

[ 2014-04-28T20:53:40+08:00 ] 0.0.0.0 /vegbasket/index.php/Admin/head.html
INFO: [ route_check ] --START--
INFO: CheckRoute Behavior ::run [ RunTime:0.008561s ]
INFO: [ route_check ] --END-- [ RunTime:0.008698s ]
INFO: [ app_begin ] --START--
INFO: ReadHtmlCache Behavior ::run [ RunTime:0.007528s ]
INFO: [ app_begin ] --END-- [ RunTime:0.007649s ]
NOTIC: [8] Constant THEME_NAME already defined C:\inetpub\wwwroot\vegbasket\ThinkPHP\Lib\Core\View.class.php Á¨¨ 223 Ë°å.
NOTIC: [8] Constant THEME_PATH already defined C:\inetpub\wwwroot\vegbasket\ThinkPHP\Lib\Core\View.class.php Á¨¨ 174 Ë°å.
NOTIC: [8] Constant APP_TMPL_PATH already defined C:\inetpub\wwwroot\vegbasket\ThinkPHP\Lib\Core\View.class.php Á¨¨ 175 Ë°å.
INFO: [ view_parse ] --START--
INFO: ParseTemplate Behavior ::run [ RunTime:0.033283s ]
INFO: [ view_parse ] --END-- [ RunTime:0.033399s ]
INFO: [ view_filter ] --START--
INFO: ContentReplace Behavior ::run [ RunTime:0.001482s ]
INFO: TokenBuild Behavior ::run [ RunTime:0.003897s ]
INFO: WriteHtmlCache Behavior ::run [ RunTime:0.001003s ]
INFO: ShowRuntime Behavior ::run [ RunTime:0.057660s ]
INFO: [ view_filter ] --END-- [ RunTime:0.064344s ]
INFO: [ view_end ] --START--
INFO: ShowPageTrace Behavior ::run [ RunTime:0.004296s ]
INFO: [ view_end ] --END-- [ RunTime:0.004464s ]

[ 2014-04-28T20:53:40+08:00 ] 0.0.0.0 /vegbasket/index.php/Admin/navig.html
INFO: [ route_check ] --START--
INFO: CheckRoute Behavior ::run [ RunTime:0.014140s ]
INFO: [ route_check ] --END-- [ RunTime:0.014288s ]
INFO: [ app_begin ] --START--
INFO: ReadHtmlCache Behavior ::run [ RunTime:0.001742s ]
INFO: [ app_begin ] --END-- [ RunTime:0.001870s ]
NOTIC: [8] Constant THEME_NAME already defined C:\inetpub\wwwroot\vegbasket\ThinkPHP\Lib\Core\View.class.php Á¨¨ 223 Ë°å.
NOTIC: [8] Constant THEME_PATH already defined C:\inetpub\wwwroot\vegbasket\ThinkPHP\Lib\Core\View.class.php Á¨¨ 174 Ë°å.
NOTIC: [8] Constant APP_TMPL_PATH already defined C:\inetpub\wwwroot\vegbasket\ThinkPHP\Lib\Core\View.class.php Á¨¨ 175 Ë°å.
INFO: [ view_parse ] --START--
INFO: ParseTemplate Behavior ::run [ RunTime:0.020349s ]
INFO: [ view_parse ] --END-- [ RunTime:0.020485s ]
INFO: [ view_filter ] --START--
INFO: ContentReplace Behavior ::run [ RunTime:0.001418s ]
INFO: TokenBuild Behavior ::run [ RunTime:0.001458s ]
INFO: WriteHtmlCache Behavior ::run [ RunTime:0.001613s ]
INFO: ShowRuntime Behavior ::run [ RunTime:0.001515s ]
INFO: [ view_filter ] --END-- [ RunTime:0.006286s ]
INFO: [ view_end ] --START--
INFO: ShowPageTrace Behavior ::run [ RunTime:0.068939s ]
INFO: [ view_end ] --END-- [ RunTime:0.069050s ]

[ 2014-04-28T20:53:41+08:00 ] 0.0.0.0 /vegbasket/index.php/Admin/price.html
INFO: [ route_check ] --START--
INFO: CheckRoute Behavior ::run [ RunTime:0.004647s ]
INFO: [ route_check ] --END-- [ RunTime:0.004798s ]
INFO: [ app_begin ] --START--
INFO: ReadHtmlCache Behavior ::run [ RunTime:0.002616s ]
INFO: [ app_begin ] --END-- [ RunTime:0.002750s ]
SQL: SHOW COLUMNS FROM `category` [ RunTime:0.014434s ]
SQL: SHOW COLUMNS FROM `city` [ RunTime:0.114186s ]
SQL: SELECT * FROM `category`  [ RunTime:0.000893s ]
SQL: SELECT * FROM `city`  [ RunTime:0.001554s ]
SQL: SELECT * FROM `city` WHERE ( `city_name` = 'ÂπøÂ∑û' ) LIMIT 1   [ RunTime:0.037540s ]
SQL: SHOW COLUMNS FROM `market` [ RunTime:0.075782s ]
SQL: SELECT * FROM `market` WHERE ( `city_id` = '1' )  [ RunTime:0.002213s ]
SQL: SELECT * FROM `category` WHERE ( `category_name` = 'Ëî¨Ëèú' ) LIMIT 1   [ RunTime:0.002964s ]
SQL: SHOW COLUMNS FROM `product` [ RunTime:0.015850s ]
SQL: SELECT * FROM `product` WHERE ( `category_id` = '1' )  [ RunTime:0.003040s ]
INFO: [ view_parse ] --START--
NOTIC: [8] Undefined variable: test C:\inetpub\wwwroot\vegbasket\home\Runtime\Cache\489a96c06d16235dce9bd2a5908c60b3.php Á¨¨ 101 Ë°å.
INFO: ParseTemplate Behavior ::run [ RunTime:0.033901s ]
INFO: [ view_parse ] --END-- [ RunTime:0.034019s ]
INFO: [ view_filter ] --START--
INFO: ContentReplace Behavior ::run [ RunTime:0.002774s ]
INFO: TokenBuild Behavior ::run [ RunTime:0.002924s ]
INFO: WriteHtmlCache Behavior ::run [ RunTime:0.004034s ]
INFO: ShowRuntime Behavior ::run [ RunTime:0.002273s ]
INFO: [ view_filter ] --END-- [ RunTime:0.013546s ]
INFO: [ view_end ] --START--
INFO: ShowPageTrace Behavior ::run [ RunTime:0.003886s ]
INFO: [ view_end ] --END-- [ RunTime:0.004003s ]

[ 2014-04-28T20:53:55+08:00 ] 0.0.0.0 /vegbasket/index.php/Admin/news
INFO: [ route_check ] --START--
INFO: CheckRoute Behavior ::run [ RunTime:0.001495s ]
INFO: [ route_check ] --END-- [ RunTime:0.001638s ]
INFO: [ app_begin ] --START--
INFO: ReadHtmlCache Behavior ::run [ RunTime:0.002579s ]
INFO: [ app_begin ] --END-- [ RunTime:0.002705s ]
INFO: [ view_parse ] --START--
NOTIC: [8] Undefined variable: article_item C:\inetpub\wwwroot\vegbasket\home\Runtime\Cache\c881dffac9dbb844e17a63b16e3c3293.php Á¨¨ 25 Ë°å.
NOTIC: [8] Undefined variable: article_item C:\inetpub\wwwroot\vegbasket\home\Runtime\Cache\c881dffac9dbb844e17a63b16e3c3293.php Á¨¨ 32 Ë°å.
NOTIC: [8] Undefined variable: article_item C:\inetpub\wwwroot\vegbasket\home\Runtime\Cache\c881dffac9dbb844e17a63b16e3c3293.php Á¨¨ 38 Ë°å.
INFO: ParseTemplate Behavior ::run [ RunTime:0.019710s ]
INFO: [ view_parse ] --END-- [ RunTime:0.019827s ]
INFO: [ view_filter ] --START--
INFO: ContentReplace Behavior ::run [ RunTime:0.002623s ]
INFO: TokenBuild Behavior ::run [ RunTime:0.001961s ]
INFO: WriteHtmlCache Behavior ::run [ RunTime:0.004398s ]
INFO: ShowRuntime Behavior ::run [ RunTime:0.002308s ]
INFO: [ view_filter ] --END-- [ RunTime:0.011626s ]
INFO: [ view_end ] --START--
INFO: ShowPageTrace Behavior ::run [ RunTime:0.002224s ]
INFO: [ view_end ] --END-- [ RunTime:0.002408s ]

[ 2014-04-28T22:19:55+08:00 ] 0.0.0.0 /vegbasket/index.php/Admin/category.html
INFO: [ route_check ] --START--
INFO: CheckRoute Behavior ::run [ RunTime:0.001666s ]
INFO: [ route_check ] --END-- [ RunTime:0.001793s ]
INFO: [ app_begin ] --START--
INFO: ReadHtmlCache Behavior ::run [ RunTime:0.001126s ]
INFO: [ app_begin ] --END-- [ RunTime:0.001237s ]
NOTIC: [8] Constant THEME_NAME already defined C:\inetpub\wwwroot\vegbasket\ThinkPHP\Lib\Core\View.class.php Á¨¨ 223 Ë°å.
NOTIC: [8] Constant THEME_PATH already defined C:\inetpub\wwwroot\vegbasket\ThinkPHP\Lib\Core\View.class.php Á¨¨ 174 Ë°å.
NOTIC: [8] Constant APP_TMPL_PATH already defined C:\inetpub\wwwroot\vegbasket\ThinkPHP\Lib\Core\View.class.php Á¨¨ 175 Ë°å.
INFO: [ view_parse ] --START--
INFO: ParseTemplate Behavior ::run [ RunTime:0.068764s ]
INFO: [ view_parse ] --END-- [ RunTime:0.068942s ]
INFO: [ view_filter ] --START--
INFO: ContentReplace Behavior ::run [ RunTime:0.001809s ]
INFO: TokenBuild Behavior ::run [ RunTime:0.002183s ]
INFO: WriteHtmlCache Behavior ::run [ RunTime:0.001305s ]
INFO: ShowRuntime Behavior ::run [ RunTime:0.001825s ]
INFO: [ view_filter ] --END-- [ RunTime:0.007721s ]
INFO: [ view_end ] --START--
INFO: ShowPageTrace Behavior ::run [ RunTime:0.002053s ]
INFO: [ view_end ] --END-- [ RunTime:0.002438s ]

