[ 2014-03-28T09:33:45+08:00 ] 0.0.0.0 /vegbasket/index.php/Admin
INFO: [ route_check ] --START--
INFO: CheckRoute Behavior ::run [ RunTime:0.020104s ]
INFO: [ route_check ] --END-- [ RunTime:0.020277s ]
INFO: [ app_begin ] --START--
INFO: ReadHtmlCache Behavior ::run [ RunTime:0.003565s ]
INFO: [ app_begin ] --END-- [ RunTime:0.003734s ]

[ 2014-03-28T09:36:53+08:00 ] 0.0.0.0 /vegbasket/index.php/Admin
INFO: [ route_check ] --START--
INFO: CheckRoute Behavior ::run [ RunTime:0.002783s ]
INFO: [ route_check ] --END-- [ RunTime:0.002910s ]
INFO: [ app_begin ] --START--
INFO: ReadHtmlCache Behavior ::run [ RunTime:0.001787s ]
INFO: [ app_begin ] --END-- [ RunTime:0.001896s ]

[ 2014-03-28T09:36:57+08:00 ] 0.0.0.0 /vegbasket/index.php/Admin
INFO: [ route_check ] --START--
INFO: CheckRoute Behavior ::run [ RunTime:0.002258s ]
INFO: [ route_check ] --END-- [ RunTime:0.002392s ]
INFO: [ app_begin ] --START--
INFO: ReadHtmlCache Behavior ::run [ RunTime:0.001700s ]
INFO: [ app_begin ] --END-- [ RunTime:0.001816s ]

[ 2014-03-28T09:37:02+08:00 ] 0.0.0.0 /vegbasket/index.php/Admin/index
INFO: [ route_check ] --START--
INFO: CheckRoute Behavior ::run [ RunTime:0.001573s ]
INFO: [ route_check ] --END-- [ RunTime:0.001689s ]
INFO: [ app_begin ] --START--
INFO: ReadHtmlCache Behavior ::run [ RunTime:0.001284s ]
INFO: [ app_begin ] --END-- [ RunTime:0.001387s ]

[ 2014-03-28T09:37:36+08:00 ] 0.0.0.0 /vegbasket/index.php/Admin/index
INFO: [ route_check ] --START--
INFO: CheckRoute Behavior ::run [ RunTime:0.001510s ]
INFO: [ route_check ] --END-- [ RunTime:0.001625s ]
INFO: [ app_begin ] --START--
INFO: ReadHtmlCache Behavior ::run [ RunTime:0.001683s ]
INFO: [ app_begin ] --END-- [ RunTime:0.001799s ]
SQL: SHOW COLUMNS FROM `price` [ RunTime:0.106765s ]
SQL: SHOW COLUMNS FROM `market` [ RunTime:0.014629s ]
SQL: SELECT * FROM `market` WHERE ( `market_name` = '广州4区2市菜篮子平均零售价格' ) LIMIT 1   [ RunTime:0.001369s ]
SQL: SHOW COLUMNS FROM `product` [ RunTime:0.014386s ]
SQL: SELECT * FROM `product` WHERE ( `product_name` = '本地菜心' ) LIMIT 1   [ RunTime:0.047607s ]
SQL: INSERT INTO `price` (`pdate`,`market_id`,`product_id`,`product_price`,`datasource`,`publisher`) VALUES ('2014-03-28',3,1,20,'广州物价局','admin') [ RunTime:0.089019s ]

[ 2014-03-28T09:38:41+08:00 ] 0.0.0.0 /vegbasket/index.php/Admin/index
INFO: [ route_check ] --START--
INFO: CheckRoute Behavior ::run [ RunTime:0.001530s ]
INFO: [ route_check ] --END-- [ RunTime:0.001647s ]
INFO: [ app_begin ] --START--
INFO: ReadHtmlCache Behavior ::run [ RunTime:0.001217s ]
INFO: [ app_begin ] --END-- [ RunTime:0.001319s ]
INFO: [ view_parse ] --START--
INFO: ParseTemplate Behavior ::run [ RunTime:0.131565s ]
INFO: [ view_parse ] --END-- [ RunTime:0.131682s ]
INFO: [ view_filter ] --START--
INFO: ContentReplace Behavior ::run [ RunTime:0.024926s ]
INFO: TokenBuild Behavior ::run [ RunTime:0.018922s ]
INFO: WriteHtmlCache Behavior ::run [ RunTime:0.002875s ]
INFO: ShowRuntime Behavior ::run [ RunTime:0.020549s ]
INFO: [ view_filter ] --END-- [ RunTime:0.067594s ]
INFO: [ view_end ] --START--
INFO: ShowPageTrace Behavior ::run [ RunTime:0.008331s ]
INFO: [ view_end ] --END-- [ RunTime:0.008427s ]

[ 2014-03-28T09:38:41+08:00 ] 0.0.0.0 /vegbasket/index.php/Admin/admin.css
INFO: [ route_check ] --START--
INFO: CheckRoute Behavior ::run [ RunTime:0.002831s ]
INFO: [ route_check ] --END-- [ RunTime:0.002989s ]
INFO: [ app_begin ] --START--
INFO: ReadHtmlCache Behavior ::run [ RunTime:0.001284s ]
INFO: [ app_begin ] --END-- [ RunTime:0.001393s ]
ERR: 非法操作:admin.css

[ 2014-03-28T09:48:40+08:00 ] 0.0.0.0 /vegbasket/index.php/Admin/index
INFO: [ route_check ] --START--
INFO: CheckRoute Behavior ::run [ RunTime:0.002628s ]
INFO: [ route_check ] --END-- [ RunTime:0.002778s ]
INFO: [ app_begin ] --START--
INFO: ReadHtmlCache Behavior ::run [ RunTime:0.001731s ]
INFO: [ app_begin ] --END-- [ RunTime:0.001840s ]
INFO: [ view_parse ] --START--
INFO: ParseTemplate Behavior ::run [ RunTime:0.031566s ]
INFO: [ view_parse ] --END-- [ RunTime:0.031688s ]
INFO: [ view_filter ] --START--
INFO: ContentReplace Behavior ::run [ RunTime:0.001520s ]
INFO: TokenBuild Behavior ::run [ RunTime:0.001449s ]
INFO: WriteHtmlCache Behavior ::run [ RunTime:0.001545s ]
INFO: ShowRuntime Behavior ::run [ RunTime:0.001569s ]
INFO: [ view_filter ] --END-- [ RunTime:0.006378s ]
INFO: [ view_end ] --START--
INFO: ShowPageTrace Behavior ::run [ RunTime:0.001833s ]
INFO: [ view_end ] --END-- [ RunTime:0.001934s ]

[ 2014-03-28T09:48:40+08:00 ] 0.0.0.0 /vegbasket/index.php/Admin/admin.css
INFO: [ route_check ] --START--
INFO: CheckRoute Behavior ::run [ RunTime:0.001655s ]
INFO: [ route_check ] --END-- [ RunTime:0.001775s ]
INFO: [ app_begin ] --START--
INFO: ReadHtmlCache Behavior ::run [ RunTime:0.001238s ]
INFO: [ app_begin ] --END-- [ RunTime:0.001339s ]
ERR: 非法操作:admin.css

[ 2014-03-28T09:53:31+08:00 ] 0.0.0.0 /vegbasket/index.php/Admin/index
INFO: [ route_check ] --START--
INFO: CheckRoute Behavior ::run [ RunTime:0.002650s ]
INFO: [ route_check ] --END-- [ RunTime:0.002770s ]
INFO: [ app_begin ] --START--
INFO: ReadHtmlCache Behavior ::run [ RunTime:0.001602s ]
INFO: [ app_begin ] --END-- [ RunTime:0.001711s ]
INFO: [ view_parse ] --START--
INFO: ParseTemplate Behavior ::run [ RunTime:0.016249s ]
INFO: [ view_parse ] --END-- [ RunTime:0.016365s ]
INFO: [ view_filter ] --START--
INFO: ContentReplace Behavior ::run [ RunTime:0.001777s ]
INFO: TokenBuild Behavior ::run [ RunTime:0.001997s ]
INFO: WriteHtmlCache Behavior ::run [ RunTime:0.001607s ]
INFO: ShowRuntime Behavior ::run [ RunTime:0.002136s ]
INFO: [ view_filter ] --END-- [ RunTime:0.007812s ]
INFO: [ view_end ] --START--
INFO: ShowPageTrace Behavior ::run [ RunTime:0.001803s ]
INFO: [ view_end ] --END-- [ RunTime:0.001893s ]

[ 2014-03-28T09:53:31+08:00 ] 0.0.0.0 /vegbasket/index.php/Admin/admin.css
INFO: [ route_check ] --START--
INFO: CheckRoute Behavior ::run [ RunTime:0.002807s ]
INFO: [ route_check ] --END-- [ RunTime:0.003013s ]
INFO: [ app_begin ] --START--
INFO: ReadHtmlCache Behavior ::run [ RunTime:0.002585s ]
INFO: [ app_begin ] --END-- [ RunTime:0.002779s ]
ERR: 非法操作:admin.css

[ 2014-03-28T09:53:46+08:00 ] 0.0.0.0 /vegbasket/index.php/Admin/index?
INFO: [ route_check ] --START--
INFO: CheckRoute Behavior ::run [ RunTime:0.001594s ]
INFO: [ route_check ] --END-- [ RunTime:0.001712s ]
INFO: [ app_begin ] --START--
INFO: ReadHtmlCache Behavior ::run [ RunTime:0.001236s ]
INFO: [ app_begin ] --END-- [ RunTime:0.001344s ]
INFO: [ view_parse ] --START--
INFO: ParseTemplate Behavior ::run [ RunTime:0.012474s ]
INFO: [ view_parse ] --END-- [ RunTime:0.012587s ]
INFO: [ view_filter ] --START--
INFO: ContentReplace Behavior ::run [ RunTime:0.001073s ]
INFO: TokenBuild Behavior ::run [ RunTime:0.001106s ]
INFO: WriteHtmlCache Behavior ::run [ RunTime:0.000967s ]
INFO: ShowRuntime Behavior ::run [ RunTime:0.001194s ]
INFO: [ view_filter ] --END-- [ RunTime:0.004615s ]
INFO: [ view_end ] --START--
INFO: ShowPageTrace Behavior ::run [ RunTime:0.001649s ]
INFO: [ view_end ] --END-- [ RunTime:0.001744s ]

[ 2014-03-28T09:53:46+08:00 ] 0.0.0.0 /vegbasket/index.php/Admin/admin.css
INFO: [ route_check ] --START--
INFO: CheckRoute Behavior ::run [ RunTime:0.001562s ]
INFO: [ route_check ] --END-- [ RunTime:0.001679s ]
INFO: [ app_begin ] --START--
INFO: ReadHtmlCache Behavior ::run [ RunTime:0.001389s ]
INFO: [ app_begin ] --END-- [ RunTime:0.001507s ]
ERR: 非法操作:admin.css

[ 2014-03-28T09:57:01+08:00 ] 0.0.0.0 /vegbasket/index.php/Admin/index?
INFO: [ route_check ] --START--
INFO: CheckRoute Behavior ::run [ RunTime:0.002590s ]
INFO: [ route_check ] --END-- [ RunTime:0.002710s ]
INFO: [ app_begin ] --START--
INFO: ReadHtmlCache Behavior ::run [ RunTime:0.001593s ]
INFO: [ app_begin ] --END-- [ RunTime:0.001695s ]
INFO: [ view_parse ] --START--
INFO: ParseTemplate Behavior ::run [ RunTime:0.015302s ]
INFO: [ view_parse ] --END-- [ RunTime:0.015481s ]
INFO: [ view_filter ] --START--
INFO: ContentReplace Behavior ::run [ RunTime:0.001459s ]
INFO: TokenBuild Behavior ::run [ RunTime:0.001556s ]
INFO: WriteHtmlCache Behavior ::run [ RunTime:0.002643s ]
INFO: ShowRuntime Behavior ::run [ RunTime:0.003544s ]
INFO: [ view_filter ] --END-- [ RunTime:0.009527s ]
INFO: [ view_end ] --START--
INFO: ShowPageTrace Behavior ::run [ RunTime:0.003560s ]
INFO: [ view_end ] --END-- [ RunTime:0.003671s ]

[ 2014-03-28T09:57:01+08:00 ] 0.0.0.0 /vegbasket/index.php/Admin/admin.css
INFO: [ route_check ] --START--
INFO: CheckRoute Behavior ::run [ RunTime:0.001705s ]
INFO: [ route_check ] --END-- [ RunTime:0.001843s ]
INFO: [ app_begin ] --START--
INFO: ReadHtmlCache Behavior ::run [ RunTime:0.002467s ]
INFO: [ app_begin ] --END-- [ RunTime:0.002602s ]
ERR: 非法操作:admin.css

[ 2014-03-28T09:58:25+08:00 ] 0.0.0.0 /vegbasket/index.php/Admin/AddPrice
INFO: [ route_check ] --START--
INFO: CheckRoute Behavior ::run [ RunTime:0.001565s ]
INFO: [ route_check ] --END-- [ RunTime:0.001683s ]
INFO: [ app_begin ] --START--
INFO: ReadHtmlCache Behavior ::run [ RunTime:0.001663s ]
INFO: [ app_begin ] --END-- [ RunTime:0.001853s ]
SQL: SHOW COLUMNS FROM `price` [ RunTime:0.013290s ]
NOTIC: [8] Undefined index: datasource C:\inetpub\wwwroot\vegbasket\Lib\Action\AdminAction.class.php 第 28 行.
NOTIC: [8] Undefined index: publisher C:\inetpub\wwwroot\vegbasket\Lib\Action\AdminAction.class.php 第 29 行.
NOTIC: [8] iconv(): Detected an illegal character in input string C:\inetpub\wwwroot\vegbasket\Lib\Action\AdminAction.class.php 第 31 行.
NOTIC: [8] iconv(): Detected an illegal character in input string C:\inetpub\wwwroot\vegbasket\Lib\Action\AdminAction.class.php 第 32 行.
SQL: SHOW COLUMNS FROM `market` [ RunTime:0.011797s ]
SQL: SELECT * FROM `market` WHERE ( `market_name` = 0 ) LIMIT 1   [ RunTime:0.031724s ]
SQL: SHOW COLUMNS FROM `product` [ RunTime:0.009224s ]
SQL: SELECT * FROM `product` WHERE ( `product_name` = 0 ) LIMIT 1   [ RunTime:0.000989s ]
SQL: INSERT INTO `price` (`pdate`,`market_id`,`product_id`,`product_price`,`datasource`,`publisher`) VALUES ('2014-03-28',1,1,90,'','') [ RunTime:0.001301s ]

[ 2014-03-28T10:00:11+08:00 ] 0.0.0.0 /vegbasket/index.php/Admin/AddPrice
INFO: [ route_check ] --START--
INFO: CheckRoute Behavior ::run [ RunTime:0.003872s ]
INFO: [ route_check ] --END-- [ RunTime:0.004000s ]
INFO: [ app_begin ] --START--
INFO: ReadHtmlCache Behavior ::run [ RunTime:0.002124s ]
INFO: [ app_begin ] --END-- [ RunTime:0.002239s ]
SQL: SHOW COLUMNS FROM `price` [ RunTime:0.008359s ]
NOTIC: [8] Undefined index: datasource C:\inetpub\wwwroot\vegbasket\Lib\Action\AdminAction.class.php 第 28 行.
NOTIC: [8] Undefined index: publisher C:\inetpub\wwwroot\vegbasket\Lib\Action\AdminAction.class.php 第 29 行.
NOTIC: [8] iconv(): Detected an illegal character in input string C:\inetpub\wwwroot\vegbasket\Lib\Action\AdminAction.class.php 第 31 行.
NOTIC: [8] iconv(): Detected an illegal character in input string C:\inetpub\wwwroot\vegbasket\Lib\Action\AdminAction.class.php 第 32 行.
SQL: SHOW COLUMNS FROM `market` [ RunTime:0.009620s ]
SQL: SELECT * FROM `market` WHERE ( `market_name` = 0 ) LIMIT 1   [ RunTime:0.000970s ]
SQL: SHOW COLUMNS FROM `product` [ RunTime:0.008023s ]
SQL: SELECT * FROM `product` WHERE ( `product_name` = 0 ) LIMIT 1   [ RunTime:0.001033s ]
SQL: INSERT INTO `price` (`pdate`,`market_id`,`product_id`,`product_price`,`datasource`,`publisher`) VALUES ('2014-03-28',1,1,90,'','') [ RunTime:0.001007s ]
INFO: [ view_parse ] --START--
INFO: ParseTemplate Behavior ::run [ RunTime:0.017135s ]
INFO: [ view_parse ] --END-- [ RunTime:0.017290s ]
INFO: [ view_filter ] --START--
INFO: ContentReplace Behavior ::run [ RunTime:0.001454s ]
INFO: TokenBuild Behavior ::run [ RunTime:0.001474s ]
INFO: WriteHtmlCache Behavior ::run [ RunTime:0.001364s ]
INFO: ShowRuntime Behavior ::run [ RunTime:0.001586s ]
INFO: [ view_filter ] --END-- [ RunTime:0.006139s ]
INFO: [ view_end ] --START--
INFO: ShowPageTrace Behavior ::run [ RunTime:0.001773s ]
INFO: [ view_end ] --END-- [ RunTime:0.001862s ]

[ 2014-03-28T10:00:11+08:00 ] 0.0.0.0 /vegbasket/index.php/Admin/admin.css
INFO: [ route_check ] --START--
INFO: CheckRoute Behavior ::run [ RunTime:0.002223s ]
INFO: [ route_check ] --END-- [ RunTime:0.002353s ]
INFO: [ app_begin ] --START--
INFO: ReadHtmlCache Behavior ::run [ RunTime:0.001381s ]
INFO: [ app_begin ] --END-- [ RunTime:0.001498s ]
ERR: 非法操作:admin.css

[ 2014-03-28T10:12:08+08:00 ] 0.0.0.0 /vegbasket/index.php/Admin
INFO: [ route_check ] --START--
INFO: CheckRoute Behavior ::run [ RunTime:0.002892s ]
INFO: [ route_check ] --END-- [ RunTime:0.003051s ]
INFO: [ app_begin ] --START--
INFO: ReadHtmlCache Behavior ::run [ RunTime:0.001621s ]
INFO: [ app_begin ] --END-- [ RunTime:0.001726s ]
INFO: [ view_parse ] --START--
INFO: ParseTemplate Behavior ::run [ RunTime:0.029905s ]
INFO: [ view_parse ] --END-- [ RunTime:0.030043s ]
INFO: [ view_filter ] --START--
INFO: ContentReplace Behavior ::run [ RunTime:0.003051s ]
INFO: TokenBuild Behavior ::run [ RunTime:0.001614s ]
INFO: WriteHtmlCache Behavior ::run [ RunTime:0.001363s ]
INFO: ShowRuntime Behavior ::run [ RunTime:0.002310s ]
INFO: [ view_filter ] --END-- [ RunTime:0.008719s ]
INFO: [ view_end ] --START--
INFO: ShowPageTrace Behavior ::run [ RunTime:0.002046s ]
INFO: [ view_end ] --END-- [ RunTime:0.002141s ]

[ 2014-03-28T10:12:08+08:00 ] 0.0.0.0 /vegbasket/index.php/admin.css
INFO: [ route_check ] --START--
INFO: CheckRoute Behavior ::run [ RunTime:0.002669s ]
INFO: [ route_check ] --END-- [ RunTime:0.003862s ]
INFO: [ app_begin ] --START--
INFO: ReadHtmlCache Behavior ::run [ RunTime:0.003310s ]
INFO: [ app_begin ] --END-- [ RunTime:0.003442s ]
NOTIC: [8] Undefined variable: group C:\inetpub\wwwroot\vegbasket\ThinkPHP\Lib\Core\App.class.php 第 95 行.
ERR: 无法加载模块:admin.css

[ 2014-03-28T10:13:02+08:00 ] 0.0.0.0 /vegbasket/index.php/Admin/AddPrice
INFO: [ route_check ] --START--
INFO: CheckRoute Behavior ::run [ RunTime:0.001556s ]
INFO: [ route_check ] --END-- [ RunTime:0.001686s ]
INFO: [ app_begin ] --START--
INFO: ReadHtmlCache Behavior ::run [ RunTime:0.001890s ]
INFO: [ app_begin ] --END-- [ RunTime:0.002006s ]
SQL: SHOW COLUMNS FROM `price` [ RunTime:0.013353s ]
NOTIC: [8] Undefined index: publisher C:\inetpub\wwwroot\vegbasket\Lib\Action\AdminAction.class.php 第 29 行.
NOTIC: [8] iconv(): Detected an illegal character in input string C:\inetpub\wwwroot\vegbasket\Lib\Action\AdminAction.class.php 第 31 行.
NOTIC: [8] iconv(): Detected an illegal character in input string C:\inetpub\wwwroot\vegbasket\Lib\Action\AdminAction.class.php 第 32 行.
NOTIC: [8] iconv(): Detected an illegal character in input string C:\inetpub\wwwroot\vegbasket\Lib\Action\AdminAction.class.php 第 33 行.
SQL: SHOW COLUMNS FROM `market` [ RunTime:0.009109s ]
SQL: SELECT * FROM `market` WHERE ( `market_name` = 0 ) LIMIT 1   [ RunTime:0.000888s ]
SQL: SHOW COLUMNS FROM `product` [ RunTime:0.010061s ]
SQL: SELECT * FROM `product` WHERE ( `product_name` = 0 ) LIMIT 1   [ RunTime:0.001716s ]
SQL: INSERT INTO `price` (`pdate`,`market_id`,`product_id`,`product_price`,`datasource`,`publisher`) VALUES ('20140329',1,1,89,0,'') [ RunTime:0.001175s ]
INFO: [ view_parse ] --START--
INFO: ParseTemplate Behavior ::run [ RunTime:0.285119s ]
INFO: [ view_parse ] --END-- [ RunTime:0.285272s ]
INFO: [ view_filter ] --START--
INFO: ContentReplace Behavior ::run [ RunTime:0.001698s ]
INFO: TokenBuild Behavior ::run [ RunTime:0.003088s ]
INFO: WriteHtmlCache Behavior ::run [ RunTime:0.002731s ]
INFO: ShowRuntime Behavior ::run [ RunTime:0.002488s ]
INFO: [ view_filter ] --END-- [ RunTime:0.010997s ]
INFO: [ view_end ] --START--
INFO: ShowPageTrace Behavior ::run [ RunTime:0.002879s ]
INFO: [ view_end ] --END-- [ RunTime:0.003034s ]

[ 2014-03-28T10:13:03+08:00 ] 0.0.0.0 /vegbasket/index.php/Admin/index
INFO: [ route_check ] --START--
INFO: CheckRoute Behavior ::run [ RunTime:0.002683s ]
INFO: [ route_check ] --END-- [ RunTime:0.002817s ]
INFO: [ app_begin ] --START--
INFO: ReadHtmlCache Behavior ::run [ RunTime:0.001236s ]
INFO: [ app_begin ] --END-- [ RunTime:0.001340s ]
INFO: [ view_parse ] --START--
INFO: ParseTemplate Behavior ::run [ RunTime:0.014772s ]
INFO: [ view_parse ] --END-- [ RunTime:0.014902s ]
INFO: [ view_filter ] --START--
INFO: ContentReplace Behavior ::run [ RunTime:0.001571s ]
INFO: TokenBuild Behavior ::run [ RunTime:0.001068s ]
INFO: WriteHtmlCache Behavior ::run [ RunTime:0.000930s ]
INFO: ShowRuntime Behavior ::run [ RunTime:0.001146s ]
INFO: [ view_filter ] --END-- [ RunTime:0.004978s ]
INFO: [ view_end ] --START--
INFO: ShowPageTrace Behavior ::run [ RunTime:0.001338s ]
INFO: [ view_end ] --END-- [ RunTime:0.001427s ]

[ 2014-03-28T10:13:03+08:00 ] 0.0.0.0 /vegbasket/index.php/Admin/admin.css
INFO: [ route_check ] --START--
INFO: CheckRoute Behavior ::run [ RunTime:0.001614s ]
INFO: [ route_check ] --END-- [ RunTime:0.001732s ]
INFO: [ app_begin ] --START--
INFO: ReadHtmlCache Behavior ::run [ RunTime:0.001589s ]
INFO: [ app_begin ] --END-- [ RunTime:0.001693s ]
ERR: 非法操作:admin.css

[ 2014-03-28T10:14:49+08:00 ] 0.0.0.0 /vegbasket/index.php/Admin/AddPrice
INFO: [ route_check ] --START--
INFO: CheckRoute Behavior ::run [ RunTime:0.004534s ]
INFO: [ route_check ] --END-- [ RunTime:0.004657s ]
INFO: [ app_begin ] --START--
INFO: ReadHtmlCache Behavior ::run [ RunTime:0.001618s ]
INFO: [ app_begin ] --END-- [ RunTime:0.001726s ]
SQL: SHOW COLUMNS FROM `price` [ RunTime:0.018731s ]
NOTIC: [8] Undefined index: publisher C:\inetpub\wwwroot\vegbasket\Lib\Action\AdminAction.class.php 第 29 行.
NOTIC: [8] iconv(): Detected an illegal character in input string C:\inetpub\wwwroot\vegbasket\Lib\Action\AdminAction.class.php 第 31 行.
NOTIC: [8] iconv(): Detected an illegal character in input string C:\inetpub\wwwroot\vegbasket\Lib\Action\AdminAction.class.php 第 32 行.
NOTIC: [8] iconv(): Detected an illegal character in input string C:\inetpub\wwwroot\vegbasket\Lib\Action\AdminAction.class.php 第 33 行.
SQL: SHOW COLUMNS FROM `market` [ RunTime:0.014162s ]
SQL: SELECT * FROM `market` WHERE ( `market_name` = 0 ) LIMIT 1   [ RunTime:0.001283s ]
SQL: SHOW COLUMNS FROM `product` [ RunTime:0.009299s ]
SQL: SELECT * FROM `product` WHERE ( `product_name` = 0 ) LIMIT 1   [ RunTime:0.000787s ]
SQL: INSERT INTO `price` (`pdate`,`market_id`,`product_id`,`product_price`,`datasource`,`publisher`) VALUES ('20140328',1,1,12,0,'') [ RunTime:0.000740s ]
INFO: [ view_parse ] --START--
INFO: ParseTemplate Behavior ::run [ RunTime:0.016464s ]
INFO: [ view_parse ] --END-- [ RunTime:0.016585s ]
INFO: [ view_filter ] --START--
INFO: ContentReplace Behavior ::run [ RunTime:0.001863s ]
INFO: TokenBuild Behavior ::run [ RunTime:0.001542s ]
INFO: WriteHtmlCache Behavior ::run [ RunTime:0.001463s ]
INFO: ShowRuntime Behavior ::run [ RunTime:0.001596s ]
INFO: [ view_filter ] --END-- [ RunTime:0.006734s ]
INFO: [ view_end ] --START--
INFO: ShowPageTrace Behavior ::run [ RunTime:0.001856s ]
INFO: [ view_end ] --END-- [ RunTime:0.001946s ]

[ 2014-03-28T10:14:50+08:00 ] 0.0.0.0 /vegbasket/index.php/Admin/index
INFO: [ route_check ] --START--
INFO: CheckRoute Behavior ::run [ RunTime:0.001516s ]
INFO: [ route_check ] --END-- [ RunTime:0.001630s ]
INFO: [ app_begin ] --START--
INFO: ReadHtmlCache Behavior ::run [ RunTime:0.001526s ]
INFO: [ app_begin ] --END-- [ RunTime:0.001643s ]
INFO: [ view_parse ] --START--
INFO: ParseTemplate Behavior ::run [ RunTime:0.015815s ]
INFO: [ view_parse ] --END-- [ RunTime:0.015937s ]
INFO: [ view_filter ] --START--
INFO: ContentReplace Behavior ::run [ RunTime:0.001081s ]
INFO: TokenBuild Behavior ::run [ RunTime:0.001056s ]
INFO: WriteHtmlCache Behavior ::run [ RunTime:0.000916s ]
INFO: ShowRuntime Behavior ::run [ RunTime:0.001112s ]
INFO: [ view_filter ] --END-- [ RunTime:0.004425s ]
INFO: [ view_end ] --START--
INFO: ShowPageTrace Behavior ::run [ RunTime:0.001322s ]
INFO: [ view_end ] --END-- [ RunTime:0.001410s ]

[ 2014-03-28T10:14:50+08:00 ] 0.0.0.0 /vegbasket/index.php/Admin/admin.css
INFO: [ route_check ] --START--
INFO: CheckRoute Behavior ::run [ RunTime:0.001659s ]
INFO: [ route_check ] --END-- [ RunTime:0.001791s ]
INFO: [ app_begin ] --START--
INFO: ReadHtmlCache Behavior ::run [ RunTime:0.008042s ]
INFO: [ app_begin ] --END-- [ RunTime:0.008154s ]
ERR: 非法操作:admin.css

[ 2014-03-28T10:20:12+08:00 ] 0.0.0.0 /vegbasket/index.php/Admin/AddPrice
INFO: [ route_check ] --START--
INFO: CheckRoute Behavior ::run [ RunTime:0.002658s ]
INFO: [ route_check ] --END-- [ RunTime:0.002783s ]
INFO: [ app_begin ] --START--
INFO: ReadHtmlCache Behavior ::run [ RunTime:0.003133s ]
INFO: [ app_begin ] --END-- [ RunTime:0.003240s ]
SQL: SHOW COLUMNS FROM `price` [ RunTime:0.013623s ]
NOTIC: [8] Undefined index: publisher C:\inetpub\wwwroot\vegbasket\Lib\Action\AdminAction.class.php 第 29 行.
SQL: SHOW COLUMNS FROM `market` [ RunTime:0.013698s ]
SQL: SELECT * FROM `market` WHERE ( `market_name` = '' ) LIMIT 1   [ RunTime:0.001300s ]
SQL: SHOW COLUMNS FROM `product` [ RunTime:0.009606s ]
SQL: SELECT * FROM `product` WHERE ( `product_name` = '' ) LIMIT 1   [ RunTime:0.001789s ]
SQL: INSERT INTO `price` (`pdate`,`market_id`,`product_id`,`product_price`,`datasource`,`publisher`) VALUES ('',null,null,0,'','') [ RunTime:0.077086s ]
ERR: 1048:Column 'market_id' cannot be null
 [ SQL语句 ] : INSERT INTO `price` (`pdate`,`market_id`,`product_id`,`product_price`,`datasource`,`publisher`) VALUES ('',null,null,0,'','')
INFO: [ view_parse ] --START--
INFO: ParseTemplate Behavior ::run [ RunTime:0.015813s ]
INFO: [ view_parse ] --END-- [ RunTime:0.015930s ]
INFO: [ view_filter ] --START--
INFO: ContentReplace Behavior ::run [ RunTime:0.001434s ]
INFO: TokenBuild Behavior ::run [ RunTime:0.002032s ]
INFO: WriteHtmlCache Behavior ::run [ RunTime:0.001524s ]
INFO: ShowRuntime Behavior ::run [ RunTime:0.002205s ]
INFO: [ view_filter ] --END-- [ RunTime:0.007500s ]
INFO: [ view_end ] --START--
INFO: ShowPageTrace Behavior ::run [ RunTime:0.002967s ]
INFO: [ view_end ] --END-- [ RunTime:0.003061s ]

[ 2014-03-28T10:27:32+08:00 ] 0.0.0.0 /vegbasket/index.php/Admin/index
INFO: [ route_check ] --START--
INFO: CheckRoute Behavior ::run [ RunTime:0.004161s ]
INFO: [ route_check ] --END-- [ RunTime:0.004678s ]
INFO: [ app_begin ] --START--
INFO: ReadHtmlCache Behavior ::run [ RunTime:0.001593s ]
INFO: [ app_begin ] --END-- [ RunTime:0.001695s ]
INFO: [ view_parse ] --START--
INFO: ParseTemplate Behavior ::run [ RunTime:0.029414s ]
INFO: [ view_parse ] --END-- [ RunTime:0.029537s ]
INFO: [ view_filter ] --START--
INFO: ContentReplace Behavior ::run [ RunTime:0.001464s ]
INFO: TokenBuild Behavior ::run [ RunTime:0.001495s ]
INFO: WriteHtmlCache Behavior ::run [ RunTime:0.001327s ]
INFO: ShowRuntime Behavior ::run [ RunTime:0.001541s ]
INFO: [ view_filter ] --END-- [ RunTime:0.006102s ]
INFO: [ view_end ] --START--
INFO: ShowPageTrace Behavior ::run [ RunTime:0.001740s ]
INFO: [ view_end ] --END-- [ RunTime:0.001832s ]

[ 2014-03-28T10:50:01+08:00 ] 0.0.0.0 /vegbasket/index.php/Admin/index
INFO: [ route_check ] --START--
INFO: CheckRoute Behavior ::run [ RunTime:0.002643s ]
INFO: [ route_check ] --END-- [ RunTime:0.002797s ]
INFO: [ app_begin ] --START--
INFO: ReadHtmlCache Behavior ::run [ RunTime:0.001871s ]
INFO: [ app_begin ] --END-- [ RunTime:0.001988s ]
INFO: [ view_parse ] --START--
INFO: ParseTemplate Behavior ::run [ RunTime:0.031475s ]
INFO: [ view_parse ] --END-- [ RunTime:0.031589s ]
INFO: [ view_filter ] --START--
INFO: ContentReplace Behavior ::run [ RunTime:0.001444s ]
INFO: TokenBuild Behavior ::run [ RunTime:0.001927s ]
INFO: WriteHtmlCache Behavior ::run [ RunTime:0.002206s ]
INFO: ShowRuntime Behavior ::run [ RunTime:0.001961s ]
INFO: [ view_filter ] --END-- [ RunTime:0.007854s ]
INFO: [ view_end ] --START--
INFO: ShowPageTrace Behavior ::run [ RunTime:0.002998s ]
INFO: [ view_end ] --END-- [ RunTime:0.003096s ]

[ 2014-03-28T10:50:09+08:00 ] 0.0.0.0 /vegbasket/index.php/Admin/index
INFO: [ route_check ] --START--
INFO: CheckRoute Behavior ::run [ RunTime:0.001494s ]
INFO: [ route_check ] --END-- [ RunTime:0.001608s ]
INFO: [ app_begin ] --START--
INFO: ReadHtmlCache Behavior ::run [ RunTime:0.001618s ]
INFO: [ app_begin ] --END-- [ RunTime:0.001746s ]
INFO: [ view_parse ] --START--
INFO: ParseTemplate Behavior ::run [ RunTime:0.011898s ]
INFO: [ view_parse ] --END-- [ RunTime:0.012021s ]
INFO: [ view_filter ] --START--
INFO: ContentReplace Behavior ::run [ RunTime:0.001751s ]
INFO: TokenBuild Behavior ::run [ RunTime:0.001819s ]
INFO: WriteHtmlCache Behavior ::run [ RunTime:0.000996s ]
INFO: ShowRuntime Behavior ::run [ RunTime:0.001128s ]
INFO: [ view_filter ] --END-- [ RunTime:0.005988s ]
INFO: [ view_end ] --START--
INFO: ShowPageTrace Behavior ::run [ RunTime:0.001394s ]
INFO: [ view_end ] --END-- [ RunTime:0.001498s ]

[ 2014-03-28T10:50:13+08:00 ] 0.0.0.0 /vegbasket/index.php/Admin/AddPrice
INFO: [ route_check ] --START--
INFO: CheckRoute Behavior ::run [ RunTime:0.002219s ]
INFO: [ route_check ] --END-- [ RunTime:0.002358s ]
INFO: [ app_begin ] --START--
INFO: ReadHtmlCache Behavior ::run [ RunTime:0.001231s ]
INFO: [ app_begin ] --END-- [ RunTime:0.001334s ]
SQL: SHOW COLUMNS FROM `price` [ RunTime:0.008988s ]
NOTIC: [8] Undefined index: publisher C:\inetpub\wwwroot\vegbasket\Lib\Action\AdminAction.class.php 第 29 行.
SQL: SHOW COLUMNS FROM `market` [ RunTime:0.035516s ]
SQL: SELECT * FROM `market` WHERE ( `market_name` = '' ) LIMIT 1   [ RunTime:0.001163s ]
SQL: SHOW COLUMNS FROM `product` [ RunTime:0.009483s ]
SQL: SELECT * FROM `product` WHERE ( `product_name` = '' ) LIMIT 1   [ RunTime:0.001282s ]
SQL: INSERT INTO `price` (`pdate`,`market_id`,`product_id`,`product_price`,`datasource`,`publisher`) VALUES ('',null,null,0,'','') [ RunTime:0.002013s ]
ERR: 1048:Column 'market_id' cannot be null
 [ SQL语句 ] : INSERT INTO `price` (`pdate`,`market_id`,`product_id`,`product_price`,`datasource`,`publisher`) VALUES ('',null,null,0,'','')
INFO: [ view_parse ] --START--
INFO: ParseTemplate Behavior ::run [ RunTime:0.013190s ]
INFO: [ view_parse ] --END-- [ RunTime:0.013325s ]
INFO: [ view_filter ] --START--
INFO: ContentReplace Behavior ::run [ RunTime:0.001539s ]
INFO: TokenBuild Behavior ::run [ RunTime:0.001340s ]
INFO: WriteHtmlCache Behavior ::run [ RunTime:0.001437s ]
INFO: ShowRuntime Behavior ::run [ RunTime:0.001379s ]
INFO: [ view_filter ] --END-- [ RunTime:0.006004s ]
INFO: [ view_end ] --START--
INFO: ShowPageTrace Behavior ::run [ RunTime:0.001411s ]
INFO: [ view_end ] --END-- [ RunTime:0.001511s ]

[ 2014-03-28T10:54:41+08:00 ] 0.0.0.0 /vegbasket/index.php/Admin/index
INFO: [ route_check ] --START--
INFO: CheckRoute Behavior ::run [ RunTime:0.003747s ]
INFO: [ route_check ] --END-- [ RunTime:0.003866s ]
INFO: [ app_begin ] --START--
INFO: ReadHtmlCache Behavior ::run [ RunTime:0.001834s ]
INFO: [ app_begin ] --END-- [ RunTime:0.001977s ]
INFO: [ view_parse ] --START--
INFO: ParseTemplate Behavior ::run [ RunTime:0.016523s ]
INFO: [ view_parse ] --END-- [ RunTime:0.016649s ]
INFO: [ view_filter ] --START--
INFO: ContentReplace Behavior ::run [ RunTime:0.001419s ]
INFO: TokenBuild Behavior ::run [ RunTime:0.001429s ]
INFO: WriteHtmlCache Behavior ::run [ RunTime:0.001401s ]
INFO: ShowRuntime Behavior ::run [ RunTime:0.003770s ]
INFO: [ view_filter ] --END-- [ RunTime:0.008315s ]
INFO: [ view_end ] --START--
INFO: ShowPageTrace Behavior ::run [ RunTime:0.001808s ]
INFO: [ view_end ] --END-- [ RunTime:0.001900s ]

[ 2014-03-28T10:54:45+08:00 ] 0.0.0.0 /vegbasket/index.php/Admin/AddPrice
INFO: [ route_check ] --START--
INFO: CheckRoute Behavior ::run [ RunTime:0.001605s ]
INFO: [ route_check ] --END-- [ RunTime:0.001760s ]
INFO: [ app_begin ] --START--
INFO: ReadHtmlCache Behavior ::run [ RunTime:0.001560s ]
INFO: [ app_begin ] --END-- [ RunTime:0.001665s ]
SQL: SHOW COLUMNS FROM `price` [ RunTime:0.008830s ]
NOTIC: [8] Undefined index: publisher C:\inetpub\wwwroot\vegbasket\Lib\Action\AdminAction.class.php 第 29 行.
SQL: SHOW COLUMNS FROM `market` [ RunTime:0.009052s ]
SQL: SELECT * FROM `market` WHERE ( `market_name` = '' ) LIMIT 1   [ RunTime:0.001027s ]
SQL: SHOW COLUMNS FROM `product` [ RunTime:0.009896s ]
SQL: SELECT * FROM `product` WHERE ( `product_name` = '' ) LIMIT 1   [ RunTime:0.000857s ]
SQL: INSERT INTO `price` (`pdate`,`market_id`,`product_id`,`product_price`,`datasource`,`publisher`) VALUES ('',null,null,0,'','') [ RunTime:0.000648s ]
ERR: 1048:Column 'market_id' cannot be null
 [ SQL语句 ] : INSERT INTO `price` (`pdate`,`market_id`,`product_id`,`product_price`,`datasource`,`publisher`) VALUES ('',null,null,0,'','')
INFO: [ view_parse ] --START--
INFO: ParseTemplate Behavior ::run [ RunTime:0.012470s ]
INFO: [ view_parse ] --END-- [ RunTime:0.012594s ]
INFO: [ view_filter ] --START--
INFO: ContentReplace Behavior ::run [ RunTime:0.002023s ]
INFO: TokenBuild Behavior ::run [ RunTime:0.001506s ]
INFO: WriteHtmlCache Behavior ::run [ RunTime:0.001250s ]
INFO: ShowRuntime Behavior ::run [ RunTime:0.001697s ]
INFO: [ view_filter ] --END-- [ RunTime:0.006780s ]
INFO: [ view_end ] --START--
INFO: ShowPageTrace Behavior ::run [ RunTime:0.001621s ]
INFO: [ view_end ] --END-- [ RunTime:0.001727s ]

[ 2014-03-28T23:39:34+08:00 ] 0.0.0.0 /vegbasket/index.php/Admin/index
INFO: [ route_check ] --START--
INFO: CheckRoute Behavior ::run [ RunTime:0.003346s ]
INFO: [ route_check ] --END-- [ RunTime:0.003884s ]
INFO: [ app_begin ] --START--
INFO: ReadHtmlCache Behavior ::run [ RunTime:0.001761s ]
INFO: [ app_begin ] --END-- [ RunTime:0.001872s ]
INFO: [ view_parse ] --START--
INFO: ParseTemplate Behavior ::run [ RunTime:0.032214s ]
INFO: [ view_parse ] --END-- [ RunTime:0.032330s ]
INFO: [ view_filter ] --START--
INFO: ContentReplace Behavior ::run [ RunTime:0.001690s ]
INFO: TokenBuild Behavior ::run [ RunTime:0.002426s ]
INFO: WriteHtmlCache Behavior ::run [ RunTime:0.001526s ]
INFO: ShowRuntime Behavior ::run [ RunTime:0.001569s ]
INFO: [ view_filter ] --END-- [ RunTime:0.007494s ]
INFO: [ view_end ] --START--
INFO: ShowPageTrace Behavior ::run [ RunTime:0.001798s ]
INFO: [ view_end ] --END-- [ RunTime:0.001899s ]

[ 2014-03-28T23:40:35+08:00 ] 0.0.0.0 /vegbasket/index.php/Admin/index
INFO: [ route_check ] --START--
INFO: CheckRoute Behavior ::run [ RunTime:0.001585s ]
INFO: [ route_check ] --END-- [ RunTime:0.001707s ]
INFO: [ app_begin ] --START--
INFO: ReadHtmlCache Behavior ::run [ RunTime:0.001353s ]
INFO: [ app_begin ] --END-- [ RunTime:0.001487s ]
INFO: [ view_parse ] --START--
INFO: ParseTemplate Behavior ::run [ RunTime:0.012646s ]
INFO: [ view_parse ] --END-- [ RunTime:0.012761s ]
INFO: [ view_filter ] --START--
INFO: ContentReplace Behavior ::run [ RunTime:0.001384s ]
INFO: TokenBuild Behavior ::run [ RunTime:0.001249s ]
INFO: WriteHtmlCache Behavior ::run [ RunTime:0.001912s ]
INFO: ShowRuntime Behavior ::run [ RunTime:0.002557s ]
INFO: [ view_filter ] --END-- [ RunTime:0.007414s ]
INFO: [ view_end ] --START--
INFO: ShowPageTrace Behavior ::run [ RunTime:0.002144s ]
INFO: [ view_end ] --END-- [ RunTime:0.002429s ]

[ 2014-03-28T23:41:22+08:00 ] 0.0.0.0 /vegbasket/index.php/Admin/index
INFO: [ route_check ] --START--
INFO: CheckRoute Behavior ::run [ RunTime:0.001715s ]
INFO: [ route_check ] --END-- [ RunTime:0.001832s ]
INFO: [ app_begin ] --START--
INFO: ReadHtmlCache Behavior ::run [ RunTime:0.001217s ]
INFO: [ app_begin ] --END-- [ RunTime:0.001317s ]
INFO: [ view_parse ] --START--
INFO: ParseTemplate Behavior ::run [ RunTime:0.012578s ]
INFO: [ view_parse ] --END-- [ RunTime:0.012691s ]
INFO: [ view_filter ] --START--
INFO: ContentReplace Behavior ::run [ RunTime:0.001106s ]
INFO: TokenBuild Behavior ::run [ RunTime:0.001079s ]
INFO: WriteHtmlCache Behavior ::run [ RunTime:0.001021s ]
INFO: ShowRuntime Behavior ::run [ RunTime:0.001602s ]
INFO: [ view_filter ] --END-- [ RunTime:0.005773s ]
INFO: [ view_end ] --START--
INFO: ShowPageTrace Behavior ::run [ RunTime:0.002201s ]
INFO: [ view_end ] --END-- [ RunTime:0.002316s ]

[ 2014-03-28T23:42:40+08:00 ] 0.0.0.0 /vegbasket/index.php/Admin/index
INFO: [ route_check ] --START--
INFO: CheckRoute Behavior ::run [ RunTime:0.005799s ]
INFO: [ route_check ] --END-- [ RunTime:0.005971s ]
INFO: [ app_begin ] --START--
INFO: ReadHtmlCache Behavior ::run [ RunTime:0.004585s ]
INFO: [ app_begin ] --END-- [ RunTime:0.005184s ]
INFO: [ view_parse ] --START--
INFO: ParseTemplate Behavior ::run [ RunTime:0.026406s ]
INFO: [ view_parse ] --END-- [ RunTime:0.026530s ]
INFO: [ view_filter ] --START--
INFO: ContentReplace Behavior ::run [ RunTime:0.001485s ]
INFO: TokenBuild Behavior ::run [ RunTime:0.002294s ]
INFO: WriteHtmlCache Behavior ::run [ RunTime:0.001431s ]
INFO: ShowRuntime Behavior ::run [ RunTime:0.003413s ]
INFO: [ view_filter ] --END-- [ RunTime:0.008916s ]
INFO: [ view_end ] --START--
INFO: ShowPageTrace Behavior ::run [ RunTime:0.002238s ]
INFO: [ view_end ] --END-- [ RunTime:0.002330s ]

[ 2014-03-28T23:43:09+08:00 ] 0.0.0.0 /vegbasket/index.php/Admin/index
INFO: [ route_check ] --START--
INFO: CheckRoute Behavior ::run [ RunTime:0.001557s ]
INFO: [ route_check ] --END-- [ RunTime:0.001670s ]
INFO: [ app_begin ] --START--
INFO: ReadHtmlCache Behavior ::run [ RunTime:0.001220s ]
INFO: [ app_begin ] --END-- [ RunTime:0.001319s ]
INFO: [ view_parse ] --START--
INFO: ParseTemplate Behavior ::run [ RunTime:0.013190s ]
INFO: [ view_parse ] --END-- [ RunTime:0.013316s ]
INFO: [ view_filter ] --START--
INFO: ContentReplace Behavior ::run [ RunTime:0.001825s ]
INFO: TokenBuild Behavior ::run [ RunTime:0.001137s ]
INFO: WriteHtmlCache Behavior ::run [ RunTime:0.000973s ]
INFO: ShowRuntime Behavior ::run [ RunTime:0.001724s ]
INFO: [ view_filter ] --END-- [ RunTime:0.027675s ]
INFO: [ view_end ] --START--
INFO: ShowPageTrace Behavior ::run [ RunTime:0.001854s ]
INFO: [ view_end ] --END-- [ RunTime:0.001959s ]

[ 2014-03-28T23:43:12+08:00 ] 0.0.0.0 /vegbasket/index.php/Admin/index
INFO: [ route_check ] --START--
INFO: CheckRoute Behavior ::run [ RunTime:0.002677s ]
INFO: [ route_check ] --END-- [ RunTime:0.002806s ]
INFO: [ app_begin ] --START--
INFO: ReadHtmlCache Behavior ::run [ RunTime:0.001250s ]
INFO: [ app_begin ] --END-- [ RunTime:0.001353s ]
INFO: [ view_parse ] --START--
INFO: ParseTemplate Behavior ::run [ RunTime:0.011927s ]
INFO: [ view_parse ] --END-- [ RunTime:0.012041s ]
INFO: [ view_filter ] --START--
INFO: ContentReplace Behavior ::run [ RunTime:0.001289s ]
INFO: TokenBuild Behavior ::run [ RunTime:0.001390s ]
INFO: WriteHtmlCache Behavior ::run [ RunTime:0.000958s ]
INFO: ShowRuntime Behavior ::run [ RunTime:0.001125s ]
INFO: [ view_filter ] --END-- [ RunTime:0.005029s ]
INFO: [ view_end ] --START--
INFO: ShowPageTrace Behavior ::run [ RunTime:0.001538s ]
INFO: [ view_end ] --END-- [ RunTime:0.001642s ]

[ 2014-03-28T23:43:13+08:00 ] 0.0.0.0 /vegbasket/index.php/Admin/index
INFO: [ route_check ] --START--
INFO: CheckRoute Behavior ::run [ RunTime:0.001580s ]
INFO: [ route_check ] --END-- [ RunTime:0.001699s ]
INFO: [ app_begin ] --START--
INFO: ReadHtmlCache Behavior ::run [ RunTime:0.001291s ]
INFO: [ app_begin ] --END-- [ RunTime:0.001390s ]
INFO: [ view_parse ] --START--
INFO: ParseTemplate Behavior ::run [ RunTime:0.012677s ]
INFO: [ view_parse ] --END-- [ RunTime:0.012801s ]
INFO: [ view_filter ] --START--
INFO: ContentReplace Behavior ::run [ RunTime:0.001133s ]
INFO: TokenBuild Behavior ::run [ RunTime:0.001129s ]
INFO: WriteHtmlCache Behavior ::run [ RunTime:0.001187s ]
INFO: ShowRuntime Behavior ::run [ RunTime:0.001245s ]
INFO: [ view_filter ] --END-- [ RunTime:0.004995s ]
INFO: [ view_end ] --START--
INFO: ShowPageTrace Behavior ::run [ RunTime:0.002036s ]
INFO: [ view_end ] --END-- [ RunTime:0.002137s ]

[ 2014-03-28T23:43:47+08:00 ] 0.0.0.0 /vegbasket/index.php/Admin/index
INFO: [ route_check ] --START--
INFO: CheckRoute Behavior ::run [ RunTime:0.001534s ]
INFO: [ route_check ] --END-- [ RunTime:0.001652s ]
INFO: [ app_begin ] --START--
INFO: ReadHtmlCache Behavior ::run [ RunTime:0.001574s ]
INFO: [ app_begin ] --END-- [ RunTime:0.001683s ]
INFO: [ view_parse ] --START--
INFO: ParseTemplate Behavior ::run [ RunTime:0.011719s ]
INFO: [ view_parse ] --END-- [ RunTime:0.011834s ]
INFO: [ view_filter ] --START--
INFO: ContentReplace Behavior ::run [ RunTime:0.001135s ]
INFO: TokenBuild Behavior ::run [ RunTime:0.001080s ]
INFO: WriteHtmlCache Behavior ::run [ RunTime:0.002486s ]
INFO: ShowRuntime Behavior ::run [ RunTime:0.002262s ]
INFO: [ view_filter ] --END-- [ RunTime:0.007275s ]
INFO: [ view_end ] --START--
INFO: ShowPageTrace Behavior ::run [ RunTime:0.001507s ]
INFO: [ view_end ] --END-- [ RunTime:0.001601s ]

[ 2014-03-28T23:44:32+08:00 ] 0.0.0.0 /vegbasket/index.php/Admin/index
INFO: [ route_check ] --START--
INFO: CheckRoute Behavior ::run [ RunTime:0.002975s ]
INFO: [ route_check ] --END-- [ RunTime:0.003115s ]
INFO: [ app_begin ] --START--
INFO: ReadHtmlCache Behavior ::run [ RunTime:0.001982s ]
INFO: [ app_begin ] --END-- [ RunTime:0.002113s ]
INFO: [ view_parse ] --START--
INFO: ParseTemplate Behavior ::run [ RunTime:0.016165s ]
INFO: [ view_parse ] --END-- [ RunTime:0.016294s ]
INFO: [ view_filter ] --START--
INFO: ContentReplace Behavior ::run [ RunTime:0.001153s ]
INFO: TokenBuild Behavior ::run [ RunTime:0.001727s ]
INFO: WriteHtmlCache Behavior ::run [ RunTime:0.001392s ]
INFO: ShowRuntime Behavior ::run [ RunTime:0.002314s ]
INFO: [ view_filter ] --END-- [ RunTime:0.006890s ]
INFO: [ view_end ] --START--
INFO: ShowPageTrace Behavior ::run [ RunTime:0.002448s ]
INFO: [ view_end ] --END-- [ RunTime:0.002555s ]

[ 2014-03-28T23:45:10+08:00 ] 0.0.0.0 /vegbasket/index.php/Admin/index
INFO: [ route_check ] --START--
INFO: CheckRoute Behavior ::run [ RunTime:0.003761s ]
INFO: [ route_check ] --END-- [ RunTime:0.003883s ]
INFO: [ app_begin ] --START--
INFO: ReadHtmlCache Behavior ::run [ RunTime:0.001729s ]
INFO: [ app_begin ] --END-- [ RunTime:0.001840s ]
INFO: [ view_parse ] --START--
INFO: ParseTemplate Behavior ::run [ RunTime:0.017416s ]
INFO: [ view_parse ] --END-- [ RunTime:0.017558s ]
INFO: [ view_filter ] --START--
INFO: ContentReplace Behavior ::run [ RunTime:0.001465s ]
INFO: TokenBuild Behavior ::run [ RunTime:0.001456s ]
INFO: WriteHtmlCache Behavior ::run [ RunTime:0.001326s ]
INFO: ShowRuntime Behavior ::run [ RunTime:0.002309s ]
INFO: [ view_filter ] --END-- [ RunTime:0.006825s ]
INFO: [ view_end ] --START--
INFO: ShowPageTrace Behavior ::run [ RunTime:0.001767s ]
INFO: [ view_end ] --END-- [ RunTime:0.001861s ]

[ 2014-03-28T23:46:42+08:00 ] 0.0.0.0 /vegbasket/index.php/Admin/index
INFO: [ route_check ] --START--
INFO: CheckRoute Behavior ::run [ RunTime:0.002082s ]
INFO: [ route_check ] --END-- [ RunTime:0.002209s ]
INFO: [ app_begin ] --START--
INFO: ReadHtmlCache Behavior ::run [ RunTime:0.003272s ]
INFO: [ app_begin ] --END-- [ RunTime:0.003379s ]
INFO: [ view_parse ] --START--
INFO: ParseTemplate Behavior ::run [ RunTime:0.013459s ]
INFO: [ view_parse ] --END-- [ RunTime:0.013886s ]
INFO: [ view_filter ] --START--
INFO: ContentReplace Behavior ::run [ RunTime:0.002370s ]
INFO: TokenBuild Behavior ::run [ RunTime:0.001138s ]
INFO: WriteHtmlCache Behavior ::run [ RunTime:0.000974s ]
INFO: ShowRuntime Behavior ::run [ RunTime:0.001418s ]
INFO: [ view_filter ] --END-- [ RunTime:0.006212s ]
INFO: [ view_end ] --START--
INFO: ShowPageTrace Behavior ::run [ RunTime:0.001418s ]
INFO: [ view_end ] --END-- [ RunTime:0.001508s ]

[ 2014-03-28T23:52:12+08:00 ] 0.0.0.0 /vegbasket/index.php/Admin/index
INFO: [ route_check ] --START--
INFO: CheckRoute Behavior ::run [ RunTime:0.002938s ]
INFO: [ route_check ] --END-- [ RunTime:0.003092s ]
INFO: [ app_begin ] --START--
INFO: ReadHtmlCache Behavior ::run [ RunTime:0.004687s ]
INFO: [ app_begin ] --END-- [ RunTime:0.004861s ]
INFO: [ view_parse ] --START--
INFO: ParseTemplate Behavior ::run [ RunTime:0.064447s ]
INFO: [ view_parse ] --END-- [ RunTime:0.064594s ]
INFO: [ view_filter ] --START--
INFO: ContentReplace Behavior ::run [ RunTime:0.004595s ]
INFO: TokenBuild Behavior ::run [ RunTime:0.002584s ]
INFO: WriteHtmlCache Behavior ::run [ RunTime:0.001470s ]
INFO: ShowRuntime Behavior ::run [ RunTime:0.001591s ]
INFO: [ view_filter ] --END-- [ RunTime:0.010545s ]
INFO: [ view_end ] --START--
INFO: ShowPageTrace Behavior ::run [ RunTime:0.003327s ]
INFO: [ view_end ] --END-- [ RunTime:0.003881s ]

[ 2014-03-28T23:59:15+08:00 ] 0.0.0.0 /vegbasket/index.php/Admin/index
INFO: [ route_check ] --START--
INFO: CheckRoute Behavior ::run [ RunTime:0.003728s ]
INFO: [ route_check ] --END-- [ RunTime:0.003847s ]
INFO: [ app_begin ] --START--
INFO: ReadHtmlCache Behavior ::run [ RunTime:0.002131s ]
INFO: [ app_begin ] --END-- [ RunTime:0.002251s ]
INFO: [ view_parse ] --START--
INFO: ParseTemplate Behavior ::run [ RunTime:0.015946s ]
INFO: [ view_parse ] --END-- [ RunTime:0.016095s ]
INFO: [ view_filter ] --START--
INFO: ContentReplace Behavior ::run [ RunTime:0.001448s ]
INFO: TokenBuild Behavior ::run [ RunTime:0.001607s ]
INFO: WriteHtmlCache Behavior ::run [ RunTime:0.001336s ]
INFO: ShowRuntime Behavior ::run [ RunTime:0.001542s ]
INFO: [ view_filter ] --END-- [ RunTime:0.006194s ]
INFO: [ view_end ] --START--
INFO: ShowPageTrace Behavior ::run [ RunTime:0.001792s ]
INFO: [ view_end ] --END-- [ RunTime:0.001882s ]

