[ 2014-05-18T16:38:53+08:00 ] 0.0.0.0 /vegbasket/
INFO: [ app_begin ] --START--
INFO: ReadHtmlCache Behavior ::run [ RunTime:0.050087s ]
INFO: [ app_begin ] --END-- [ RunTime:0.155805s ]
SQL: SHOW COLUMNS FROM `priceinfo` [ RunTime:1.366402s ]
SQL: SHOW COLUMNS FROM `city` [ RunTime:0.007778s ]
SQL: SHOW COLUMNS FROM `category` [ RunTime:0.009203s ]
NOTIC: [8] Undefined index: date C:\inetpub\wwwroot\vegbasket\home\Lib\Action\IndexAction.class.php 第 12 行.
NOTIC: [8] Undefined index: category C:\inetpub\wwwroot\vegbasket\home\Lib\Action\IndexAction.class.php 第 13 行.
NOTIC: [8] Undefined index: city C:\inetpub\wwwroot\vegbasket\home\Lib\Action\IndexAction.class.php 第 15 行.
NOTIC: [8] Undefined index: keyword C:\inetpub\wwwroot\vegbasket\home\Lib\Action\IndexAction.class.php 第 16 行.
SQL: SELECT * FROM `city` WHERE ( `city_name` <> '广州' )  [ RunTime:0.000906s ]
SQL: SELECT * FROM `category` WHERE ( `category_name` <> '蔬菜' )  [ RunTime:0.000790s ]
SQL: SHOW COLUMNS FROM `news` [ RunTime:0.073849s ]
SQL: SELECT * FROM `news` ORDER BY public_date desc LIMIT 5   [ RunTime:0.069377s ]
SQL: SHOW COLUMNS FROM `product` [ RunTime:0.013874s ]
SQL: SELECT * FROM `product` ORDER BY search_count desc LIMIT 4   [ RunTime:0.024857s ]
SQL: SELECT COUNT(*) AS tp_count FROM `priceinfo` WHERE ( `pdate` = '2014-05-18' ) AND ( `category_name` = '蔬菜' ) AND ( `city_name` = '广州' ) LIMIT 1   [ RunTime:0.170829s ]
SQL: SELECT * FROM `priceinfo` WHERE ( `pdate` = '2014-05-18' ) AND ( `category_name` = '蔬菜' ) AND ( `city_name` = '广州' )  [ RunTime:0.026061s ]
NOTIC: [8] Undefined variable: url C:\inetpub\wwwroot\vegbasket\home\Lib\Action\IndexAction.class.php 第 131 行.
NOTIC: [8] Undefined variable: scroll C:\inetpub\wwwroot\vegbasket\home\Lib\ORG\Page.class.php 第 51 行.
NOTIC: [2] array_slice() expects parameter 1 to be array, null given C:\inetpub\wwwroot\vegbasket\home\Lib\Action\IndexAction.class.php 第 139 行.
NOTIC: [2] Invalid argument supplied for foreach() C:\inetpub\wwwroot\vegbasket\home\Lib\Action\IndexAction.class.php 第 143 行.
INFO: [ view_parse ] --START--
NOTIC: [8] Undefined variable: parameter C:\inetpub\wwwroot\vegbasket\home\Runtime\Cache\d046431aa157c89f3a1c30c426be003b.php 第 121 行.
NOTIC: [8] Undefined variable: parameter2 C:\inetpub\wwwroot\vegbasket\home\Runtime\Cache\d046431aa157c89f3a1c30c426be003b.php 第 122 行.
NOTIC: [8] Undefined variable: parameter3 C:\inetpub\wwwroot\vegbasket\home\Runtime\Cache\d046431aa157c89f3a1c30c426be003b.php 第 123 行.
INFO: ParseTemplate Behavior ::run [ RunTime:0.313578s ]
INFO: [ view_parse ] --END-- [ RunTime:0.313721s ]
INFO: [ view_filter ] --START--
INFO: ContentReplace Behavior ::run [ RunTime:0.011751s ]
INFO: TokenBuild Behavior ::run [ RunTime:0.002136s ]
INFO: WriteHtmlCache Behavior ::run [ RunTime:0.016658s ]
INFO: ShowRuntime Behavior ::run [ RunTime:0.001982s ]
INFO: [ view_filter ] --END-- [ RunTime:0.032804s ]
INFO: [ view_end ] --START--
INFO: ShowPageTrace Behavior ::run [ RunTime:0.002121s ]
INFO: [ view_end ] --END-- [ RunTime:0.002210s ]

