[ 2014-04-27T23:59:39+08:00 ] 0.0.0.0 /vegbasket/
INFO: [ app_begin ] --START--
INFO: ReadHtmlCache Behavior ::run [ RunTime:0.003316s ]
INFO: [ app_begin ] --END-- [ RunTime:0.003472s ]
SQL: SHOW COLUMNS FROM `priceinfo` [ RunTime:2.569253s ]
SQL: SHOW COLUMNS FROM `city` [ RunTime:0.126053s ]
SQL: SHOW COLUMNS FROM `category` [ RunTime:0.010350s ]
NOTIC: [8] Undefined index: date C:\inetpub\wwwroot\vegbasket\home\Lib\Action\IndexAction.class.php 第 12 行.
NOTIC: [8] Undefined index: category C:\inetpub\wwwroot\vegbasket\home\Lib\Action\IndexAction.class.php 第 13 行.
NOTIC: [8] Undefined index: city C:\inetpub\wwwroot\vegbasket\home\Lib\Action\IndexAction.class.php 第 15 行.
NOTIC: [8] Undefined index: keyword C:\inetpub\wwwroot\vegbasket\home\Lib\Action\IndexAction.class.php 第 16 行.
SQL: SELECT * FROM `city` WHERE ( `city_name` <> '广州' )  [ RunTime:0.001816s ]
SQL: SELECT * FROM `category` WHERE ( `category_name` <> '蔬菜' )  [ RunTime:0.001692s ]
SQL: SHOW COLUMNS FROM `news` [ RunTime:0.092685s ]
SQL: SELECT * FROM `news` ORDER BY public_date desc LIMIT 5   [ RunTime:0.070702s ]
SQL: SHOW COLUMNS FROM `product` [ RunTime:0.015565s ]
SQL: SELECT * FROM `product` ORDER BY search_count desc LIMIT 4   [ RunTime:0.032467s ]
SQL: SELECT COUNT(*) AS tp_count FROM `priceinfo` WHERE ( `pdate` = '2014-04-27' ) AND ( `category_name` = '蔬菜' ) AND ( `city_name` = '广州' ) LIMIT 1   [ RunTime:0.147012s ]
SQL: SELECT * FROM `priceinfo` WHERE ( `pdate` = '2014-04-27' ) AND ( `category_name` = '蔬菜' ) AND ( `city_name` = '广州' )  [ RunTime:0.027622s ]
NOTIC: [8] Undefined variable: url C:\inetpub\wwwroot\vegbasket\home\Lib\Action\IndexAction.class.php 第 131 行.
NOTIC: [8] Undefined variable: scroll C:\inetpub\wwwroot\vegbasket\home\Lib\ORG\Page.class.php 第 51 行.
NOTIC: [2] array_slice() expects parameter 1 to be array, null given C:\inetpub\wwwroot\vegbasket\home\Lib\Action\IndexAction.class.php 第 139 行.
NOTIC: [2] Invalid argument supplied for foreach() C:\inetpub\wwwroot\vegbasket\home\Lib\Action\IndexAction.class.php 第 143 行.
INFO: [ view_parse ] --START--
NOTIC: [8] Undefined variable: parameter C:\inetpub\wwwroot\vegbasket\home\Runtime\Cache\d046431aa157c89f3a1c30c426be003b.php 第 121 行.
NOTIC: [8] Undefined variable: parameter2 C:\inetpub\wwwroot\vegbasket\home\Runtime\Cache\d046431aa157c89f3a1c30c426be003b.php 第 122 行.
NOTIC: [8] Undefined variable: parameter3 C:\inetpub\wwwroot\vegbasket\home\Runtime\Cache\d046431aa157c89f3a1c30c426be003b.php 第 123 行.
INFO: ParseTemplate Behavior ::run [ RunTime:0.110528s ]
INFO: [ view_parse ] --END-- [ RunTime:0.110673s ]
INFO: [ view_filter ] --START--
INFO: ContentReplace Behavior ::run [ RunTime:0.001671s ]
INFO: TokenBuild Behavior ::run [ RunTime:0.001623s ]
INFO: WriteHtmlCache Behavior ::run [ RunTime:0.001590s ]
INFO: ShowRuntime Behavior ::run [ RunTime:0.001865s ]
INFO: [ view_filter ] --END-- [ RunTime:0.007106s ]
INFO: [ view_end ] --START--
INFO: ShowPageTrace Behavior ::run [ RunTime:0.002120s ]
INFO: [ view_end ] --END-- [ RunTime:0.002224s ]

[ 2014-04-27T23:59:39+08:00 ] 0.0.0.0 /vegbasket/
INFO: [ app_begin ] --START--
INFO: ReadHtmlCache Behavior ::run [ RunTime:0.002507s ]
INFO: [ app_begin ] --END-- [ RunTime:0.002948s ]
SQL: SHOW COLUMNS FROM `priceinfo` [ RunTime:2.569256s ]
SQL: SHOW COLUMNS FROM `city` [ RunTime:0.019583s ]
SQL: SHOW COLUMNS FROM `category` [ RunTime:0.008120s ]
NOTIC: [8] Undefined index: date C:\inetpub\wwwroot\vegbasket\home\Lib\Action\IndexAction.class.php 第 12 行.
NOTIC: [8] Undefined index: category C:\inetpub\wwwroot\vegbasket\home\Lib\Action\IndexAction.class.php 第 13 行.
NOTIC: [8] Undefined index: city C:\inetpub\wwwroot\vegbasket\home\Lib\Action\IndexAction.class.php 第 15 行.
NOTIC: [8] Undefined index: keyword C:\inetpub\wwwroot\vegbasket\home\Lib\Action\IndexAction.class.php 第 16 行.
SQL: SELECT * FROM `city` WHERE ( `city_name` <> '广州' )  [ RunTime:0.014267s ]
SQL: SELECT * FROM `category` WHERE ( `category_name` <> '蔬菜' )  [ RunTime:0.002633s ]
SQL: SHOW COLUMNS FROM `news` [ RunTime:0.085512s ]
SQL: SELECT * FROM `news` ORDER BY public_date desc LIMIT 5   [ RunTime:0.069409s ]
SQL: SHOW COLUMNS FROM `product` [ RunTime:0.015545s ]
SQL: SELECT * FROM `product` ORDER BY search_count desc LIMIT 4   [ RunTime:0.032548s ]
SQL: SELECT COUNT(*) AS tp_count FROM `priceinfo` WHERE ( `pdate` = '2014-04-27' ) AND ( `category_name` = '蔬菜' ) AND ( `city_name` = '广州' ) LIMIT 1   [ RunTime:0.141452s ]
SQL: SELECT * FROM `priceinfo` WHERE ( `pdate` = '2014-04-27' ) AND ( `category_name` = '蔬菜' ) AND ( `city_name` = '广州' )  [ RunTime:0.029068s ]
NOTIC: [8] Undefined variable: url C:\inetpub\wwwroot\vegbasket\home\Lib\Action\IndexAction.class.php 第 131 行.
NOTIC: [8] Undefined variable: scroll C:\inetpub\wwwroot\vegbasket\home\Lib\ORG\Page.class.php 第 51 行.
NOTIC: [2] array_slice() expects parameter 1 to be array, null given C:\inetpub\wwwroot\vegbasket\home\Lib\Action\IndexAction.class.php 第 139 行.
NOTIC: [2] Invalid argument supplied for foreach() C:\inetpub\wwwroot\vegbasket\home\Lib\Action\IndexAction.class.php 第 143 行.
INFO: [ view_parse ] --START--
NOTIC: [8] Undefined variable: parameter C:\inetpub\wwwroot\vegbasket\home\Runtime\Cache\d046431aa157c89f3a1c30c426be003b.php 第 121 行.
NOTIC: [8] Undefined variable: parameter2 C:\inetpub\wwwroot\vegbasket\home\Runtime\Cache\d046431aa157c89f3a1c30c426be003b.php 第 122 行.
NOTIC: [8] Undefined variable: parameter3 C:\inetpub\wwwroot\vegbasket\home\Runtime\Cache\d046431aa157c89f3a1c30c426be003b.php 第 123 行.
INFO: ParseTemplate Behavior ::run [ RunTime:0.112109s ]
INFO: [ view_parse ] --END-- [ RunTime:0.112254s ]
INFO: [ view_filter ] --START--
INFO: ContentReplace Behavior ::run [ RunTime:0.001736s ]
INFO: TokenBuild Behavior ::run [ RunTime:0.001599s ]
INFO: WriteHtmlCache Behavior ::run [ RunTime:0.001779s ]
INFO: ShowRuntime Behavior ::run [ RunTime:0.002201s ]
INFO: [ view_filter ] --END-- [ RunTime:0.007661s ]
INFO: [ view_end ] --START--
INFO: ShowPageTrace Behavior ::run [ RunTime:0.001918s ]
INFO: [ view_end ] --END-- [ RunTime:0.002036s ]

